{"C:\\Users\\ASUS\\Desktop\\New folder (2)\\toystore\\frontend\\src\\components\\public\\Header.css": {"path":"C:\\Users\\ASUS\\Desktop\\New folder (2)\\toystore\\frontend\\src\\components\\public\\Header.css","statementMap":{},"fnMap":{},"branchMap":{},"s":{},"f":{},"b":{},"meta":{"lastBranch":0,"lastFunction":0,"lastStatement":0,"seen":{}}}
,"C:\\Users\\ASUS\\Desktop\\New folder (2)\\toystore\\frontend\\src\\components\\public\\Header.jsx": {"path":"C:\\Users\\ASUS\\Desktop\\New folder (2)\\toystore\\frontend\\src\\components\\public\\Header.jsx","statementMap":{"0":{"start":{"line":13,"column":15},"end":{"line":289,"column":null}},"1":{"start":{"line":14,"column":34},"end":{"line":14,"column":null}},"2":{"start":{"line":15,"column":22},"end":{"line":15,"column":null}},"3":{"start":{"line":16,"column":19},"end":{"line":16,"column":null}},"4":{"start":{"line":17,"column":22},"end":{"line":17,"column":null}},"5":{"start":{"line":18,"column":10},"end":{"line":18,"column":null}},"6":{"start":{"line":20,"column":38},"end":{"line":20,"column":null}},"7":{"start":{"line":21,"column":50},"end":{"line":21,"column":null}},"8":{"start":{"line":22,"column":36},"end":{"line":22,"column":null}},"9":{"start":{"line":23,"column":42},"end":{"line":23,"column":null}},"10":{"start":{"line":24,"column":38},"end":{"line":24,"column":null}},"11":{"start":{"line":25,"column":38},"end":{"line":25,"column":null}},"12":{"start":{"line":26,"column":42},"end":{"line":26,"column":null}},"13":{"start":{"line":27,"column":52},"end":{"line":27,"column":null}},"14":{"start":{"line":29,"column":4},"end":{"line":33,"column":null}},"15":{"start":{"line":30,"column":8},"end":{"line":32,"column":null}},"16":{"start":{"line":31,"column":25},"end":{"line":31,"column":72}},"17":{"start":{"line":32,"column":26},"end":{"line":32,"column":72}},"18":{"start":{"line":36,"column":4},"end":{"line":57,"column":null}},"19":{"start":{"line":37,"column":8},"end":{"line":41,"column":null}},"20":{"start":{"line":38,"column":12},"end":{"line":38,"column":null}},"21":{"start":{"line":39,"column":12},"end":{"line":39,"column":null}},"22":{"start":{"line":40,"column":12},"end":{"line":40,"column":null}},"23":{"start":{"line":43,"column":22},"end":{"line":54,"column":null}},"24":{"start":{"line":44,"column":12},"end":{"line":44,"column":null}},"25":{"start":{"line":45,"column":12},"end":{"line":53,"column":null}},"26":{"start":{"line":46,"column":28},"end":{"line":46,"column":null}},"27":{"start":{"line":47,"column":16},"end":{"line":47,"column":null}},"28":{"start":{"line":48,"column":16},"end":{"line":48,"column":null}},"29":{"start":{"line":50,"column":16},"end":{"line":50,"column":null}},"30":{"start":{"line":52,"column":16},"end":{"line":52,"column":null}},"31":{"start":{"line":56,"column":8},"end":{"line":56,"column":null}},"32":{"start":{"line":56,"column":21},"end":{"line":56,"column":null}},"33":{"start":{"line":60,"column":4},"end":{"line":99,"column":null}},"34":{"start":{"line":61,"column":8},"end":{"line":61,"column":null}},"35":{"start":{"line":61,"column":21},"end":{"line":61,"column":null}},"36":{"start":{"line":63,"column":38},"end":{"line":76,"column":null}},"37":{"start":{"line":64,"column":12},"end":{"line":64,"column":null}},"38":{"start":{"line":65,"column":12},"end":{"line":72,"column":null}},"39":{"start":{"line":65,"column":37},"end":{"line":72,"column":23}},"40":{"start":{"line":75,"column":12},"end":{"line":75,"column":null}},"41":{"start":{"line":78,"column":8},"end":{"line":85,"column":null}},"42":{"start":{"line":80,"column":12},"end":{"line":84,"column":null}},"43":{"start":{"line":87,"column":8},"end":{"line":93,"column":null}},"44":{"start":{"line":88,"column":12},"end":{"line":92,"column":null}},"45":{"start":{"line":95,"column":8},"end":{"line":98,"column":null}},"46":{"start":{"line":96,"column":12},"end":{"line":96,"column":null}},"47":{"start":{"line":97,"column":12},"end":{"line":97,"column":null}},"48":{"start":{"line":102,"column":4},"end":{"line":113,"column":null}},"49":{"start":{"line":103,"column":35},"end":{"line":110,"column":null}},"50":{"start":{"line":104,"column":12},"end":{"line":106,"column":null}},"51":{"start":{"line":105,"column":16},"end":{"line":105,"column":null}},"52":{"start":{"line":107,"column":12},"end":{"line":109,"column":null}},"53":{"start":{"line":108,"column":16},"end":{"line":108,"column":null}},"54":{"start":{"line":111,"column":8},"end":{"line":111,"column":null}},"55":{"start":{"line":112,"column":8},"end":{"line":112,"column":null}},"56":{"start":{"line":112,"column":21},"end":{"line":112,"column":null}},"57":{"start":{"line":115,"column":25},"end":{"line":118,"column":null}},"58":{"start":{"line":116,"column":8},"end":{"line":116,"column":null}},"59":{"start":{"line":117,"column":8},"end":{"line":117,"column":null}},"60":{"start":{"line":120,"column":25},"end":{"line":127,"column":null}},"61":{"start":{"line":121,"column":8},"end":{"line":126,"column":null}},"62":{"start":{"line":122,"column":12},"end":{"line":125,"column":null}},"63":{"start":{"line":123,"column":16},"end":{"line":123,"column":null}},"64":{"start":{"line":124,"column":16},"end":{"line":124,"column":null}},"65":{"start":{"line":129,"column":30},"end":{"line":133,"column":null}},"66":{"start":{"line":130,"column":8},"end":{"line":130,"column":null}},"67":{"start":{"line":131,"column":8},"end":{"line":131,"column":null}},"68":{"start":{"line":132,"column":8},"end":{"line":132,"column":null}},"69":{"start":{"line":135,"column":4},"end":{"line":287,"column":null}},"70":{"start":{"line":151,"column":53},"end":{"line":151,"column":null}},"71":{"start":{"line":153,"column":51},"end":{"line":153,"column":null}},"72":{"start":{"line":162,"column":69},"end":{"line":162,"column":null}},"73":{"start":{"line":163,"column":67},"end":{"line":163,"column":null}},"74":{"start":{"line":164,"column":52},"end":{"line":178,"column":null}},"75":{"start":{"line":168,"column":75},"end":{"line":168,"column":null}},"76":{"start":{"line":201,"column":70},"end":{"line":201,"column":114}},"77":{"start":{"line":203,"column":59},"end":{"line":203,"column":66}},"78":{"start":{"line":205,"column":67},"end":{"line":205,"column":74}},"79":{"start":{"line":215,"column":67},"end":{"line":215,"column":89}},"80":{"start":{"line":221,"column":48},"end":{"line":235,"column":null}},"81":{"start":{"line":225,"column":56},"end":{"line":225,"column":null}},"82":{"start":{"line":226,"column":56},"end":{"line":226,"column":null}},"83":{"start":{"line":227,"column":56},"end":{"line":229,"column":null}},"84":{"start":{"line":227,"column":81},"end":{"line":229,"column":57}},"85":{"start":{"line":228,"column":60},"end":{"line":228,"column":null}},"86":{"start":{"line":270,"column":44},"end":{"line":270,"column":null}},"87":{"start":{"line":271,"column":44},"end":{"line":271,"column":null}},"88":{"start":{"line":276,"column":36},"end":{"line":278,"column":null}}},"fnMap":{"0":{"name":"(anonymous_0)","decl":{"start":{"line":13,"column":15},"end":{"line":13,"column":21}},"loc":{"start":{"line":13,"column":21},"end":{"line":289,"column":null}},"line":13},"1":{"name":"(anonymous_1)","decl":{"start":{"line":29,"column":14},"end":{"line":29,"column":20}},"loc":{"start":{"line":29,"column":20},"end":{"line":33,"column":7}},"line":29},"2":{"name":"(anonymous_2)","decl":{"start":{"line":31,"column":18},"end":{"line":31,"column":25}},"loc":{"start":{"line":31,"column":25},"end":{"line":31,"column":72}},"line":31},"3":{"name":"(anonymous_3)","decl":{"start":{"line":32,"column":19},"end":{"line":32,"column":26}},"loc":{"start":{"line":32,"column":26},"end":{"line":32,"column":72}},"line":32},"4":{"name":"(anonymous_4)","decl":{"start":{"line":36,"column":14},"end":{"line":36,"column":20}},"loc":{"start":{"line":36,"column":20},"end":{"line":57,"column":7}},"line":36},"5":{"name":"(anonymous_5)","decl":{"start":{"line":43,"column":33},"end":{"line":43,"column":45}},"loc":{"start":{"line":43,"column":45},"end":{"line":54,"column":11}},"line":43},"6":{"name":"(anonymous_6)","decl":{"start":{"line":56,"column":15},"end":{"line":56,"column":21}},"loc":{"start":{"line":56,"column":21},"end":{"line":56,"column":null}},"line":56},"7":{"name":"(anonymous_7)","decl":{"start":{"line":60,"column":14},"end":{"line":60,"column":20}},"loc":{"start":{"line":60,"column":20},"end":{"line":99,"column":7}},"line":60},"8":{"name":"(anonymous_8)","decl":{"start":{"line":63,"column":38},"end":{"line":63,"column":39}},"loc":{"start":{"line":63,"column":48},"end":{"line":76,"column":null}},"line":63},"9":{"name":"(anonymous_9)","decl":{"start":{"line":65,"column":29},"end":{"line":65,"column":37}},"loc":{"start":{"line":65,"column":37},"end":{"line":72,"column":23}},"line":65},"10":{"name":"(anonymous_10)","decl":{"start":{"line":78,"column":35},"end":{"line":78,"column":36}},"loc":{"start":{"line":78,"column":45},"end":{"line":85,"column":9}},"line":78},"11":{"name":"(anonymous_11)","decl":{"start":{"line":87,"column":34},"end":{"line":87,"column":35}},"loc":{"start":{"line":87,"column":44},"end":{"line":93,"column":9}},"line":87},"12":{"name":"(anonymous_12)","decl":{"start":{"line":95,"column":15},"end":{"line":95,"column":21}},"loc":{"start":{"line":95,"column":21},"end":{"line":98,"column":null}},"line":95},"13":{"name":"(anonymous_13)","decl":{"start":{"line":102,"column":14},"end":{"line":102,"column":20}},"loc":{"start":{"line":102,"column":20},"end":{"line":113,"column":7}},"line":102},"14":{"name":"(anonymous_14)","decl":{"start":{"line":103,"column":35},"end":{"line":103,"column":36}},"loc":{"start":{"line":103,"column":42},"end":{"line":110,"column":null}},"line":103},"15":{"name":"(anonymous_15)","decl":{"start":{"line":112,"column":15},"end":{"line":112,"column":21}},"loc":{"start":{"line":112,"column":21},"end":{"line":112,"column":null}},"line":112},"16":{"name":"(anonymous_16)","decl":{"start":{"line":115,"column":25},"end":{"line":115,"column":31}},"loc":{"start":{"line":115,"column":31},"end":{"line":118,"column":null}},"line":115},"17":{"name":"(anonymous_17)","decl":{"start":{"line":120,"column":25},"end":{"line":120,"column":26}},"loc":{"start":{"line":120,"column":32},"end":{"line":127,"column":null}},"line":120},"18":{"name":"(anonymous_18)","decl":{"start":{"line":129,"column":30},"end":{"line":129,"column":31}},"loc":{"start":{"line":129,"column":45},"end":{"line":133,"column":null}},"line":129},"19":{"name":"(anonymous_19)","decl":{"start":{"line":151,"column":46},"end":{"line":151,"column":47}},"loc":{"start":{"line":151,"column":53},"end":{"line":151,"column":null}},"line":151},"20":{"name":"(anonymous_20)","decl":{"start":{"line":153,"column":45},"end":{"line":153,"column":51}},"loc":{"start":{"line":153,"column":51},"end":{"line":153,"column":null}},"line":153},"21":{"name":"(anonymous_21)","decl":{"start":{"line":161,"column":67},"end":{"line":161,"column":78}},"loc":{"start":{"line":161,"column":78},"end":{"line":180,"column":49}},"line":161},"22":{"name":"(anonymous_22)","decl":{"start":{"line":168,"column":69},"end":{"line":168,"column":75}},"loc":{"start":{"line":168,"column":75},"end":{"line":168,"column":null}},"line":168},"23":{"name":"(anonymous_23)","decl":{"start":{"line":201,"column":64},"end":{"line":201,"column":70}},"loc":{"start":{"line":201,"column":70},"end":{"line":201,"column":114}},"line":201},"24":{"name":"(anonymous_24)","decl":{"start":{"line":203,"column":54},"end":{"line":203,"column":59}},"loc":{"start":{"line":203,"column":59},"end":{"line":203,"column":66}},"line":203},"25":{"name":"(anonymous_25)","decl":{"start":{"line":205,"column":62},"end":{"line":205,"column":67}},"loc":{"start":{"line":205,"column":67},"end":{"line":205,"column":74}},"line":205},"26":{"name":"(anonymous_26)","decl":{"start":{"line":215,"column":61},"end":{"line":215,"column":67}},"loc":{"start":{"line":215,"column":67},"end":{"line":215,"column":89}},"line":215},"27":{"name":"(anonymous_27)","decl":{"start":{"line":220,"column":62},"end":{"line":220,"column":null}},"loc":{"start":{"line":221,"column":48},"end":{"line":235,"column":null}},"line":221},"28":{"name":"(anonymous_28)","decl":{"start":{"line":224,"column":61},"end":{"line":224,"column":67}},"loc":{"start":{"line":224,"column":67},"end":{"line":230,"column":null}},"line":224},"29":{"name":"(anonymous_29)","decl":{"start":{"line":227,"column":73},"end":{"line":227,"column":81}},"loc":{"start":{"line":227,"column":81},"end":{"line":229,"column":57}},"line":227},"30":{"name":"(anonymous_30)","decl":{"start":{"line":227,"column":90},"end":{"line":227,"column":null}},"loc":{"start":{"line":228,"column":60},"end":{"line":228,"column":null}},"line":228},"31":{"name":"(anonymous_31)","decl":{"start":{"line":270,"column":38},"end":{"line":270,"column":44}},"loc":{"start":{"line":270,"column":44},"end":{"line":270,"column":null}},"line":270},"32":{"name":"(anonymous_32)","decl":{"start":{"line":271,"column":38},"end":{"line":271,"column":44}},"loc":{"start":{"line":271,"column":44},"end":{"line":271,"column":null}},"line":271},"33":{"name":"(anonymous_33)","decl":{"start":{"line":275,"column":49},"end":{"line":275,"column":null}},"loc":{"start":{"line":276,"column":36},"end":{"line":278,"column":null}},"line":276}},"branchMap":{"0":{"loc":{"start":{"line":31,"column":40},"end":{"line":31,"column":71}},"type":"binary-expr","locations":[{"start":{"line":31,"column":40},"end":{"line":31,"column":69}},{"start":{"line":31,"column":69},"end":{"line":31,"column":71}}],"line":31},"1":{"loc":{"start":{"line":37,"column":8},"end":{"line":41,"column":null}},"type":"if","locations":[{"start":{"line":37,"column":8},"end":{"line":41,"column":null}},{"start":{},"end":{}}],"line":37},"2":{"loc":{"start":{"line":47,"column":33},"end":{"line":47,"column":61}},"type":"binary-expr","locations":[{"start":{"line":47,"column":33},"end":{"line":47,"column":59}},{"start":{"line":47,"column":59},"end":{"line":47,"column":61}}],"line":47},"3":{"loc":{"start":{"line":61,"column":8},"end":{"line":61,"column":null}},"type":"if","locations":[{"start":{"line":61,"column":8},"end":{"line":61,"column":null}},{"start":{},"end":{}}],"line":61},"4":{"loc":{"start":{"line":67,"column":23},"end":{"line":67,"column":null}},"type":"binary-expr","locations":[{"start":{"line":67,"column":23},"end":{"line":67,"column":37}},{"start":{"line":67,"column":37},"end":{"line":67,"column":null}}],"line":67},"5":{"loc":{"start":{"line":68,"column":22},"end":{"line":68,"column":null}},"type":"binary-expr","locations":[{"start":{"line":68,"column":22},"end":{"line":68,"column":38}},{"start":{"line":68,"column":38},"end":{"line":68,"column":51}},{"start":{"line":68,"column":51},"end":{"line":68,"column":null}}],"line":68},"6":{"loc":{"start":{"line":69,"column":21},"end":{"line":69,"column":null}},"type":"binary-expr","locations":[{"start":{"line":69,"column":21},"end":{"line":69,"column":33}},{"start":{"line":69,"column":33},"end":{"line":69,"column":null}}],"line":69},"7":{"loc":{"start":{"line":75,"column":22},"end":{"line":75,"column":76}},"type":"binary-expr","locations":[{"start":{"line":75,"column":22},"end":{"line":75,"column":38}},{"start":{"line":75,"column":38},"end":{"line":75,"column":51}},{"start":{"line":75,"column":51},"end":{"line":75,"column":76}}],"line":75},"8":{"loc":{"start":{"line":104,"column":12},"end":{"line":106,"column":null}},"type":"if","locations":[{"start":{"line":104,"column":12},"end":{"line":106,"column":null}},{"start":{},"end":{}}],"line":104},"9":{"loc":{"start":{"line":107,"column":12},"end":{"line":109,"column":null}},"type":"if","locations":[{"start":{"line":107,"column":12},"end":{"line":109,"column":null}},{"start":{},"end":{}}],"line":107},"10":{"loc":{"start":{"line":121,"column":8},"end":{"line":126,"column":null}},"type":"if","locations":[{"start":{"line":121,"column":8},"end":{"line":126,"column":null}},{"start":{},"end":{}}],"line":121},"11":{"loc":{"start":{"line":121,"column":12},"end":{"line":121,"column":53}},"type":"binary-expr","locations":[{"start":{"line":121,"column":12},"end":{"line":121,"column":33}},{"start":{"line":121,"column":33},"end":{"line":121,"column":53}}],"line":121},"12":{"loc":{"start":{"line":122,"column":12},"end":{"line":125,"column":null}},"type":"if","locations":[{"start":{"line":122,"column":12},"end":{"line":125,"column":null}},{"start":{},"end":{}}],"line":122},"13":{"loc":{"start":{"line":153,"column":51},"end":{"line":153,"column":null}},"type":"binary-expr","locations":[{"start":{"line":153,"column":51},"end":{"line":153,"column":72}},{"start":{"line":153,"column":72},"end":{"line":153,"column":null}}],"line":153},"14":{"loc":{"start":{"line":155,"column":33},"end":{"line":188,"column":null}},"type":"binary-expr","locations":[{"start":{"line":155,"column":33},"end":{"line":155,"column":49}},{"start":{"line":155,"column":49},"end":{"line":155,"column":70}},{"start":{"line":155,"column":70},"end":{"line":155,"column":null}},{"start":{"line":156,"column":36},"end":{"line":188,"column":null}}],"line":155},"15":{"loc":{"start":{"line":157,"column":41},"end":{"line":186,"column":null}},"type":"cond-expr","locations":[{"start":{"line":158,"column":44},"end":{"line":158,"column":null}},{"start":{"line":159,"column":44},"end":{"line":186,"column":null}}],"line":157},"16":{"loc":{"start":{"line":159,"column":44},"end":{"line":186,"column":null}},"type":"cond-expr","locations":[{"start":{"line":160,"column":44},"end":{"line":184,"column":null}},{"start":{"line":186,"column":44},"end":{"line":186,"column":null}}],"line":159},"17":{"loc":{"start":{"line":163,"column":67},"end":{"line":163,"column":null}},"type":"cond-expr","locations":[{"start":{"line":163,"column":78},"end":{"line":163,"column":92}},{"start":{"line":163,"column":92},"end":{"line":163,"column":null}}],"line":163},"18":{"loc":{"start":{"line":174,"column":65},"end":{"line":174,"column":null}},"type":"binary-expr","locations":[{"start":{"line":174,"column":65},"end":{"line":174,"column":75}},{"start":{"line":174,"column":75},"end":{"line":174,"column":null}}],"line":174},"19":{"loc":{"start":{"line":203,"column":33},"end":{"line":206,"column":null}},"type":"binary-expr","locations":[{"start":{"line":203,"column":33},"end":{"line":203,"column":null}},{"start":{"line":204,"column":36},"end":{"line":206,"column":null}}],"line":203},"20":{"loc":{"start":{"line":210,"column":29},"end":{"line":241,"column":null}},"type":"binary-expr","locations":[{"start":{"line":210,"column":29},"end":{"line":210,"column":null}},{"start":{"line":211,"column":32},"end":{"line":241,"column":null}}],"line":210},"21":{"loc":{"start":{"line":214,"column":41},"end":{"line":215,"column":null}},"type":"binary-expr","locations":[{"start":{"line":214,"column":41},"end":{"line":214,"column":null}},{"start":{"line":215,"column":44},"end":{"line":215,"column":null}}],"line":214},"22":{"loc":{"start":{"line":219,"column":41},"end":{"line":238,"column":null}},"type":"cond-expr","locations":[{"start":{"line":220,"column":44},"end":{"line":236,"column":null}},{"start":{"line":238,"column":44},"end":{"line":238,"column":null}}],"line":219},"23":{"loc":{"start":{"line":223,"column":84},"end":{"line":223,"column":107}},"type":"cond-expr","locations":[{"start":{"line":223,"column":94},"end":{"line":223,"column":105}},{"start":{"line":223,"column":105},"end":{"line":223,"column":107}}],"line":223},"24":{"loc":{"start":{"line":228,"column":60},"end":{"line":228,"column":null}},"type":"cond-expr","locations":[{"start":{"line":228,"column":80},"end":{"line":228,"column":107}},{"start":{"line":228,"column":107},"end":{"line":228,"column":null}}],"line":228},"25":{"loc":{"start":{"line":246,"column":25},"end":{"line":252,"column":null}},"type":"cond-expr","locations":[{"start":{"line":247,"column":28},"end":{"line":250,"column":null}},{"start":{"line":252,"column":28},"end":{"line":252,"column":null}}],"line":246},"26":{"loc":{"start":{"line":256,"column":29},"end":{"line":256,"column":null}},"type":"binary-expr","locations":[{"start":{"line":256,"column":29},"end":{"line":256,"column":46}},{"start":{"line":256,"column":46},"end":{"line":256,"column":null}}],"line":256},"27":{"loc":{"start":{"line":273,"column":25},"end":{"line":280,"column":null}},"type":"binary-expr","locations":[{"start":{"line":273,"column":25},"end":{"line":273,"column":null}},{"start":{"line":274,"column":28},"end":{"line":280,"column":null}}],"line":273}},"s":{"0":1,"1":11,"2":11,"3":11,"4":11,"5":11,"6":11,"7":11,"8":11,"9":11,"10":11,"11":11,"12":11,"13":11,"14":11,"15":4,"16":4,"17":0,"18":11,"19":5,"20":4,"21":4,"22":4,"23":1,"24":1,"25":1,"26":1,"27":1,"28":1,"29":0,"30":1,"31":1,"32":1,"33":11,"34":11,"35":0,"36":11,"37":0,"38":0,"39":0,"40":0,"41":11,"42":0,"43":11,"44":0,"45":11,"46":11,"47":11,"48":11,"49":4,"50":0,"51":0,"52":0,"53":0,"54":4,"55":4,"56":4,"57":11,"58":0,"59":0,"60":11,"61":0,"62":0,"63":0,"64":0,"65":11,"66":0,"67":0,"68":0,"69":11,"70":1,"71":0,"72":1,"73":1,"74":1,"75":0,"76":0,"77":0,"78":0,"79":0,"80":0,"81":0,"82":0,"83":0,"84":0,"85":0,"86":0,"87":0,"88":0},"f":{"0":11,"1":4,"2":4,"3":0,"4":5,"5":1,"6":1,"7":11,"8":0,"9":0,"10":0,"11":0,"12":11,"13":4,"14":0,"15":4,"16":0,"17":0,"18":0,"19":1,"20":0,"21":1,"22":0,"23":0,"24":0,"25":0,"26":0,"27":0,"28":0,"29":0,"30":0,"31":0,"32":0,"33":0},"b":{"0":[4,0],"1":[4,1],"2":[1,0],"3":[0,11],"4":[0,0],"5":[0,0,0],"6":[0,0],"7":[0,0,0],"8":[0,0],"9":[0,0],"10":[0,0],"11":[0,0],"12":[0,0],"13":[0,0],"14":[11,1,0,1],"15":[0,1],"16":[1,0],"17":[0,1],"18":[1,0],"19":[11,0],"20":[11,0],"21":[0,0],"22":[0,0],"23":[0,0],"24":[0,0],"25":[2,9],"26":[11,0],"27":[11,0]},"meta":{"lastBranch":28,"lastFunction":34,"lastStatement":89,"seen":{"s:13:15:289:Infinity":0,"f:13:15:13:21":0,"s:14:34:14:Infinity":1,"s:15:22:15:Infinity":2,"s:16:19:16:Infinity":3,"s:17:22:17:Infinity":4,"s:18:10:18:Infinity":5,"s:20:38:20:Infinity":6,"s:21:50:21:Infinity":7,"s:22:36:22:Infinity":8,"s:23:42:23:Infinity":9,"s:24:38:24:Infinity":10,"s:25:38:25:Infinity":11,"s:26:42:26:Infinity":12,"s:27:52:27:Infinity":13,"s:29:4:33:Infinity":14,"f:29:14:29:20":1,"s:30:8:32:Infinity":15,"f:31:18:31:25":2,"s:31:25:31:72":16,"b:31:40:31:69:31:69:31:71":0,"f:32:19:32:26":3,"s:32:26:32:72":17,"s:36:4:57:Infinity":18,"f:36:14:36:20":4,"b:37:8:41:Infinity:undefined:undefined:undefined:undefined":1,"s:37:8:41:Infinity":19,"s:38:12:38:Infinity":20,"s:39:12:39:Infinity":21,"s:40:12:40:Infinity":22,"s:43:22:54:Infinity":23,"f:43:33:43:45":5,"s:44:12:44:Infinity":24,"s:45:12:53:Infinity":25,"s:46:28:46:Infinity":26,"s:47:16:47:Infinity":27,"b:47:33:47:59:47:59:47:61":2,"s:48:16:48:Infinity":28,"s:50:16:50:Infinity":29,"s:52:16:52:Infinity":30,"s:56:8:56:Infinity":31,"f:56:15:56:21":6,"s:56:21:56:Infinity":32,"s:60:4:99:Infinity":33,"f:60:14:60:20":7,"b:61:8:61:Infinity:undefined:undefined:undefined:undefined":3,"s:61:8:61:Infinity":34,"s:61:21:61:Infinity":35,"s:63:38:76:Infinity":36,"f:63:38:63:39":8,"s:64:12:64:Infinity":37,"s:65:12:72:Infinity":38,"f:65:29:65:37":9,"s:65:37:72:23":39,"b:67:23:67:37:67:37:67:Infinity":4,"b:68:22:68:38:68:38:68:51:68:51:68:Infinity":5,"b:69:21:69:33:69:33:69:Infinity":6,"s:75:12:75:Infinity":40,"b:75:22:75:38:75:38:75:51:75:51:75:76":7,"s:78:8:85:Infinity":41,"f:78:35:78:36":10,"s:80:12:84:Infinity":42,"s:87:8:93:Infinity":43,"f:87:34:87:35":11,"s:88:12:92:Infinity":44,"s:95:8:98:Infinity":45,"f:95:15:95:21":12,"s:96:12:96:Infinity":46,"s:97:12:97:Infinity":47,"s:102:4:113:Infinity":48,"f:102:14:102:20":13,"s:103:35:110:Infinity":49,"f:103:35:103:36":14,"b:104:12:106:Infinity:undefined:undefined:undefined:undefined":8,"s:104:12:106:Infinity":50,"s:105:16:105:Infinity":51,"b:107:12:109:Infinity:undefined:undefined:undefined:undefined":9,"s:107:12:109:Infinity":52,"s:108:16:108:Infinity":53,"s:111:8:111:Infinity":54,"s:112:8:112:Infinity":55,"f:112:15:112:21":15,"s:112:21:112:Infinity":56,"s:115:25:118:Infinity":57,"f:115:25:115:31":16,"s:116:8:116:Infinity":58,"s:117:8:117:Infinity":59,"s:120:25:127:Infinity":60,"f:120:25:120:26":17,"b:121:8:126:Infinity:undefined:undefined:undefined:undefined":10,"s:121:8:126:Infinity":61,"b:121:12:121:33:121:33:121:53":11,"b:122:12:125:Infinity:undefined:undefined:undefined:undefined":12,"s:122:12:125:Infinity":62,"s:123:16:123:Infinity":63,"s:124:16:124:Infinity":64,"s:129:30:133:Infinity":65,"f:129:30:129:31":18,"s:130:8:130:Infinity":66,"s:131:8:131:Infinity":67,"s:132:8:132:Infinity":68,"s:135:4:287:Infinity":69,"f:151:46:151:47":19,"s:151:53:151:Infinity":70,"f:153:45:153:51":20,"s:153:51:153:Infinity":71,"b:153:51:153:72:153:72:153:Infinity":13,"b:155:33:155:49:155:49:155:70:155:70:155:Infinity:156:36:188:Infinity":14,"b:158:44:158:Infinity:159:44:186:Infinity":15,"b:160:44:184:Infinity:186:44:186:Infinity":16,"f:161:67:161:78":21,"s:162:69:162:Infinity":72,"s:163:67:163:Infinity":73,"b:163:78:163:92:163:92:163:Infinity":17,"s:164:52:178:Infinity":74,"f:168:69:168:75":22,"s:168:75:168:Infinity":75,"b:174:65:174:75:174:75:174:Infinity":18,"f:201:64:201:70":23,"s:201:70:201:114":76,"b:203:33:203:Infinity:204:36:206:Infinity":19,"f:203:54:203:59":24,"s:203:59:203:66":77,"f:205:62:205:67":25,"s:205:67:205:74":78,"b:210:29:210:Infinity:211:32:241:Infinity":20,"b:214:41:214:Infinity:215:44:215:Infinity":21,"f:215:61:215:67":26,"s:215:67:215:89":79,"b:220:44:236:Infinity:238:44:238:Infinity":22,"f:220:62:220:Infinity":27,"s:221:48:235:Infinity":80,"b:223:94:223:105:223:105:223:107":23,"f:224:61:224:67":28,"s:225:56:225:Infinity":81,"s:226:56:226:Infinity":82,"s:227:56:229:Infinity":83,"f:227:73:227:81":29,"s:227:81:229:57":84,"f:227:90:227:Infinity":30,"s:228:60:228:Infinity":85,"b:228:80:228:107:228:107:228:Infinity":24,"b:247:28:250:Infinity:252:28:252:Infinity":25,"b:256:29:256:46:256:46:256:Infinity":26,"f:270:38:270:44":31,"s:270:44:270:Infinity":86,"f:271:38:271:44":32,"s:271:44:271:Infinity":87,"b:273:25:273:Infinity:274:28:280:Infinity":27,"f:275:49:275:Infinity":33,"s:276:36:278:Infinity":88}}}
,"C:\\Users\\ASUS\\Desktop\\New folder (2)\\toystore\\frontend\\src\\components\\public\\ProductCard.css": {"path":"C:\\Users\\ASUS\\Desktop\\New folder (2)\\toystore\\frontend\\src\\components\\public\\ProductCard.css","statementMap":{},"fnMap":{},"branchMap":{},"s":{},"f":{},"b":{},"meta":{"lastBranch":0,"lastFunction":0,"lastStatement":0,"seen":{}}}
,"C:\\Users\\ASUS\\Desktop\\New folder (2)\\toystore\\frontend\\src\\components\\public\\ProductCard.jsx": {"path":"C:\\Users\\ASUS\\Desktop\\New folder (2)\\toystore\\frontend\\src\\components\\public\\ProductCard.jsx","statementMap":{"0":{"start":{"line":10,"column":20},"end":{"line":115,"column":null}},"1":{"start":{"line":11,"column":4},"end":{"line":11,"column":null}},"2":{"start":{"line":11,"column":18},"end":{"line":11,"column":null}},"3":{"start":{"line":12,"column":22},"end":{"line":12,"column":null}},"4":{"start":{"line":13,"column":40},"end":{"line":13,"column":null}},"5":{"start":{"line":14,"column":46},"end":{"line":14,"column":null}},"6":{"start":{"line":15,"column":22},"end":{"line":15,"column":null}},"7":{"start":{"line":17,"column":4},"end":{"line":32,"column":null}},"8":{"start":{"line":19,"column":30},"end":{"line":30,"column":null}},"9":{"start":{"line":20,"column":12},"end":{"line":20,"column":null}},"10":{"start":{"line":20,"column":28},"end":{"line":20,"column":null}},"11":{"start":{"line":21,"column":12},"end":{"line":29,"column":null}},"12":{"start":{"line":22,"column":28},"end":{"line":24,"column":null}},"13":{"start":{"line":25,"column":37},"end":{"line":25,"column":null}},"14":{"start":{"line":25,"column":73},"end":{"line":25,"column":97}},"15":{"start":{"line":26,"column":16},"end":{"line":26,"column":null}},"16":{"start":{"line":28,"column":16},"end":{"line":28,"column":null}},"17":{"start":{"line":31,"column":8},"end":{"line":31,"column":null}},"18":{"start":{"line":34,"column":29},"end":{"line":36,"column":null}},"19":{"start":{"line":35,"column":8},"end":{"line":35,"column":null}},"20":{"start":{"line":38,"column":27},"end":{"line":60,"column":null}},"21":{"start":{"line":39,"column":8},"end":{"line":39,"column":null}},"22":{"start":{"line":40,"column":8},"end":{"line":43,"column":null}},"23":{"start":{"line":41,"column":12},"end":{"line":41,"column":null}},"24":{"start":{"line":42,"column":12},"end":{"line":42,"column":null}},"25":{"start":{"line":45,"column":8},"end":{"line":59,"column":null}},"26":{"start":{"line":46,"column":30},"end":{"line":46,"column":null}},"27":{"start":{"line":47,"column":12},"end":{"line":56,"column":null}},"28":{"start":{"line":48,"column":16},"end":{"line":51,"column":null}},"29":{"start":{"line":52,"column":16},"end":{"line":52,"column":null}},"30":{"start":{"line":54,"column":16},"end":{"line":54,"column":null}},"31":{"start":{"line":55,"column":16},"end":{"line":55,"column":null}},"32":{"start":{"line":58,"column":12},"end":{"line":58,"column":null}},"33":{"start":{"line":62,"column":4},"end":{"line":113,"column":null}},"34":{"start":{"line":76,"column":32},"end":{"line":76,"column":null}},"35":{"start":{"line":77,"column":32},"end":{"line":77,"column":null}},"36":{"start":{"line":78,"column":32},"end":{"line":78,"column":null}},"37":{"start":{"line":111,"column":31},"end":{"line":111,"column":null}}},"fnMap":{"0":{"name":"(anonymous_0)","decl":{"start":{"line":10,"column":20},"end":{"line":10,"column":21}},"loc":{"start":{"line":10,"column":48},"end":{"line":115,"column":null}},"line":10},"1":{"name":"(anonymous_1)","decl":{"start":{"line":17,"column":14},"end":{"line":17,"column":20}},"loc":{"start":{"line":17,"column":20},"end":{"line":32,"column":7}},"line":17},"2":{"name":"(anonymous_2)","decl":{"start":{"line":19,"column":30},"end":{"line":19,"column":42}},"loc":{"start":{"line":19,"column":42},"end":{"line":30,"column":null}},"line":19},"3":{"name":"(anonymous_3)","decl":{"start":{"line":25,"column":65},"end":{"line":25,"column":73}},"loc":{"start":{"line":25,"column":73},"end":{"line":25,"column":97}},"line":25},"4":{"name":"(anonymous_4)","decl":{"start":{"line":34,"column":29},"end":{"line":34,"column":30}},"loc":{"start":{"line":34,"column":36},"end":{"line":36,"column":null}},"line":34},"5":{"name":"(anonymous_5)","decl":{"start":{"line":38,"column":27},"end":{"line":38,"column":34}},"loc":{"start":{"line":38,"column":40},"end":{"line":60,"column":null}},"line":38},"6":{"name":"(anonymous_6)","decl":{"start":{"line":75,"column":37},"end":{"line":75,"column":38}},"loc":{"start":{"line":75,"column":44},"end":{"line":79,"column":null}},"line":75},"7":{"name":"(anonymous_7)","decl":{"start":{"line":111,"column":25},"end":{"line":111,"column":31}},"loc":{"start":{"line":111,"column":31},"end":{"line":111,"column":null}},"line":111}},"branchMap":{"0":{"loc":{"start":{"line":11,"column":4},"end":{"line":11,"column":null}},"type":"if","locations":[{"start":{"line":11,"column":4},"end":{"line":11,"column":null}},{"start":{},"end":{}}],"line":11},"1":{"loc":{"start":{"line":20,"column":12},"end":{"line":20,"column":null}},"type":"if","locations":[{"start":{"line":20,"column":12},"end":{"line":20,"column":null}},{"start":{},"end":{}}],"line":20},"2":{"loc":{"start":{"line":40,"column":8},"end":{"line":43,"column":null}},"type":"if","locations":[{"start":{"line":40,"column":8},"end":{"line":43,"column":null}},{"start":{},"end":{}}],"line":40},"3":{"loc":{"start":{"line":47,"column":12},"end":{"line":56,"column":null}},"type":"if","locations":[{"start":{"line":47,"column":12},"end":{"line":56,"column":null}},{"start":{"line":53,"column":19},"end":{"line":56,"column":null}}],"line":47},"4":{"loc":{"start":{"line":67,"column":29},"end":{"line":67,"column":null}},"type":"cond-expr","locations":[{"start":{"line":67,"column":69},"end":{"line":67,"column":89}},{"start":{"line":67,"column":89},"end":{"line":67,"column":null}}],"line":67},"5":{"loc":{"start":{"line":87,"column":36},"end":{"line":87,"column":null}},"type":"cond-expr","locations":[{"start":{"line":87,"column":51},"end":{"line":87,"column":84}},{"start":{"line":87,"column":84},"end":{"line":87,"column":null}}],"line":87},"6":{"loc":{"start":{"line":89,"column":25},"end":{"line":89,"column":null}},"type":"cond-expr","locations":[{"start":{"line":89,"column":40},"end":{"line":89,"column":84}},{"start":{"line":89,"column":84},"end":{"line":89,"column":null}}],"line":89},"7":{"loc":{"start":{"line":91,"column":21},"end":{"line":92,"column":null}},"type":"binary-expr","locations":[{"start":{"line":91,"column":21},"end":{"line":91,"column":null}},{"start":{"line":92,"column":24},"end":{"line":92,"column":null}}],"line":91},"8":{"loc":{"start":{"line":97,"column":21},"end":{"line":103,"column":null}},"type":"cond-expr","locations":[{"start":{"line":98,"column":24},"end":{"line":101,"column":null}},{"start":{"line":103,"column":24},"end":{"line":103,"column":null}}],"line":97},"9":{"loc":{"start":{"line":99,"column":62},"end":{"line":99,"column":78}},"type":"binary-expr","locations":[{"start":{"line":99,"column":62},"end":{"line":99,"column":75}},{"start":{"line":99,"column":75},"end":{"line":99,"column":78}}],"line":99},"10":{"loc":{"start":{"line":100,"column":70},"end":{"line":100,"column":95}},"type":"binary-expr","locations":[{"start":{"line":100,"column":70},"end":{"line":100,"column":92}},{"start":{"line":100,"column":92},"end":{"line":100,"column":95}}],"line":100},"11":{"loc":{"start":{"line":103,"column":55},"end":{"line":103,"column":80}},"type":"binary-expr","locations":[{"start":{"line":103,"column":55},"end":{"line":103,"column":77}},{"start":{"line":103,"column":77},"end":{"line":103,"column":80}}],"line":103}},"s":{"0":1,"1":5,"2":0,"3":5,"4":5,"5":5,"6":5,"7":5,"8":4,"9":4,"10":4,"11":0,"12":0,"13":0,"14":0,"15":0,"16":0,"17":4,"18":5,"19":0,"20":5,"21":1,"22":1,"23":1,"24":1,"25":0,"26":0,"27":0,"28":0,"29":0,"30":0,"31":0,"32":0,"33":5,"34":1,"35":1,"36":1,"37":0},"f":{"0":5,"1":4,"2":4,"3":0,"4":0,"5":1,"6":1,"7":0},"b":{"0":[0,5],"1":[4,0],"2":[1,0],"3":[0,0],"4":[0,5],"5":[0,5],"6":[0,5],"7":[5,1],"8":[1,4],"9":[1,0],"10":[1,0],"11":[4,0]},"meta":{"lastBranch":12,"lastFunction":8,"lastStatement":38,"seen":{"s:10:20:115:Infinity":0,"f:10:20:10:21":0,"b:11:4:11:Infinity:undefined:undefined:undefined:undefined":0,"s:11:4:11:Infinity":1,"s:11:18:11:Infinity":2,"s:12:22:12:Infinity":3,"s:13:40:13:Infinity":4,"s:14:46:14:Infinity":5,"s:15:22:15:Infinity":6,"s:17:4:32:Infinity":7,"f:17:14:17:20":1,"s:19:30:30:Infinity":8,"f:19:30:19:42":2,"b:20:12:20:Infinity:undefined:undefined:undefined:undefined":1,"s:20:12:20:Infinity":9,"s:20:28:20:Infinity":10,"s:21:12:29:Infinity":11,"s:22:28:24:Infinity":12,"s:25:37:25:Infinity":13,"f:25:65:25:73":3,"s:25:73:25:97":14,"s:26:16:26:Infinity":15,"s:28:16:28:Infinity":16,"s:31:8:31:Infinity":17,"s:34:29:36:Infinity":18,"f:34:29:34:30":4,"s:35:8:35:Infinity":19,"s:38:27:60:Infinity":20,"f:38:27:38:34":5,"s:39:8:39:Infinity":21,"b:40:8:43:Infinity:undefined:undefined:undefined:undefined":2,"s:40:8:43:Infinity":22,"s:41:12:41:Infinity":23,"s:42:12:42:Infinity":24,"s:45:8:59:Infinity":25,"s:46:30:46:Infinity":26,"b:47:12:56:Infinity:53:19:56:Infinity":3,"s:47:12:56:Infinity":27,"s:48:16:51:Infinity":28,"s:52:16:52:Infinity":29,"s:54:16:54:Infinity":30,"s:55:16:55:Infinity":31,"s:58:12:58:Infinity":32,"s:62:4:113:Infinity":33,"b:67:69:67:89:67:89:67:Infinity":4,"f:75:37:75:38":6,"s:76:32:76:Infinity":34,"s:77:32:77:Infinity":35,"s:78:32:78:Infinity":36,"b:87:51:87:84:87:84:87:Infinity":5,"b:89:40:89:84:89:84:89:Infinity":6,"b:91:21:91:Infinity:92:24:92:Infinity":7,"b:98:24:101:Infinity:103:24:103:Infinity":8,"b:99:62:99:75:99:75:99:78":9,"b:100:70:100:92:100:92:100:95":10,"b:103:55:103:77:103:77:103:80":11,"f:111:25:111:31":7,"s:111:31:111:Infinity":37}}}
,"C:\\Users\\ASUS\\Desktop\\New folder (2)\\toystore\\frontend\\src\\config\\api.js": {"path":"C:\\Users\\ASUS\\Desktop\\New folder (2)\\toystore\\frontend\\src\\config\\api.js","statementMap":{"0":{"start":{"line":1,"column":23},"end":{"line":1,"column":46}}},"fnMap":{},"branchMap":{},"s":{"0":2},"f":{},"b":{},"meta":{"lastBranch":0,"lastFunction":0,"lastStatement":1,"seen":{"s:1:23:1:46":0}}}
,"C:\\Users\\ASUS\\Desktop\\New folder (2)\\toystore\\frontend\\src\\context\\AuthContext.jsx": {"path":"C:\\Users\\ASUS\\Desktop\\New folder (2)\\toystore\\frontend\\src\\context\\AuthContext.jsx","statementMap":{"0":{"start":{"line":3,"column":6},"end":{"line":3,"column":null}},"1":{"start":{"line":5,"column":28},"end":{"line":57,"column":null}},"2":{"start":{"line":6,"column":36},"end":{"line":6,"column":null}},"3":{"start":{"line":7,"column":34},"end":{"line":7,"column":null}},"4":{"start":{"line":8,"column":24},"end":{"line":8,"column":null}},"5":{"start":{"line":10,"column":23},"end":{"line":13,"column":null}},"6":{"start":{"line":11,"column":8},"end":{"line":11,"column":null}},"7":{"start":{"line":12,"column":8},"end":{"line":12,"column":null}},"8":{"start":{"line":15,"column":24},"end":{"line":18,"column":null}},"9":{"start":{"line":16,"column":8},"end":{"line":16,"column":null}},"10":{"start":{"line":17,"column":8},"end":{"line":17,"column":null}},"11":{"start":{"line":20,"column":22},"end":{"line":24,"column":null}},"12":{"start":{"line":21,"column":8},"end":{"line":21,"column":null}},"13":{"start":{"line":22,"column":8},"end":{"line":22,"column":null}},"14":{"start":{"line":23,"column":8},"end":{"line":23,"column":null}},"15":{"start":{"line":23,"column":22},"end":{"line":23,"column":null}},"16":{"start":{"line":26,"column":23},"end":{"line":30,"column":null}},"17":{"start":{"line":27,"column":8},"end":{"line":27,"column":null}},"18":{"start":{"line":28,"column":8},"end":{"line":28,"column":null}},"19":{"start":{"line":29,"column":8},"end":{"line":29,"column":null}},"20":{"start":{"line":33,"column":4},"end":{"line":38,"column":null}},"21":{"start":{"line":34,"column":23},"end":{"line":34,"column":null}},"22":{"start":{"line":35,"column":23},"end":{"line":35,"column":null}},"23":{"start":{"line":36,"column":8},"end":{"line":36,"column":null}},"24":{"start":{"line":36,"column":20},"end":{"line":36,"column":null}},"25":{"start":{"line":37,"column":8},"end":{"line":37,"column":null}},"26":{"start":{"line":37,"column":20},"end":{"line":37,"column":null}},"27":{"start":{"line":40,"column":18},"end":{"line":50,"column":null}},"28":{"start":{"line":52,"column":4},"end":{"line":55,"column":null}},"29":{"start":{"line":59,"column":23},"end":{"line":61,"column":null}},"30":{"start":{"line":60,"column":4},"end":{"line":60,"column":null}}},"fnMap":{"0":{"name":"(anonymous_0)","decl":{"start":{"line":5,"column":28},"end":{"line":5,"column":29}},"loc":{"start":{"line":5,"column":46},"end":{"line":57,"column":null}},"line":5},"1":{"name":"(anonymous_1)","decl":{"start":{"line":10,"column":23},"end":{"line":10,"column":24}},"loc":{"start":{"line":10,"column":34},"end":{"line":13,"column":null}},"line":10},"2":{"name":"(anonymous_2)","decl":{"start":{"line":15,"column":24},"end":{"line":15,"column":30}},"loc":{"start":{"line":15,"column":30},"end":{"line":18,"column":null}},"line":15},"3":{"name":"(anonymous_3)","decl":{"start":{"line":20,"column":22},"end":{"line":20,"column":23}},"loc":{"start":{"line":20,"column":43},"end":{"line":24,"column":null}},"line":20},"4":{"name":"(anonymous_4)","decl":{"start":{"line":26,"column":23},"end":{"line":26,"column":29}},"loc":{"start":{"line":26,"column":29},"end":{"line":30,"column":null}},"line":26},"5":{"name":"(anonymous_5)","decl":{"start":{"line":33,"column":14},"end":{"line":33,"column":20}},"loc":{"start":{"line":33,"column":20},"end":{"line":38,"column":7}},"line":33},"6":{"name":"(anonymous_6)","decl":{"start":{"line":59,"column":23},"end":{"line":59,"column":29}},"loc":{"start":{"line":59,"column":29},"end":{"line":61,"column":null}},"line":59}},"branchMap":{"0":{"loc":{"start":{"line":23,"column":8},"end":{"line":23,"column":null}},"type":"if","locations":[{"start":{"line":23,"column":8},"end":{"line":23,"column":null}},{"start":{},"end":{}}],"line":23},"1":{"loc":{"start":{"line":36,"column":8},"end":{"line":36,"column":null}},"type":"if","locations":[{"start":{"line":36,"column":8},"end":{"line":36,"column":null}},{"start":{},"end":{}}],"line":36},"2":{"loc":{"start":{"line":37,"column":8},"end":{"line":37,"column":null}},"type":"if","locations":[{"start":{"line":37,"column":8},"end":{"line":37,"column":null}},{"start":{},"end":{}}],"line":37}},"s":{"0":1,"1":1,"2":7,"3":7,"4":7,"5":7,"6":1,"7":1,"8":7,"9":1,"10":1,"11":7,"12":1,"13":1,"14":1,"15":1,"16":7,"17":1,"18":1,"19":1,"20":7,"21":3,"22":3,"23":3,"24":0,"25":3,"26":0,"27":7,"28":7,"29":1,"30":7},"f":{"0":7,"1":1,"2":1,"3":1,"4":1,"5":3,"6":7},"b":{"0":[1,0],"1":[0,3],"2":[0,3]},"meta":{"lastBranch":3,"lastFunction":7,"lastStatement":31,"seen":{"s:3:6:3:Infinity":0,"s:5:28:57:Infinity":1,"f:5:28:5:29":0,"s:6:36:6:Infinity":2,"s:7:34:7:Infinity":3,"s:8:24:8:Infinity":4,"s:10:23:13:Infinity":5,"f:10:23:10:24":1,"s:11:8:11:Infinity":6,"s:12:8:12:Infinity":7,"s:15:24:18:Infinity":8,"f:15:24:15:30":2,"s:16:8:16:Infinity":9,"s:17:8:17:Infinity":10,"s:20:22:24:Infinity":11,"f:20:22:20:23":3,"s:21:8:21:Infinity":12,"s:22:8:22:Infinity":13,"b:23:8:23:Infinity:undefined:undefined:undefined:undefined":0,"s:23:8:23:Infinity":14,"s:23:22:23:Infinity":15,"s:26:23:30:Infinity":16,"f:26:23:26:29":4,"s:27:8:27:Infinity":17,"s:28:8:28:Infinity":18,"s:29:8:29:Infinity":19,"s:33:4:38:Infinity":20,"f:33:14:33:20":5,"s:34:23:34:Infinity":21,"s:35:23:35:Infinity":22,"b:36:8:36:Infinity:undefined:undefined:undefined:undefined":1,"s:36:8:36:Infinity":23,"s:36:20:36:Infinity":24,"b:37:8:37:Infinity:undefined:undefined:undefined:undefined":2,"s:37:8:37:Infinity":25,"s:37:20:37:Infinity":26,"s:40:18:50:Infinity":27,"s:52:4:55:Infinity":28,"s:59:23:61:Infinity":29,"f:59:23:59:29":6,"s:60:4:60:Infinity":30}}}
,"C:\\Users\\ASUS\\Desktop\\New folder (2)\\toystore\\frontend\\src\\context\\CartContext.jsx": {"path":"C:\\Users\\ASUS\\Desktop\\New folder (2)\\toystore\\frontend\\src\\context\\CartContext.jsx","statementMap":{"0":{"start":{"line":3,"column":6},"end":{"line":3,"column":null}},"1":{"start":{"line":5,"column":23},"end":{"line":5,"column":null}},"2":{"start":{"line":7,"column":28},"end":{"line":91,"column":null}},"3":{"start":{"line":8,"column":34},"end":{"line":16,"column":null}},"4":{"start":{"line":9,"column":8},"end":{"line":15,"column":null}},"5":{"start":{"line":10,"column":30},"end":{"line":10,"column":null}},"6":{"start":{"line":11,"column":12},"end":{"line":11,"column":null}},"7":{"start":{"line":13,"column":12},"end":{"line":13,"column":null}},"8":{"start":{"line":14,"column":12},"end":{"line":14,"column":null}},"9":{"start":{"line":18,"column":4},"end":{"line":20,"column":null}},"10":{"start":{"line":19,"column":8},"end":{"line":19,"column":null}},"11":{"start":{"line":22,"column":22},"end":{"line":38,"column":null}},"12":{"start":{"line":23,"column":8},"end":{"line":37,"column":null}},"13":{"start":{"line":24,"column":33},"end":{"line":24,"column":null}},"14":{"start":{"line":24,"column":56},"end":{"line":24,"column":88}},"15":{"start":{"line":26,"column":12},"end":{"line":36,"column":null}},"16":{"start":{"line":27,"column":36},"end":{"line":27,"column":null}},"17":{"start":{"line":28,"column":38},"end":{"line":28,"column":null}},"18":{"start":{"line":29,"column":16},"end":{"line":33,"column":null}},"19":{"start":{"line":30,"column":20},"end":{"line":32,"column":null}},"20":{"start":{"line":35,"column":16},"end":{"line":35,"column":null}},"21":{"start":{"line":40,"column":27},"end":{"line":56,"column":null}},"22":{"start":{"line":41,"column":8},"end":{"line":55,"column":null}},"23":{"start":{"line":42,"column":12},"end":{"line":44,"column":null}},"24":{"start":{"line":43,"column":16},"end":{"line":43,"column":null}},"25":{"start":{"line":43,"column":48},"end":{"line":43,"column":78}},"26":{"start":{"line":45,"column":33},"end":{"line":45,"column":null}},"27":{"start":{"line":45,"column":56},"end":{"line":45,"column":86}},"28":{"start":{"line":46,"column":12},"end":{"line":46,"column":null}},"29":{"start":{"line":46,"column":31},"end":{"line":46,"column":null}},"30":{"start":{"line":48,"column":34},"end":{"line":48,"column":null}},"31":{"start":{"line":50,"column":12},"end":{"line":54,"column":null}},"32":{"start":{"line":51,"column":16},"end":{"line":53,"column":null}},"33":{"start":{"line":58,"column":27},"end":{"line":60,"column":null}},"34":{"start":{"line":59,"column":8},"end":{"line":59,"column":null}},"35":{"start":{"line":59,"column":34},"end":{"line":59,"column":90}},"36":{"start":{"line":59,"column":59},"end":{"line":59,"column":89}},"37":{"start":{"line":62,"column":22},"end":{"line":65,"column":null}},"38":{"start":{"line":63,"column":8},"end":{"line":63,"column":null}},"39":{"start":{"line":64,"column":8},"end":{"line":64,"column":null}},"40":{"start":{"line":68,"column":22},"end":{"line":68,"column":null}},"41":{"start":{"line":68,"column":56},"end":{"line":68,"column":79}},"42":{"start":{"line":69,"column":23},"end":{"line":72,"column":null}},"43":{"start":{"line":70,"column":22},"end":{"line":70,"column":null}},"44":{"start":{"line":71,"column":8},"end":{"line":71,"column":null}},"45":{"start":{"line":74,"column":37},"end":{"line":77,"column":null}},"46":{"start":{"line":76,"column":8},"end":{"line":76,"column":null}},"47":{"start":{"line":76,"column":39},"end":{"line":76,"column":82}},"48":{"start":{"line":79,"column":18},"end":{"line":88,"column":null}},"49":{"start":{"line":90,"column":4},"end":{"line":90,"column":null}}},"fnMap":{"0":{"name":"(anonymous_0)","decl":{"start":{"line":5,"column":23},"end":{"line":5,"column":29}},"loc":{"start":{"line":5,"column":23},"end":{"line":5,"column":null}},"line":5},"1":{"name":"(anonymous_1)","decl":{"start":{"line":7,"column":28},"end":{"line":7,"column":29}},"loc":{"start":{"line":7,"column":46},"end":{"line":91,"column":null}},"line":7},"2":{"name":"(anonymous_2)","decl":{"start":{"line":8,"column":47},"end":{"line":8,"column":53}},"loc":{"start":{"line":8,"column":53},"end":{"line":16,"column":5}},"line":8},"3":{"name":"(anonymous_3)","decl":{"start":{"line":18,"column":14},"end":{"line":18,"column":20}},"loc":{"start":{"line":18,"column":20},"end":{"line":20,"column":7}},"line":18},"4":{"name":"(anonymous_4)","decl":{"start":{"line":22,"column":22},"end":{"line":22,"column":23}},"loc":{"start":{"line":22,"column":63},"end":{"line":38,"column":null}},"line":22},"5":{"name":"(anonymous_5)","decl":{"start":{"line":23,"column":21},"end":{"line":23,"column":34}},"loc":{"start":{"line":23,"column":34},"end":{"line":37,"column":9}},"line":23},"6":{"name":"(anonymous_6)","decl":{"start":{"line":24,"column":48},"end":{"line":24,"column":56}},"loc":{"start":{"line":24,"column":56},"end":{"line":24,"column":88}},"line":24},"7":{"name":"(anonymous_7)","decl":{"start":{"line":29,"column":37},"end":{"line":29,"column":null}},"loc":{"start":{"line":30,"column":20},"end":{"line":32,"column":null}},"line":30},"8":{"name":"(anonymous_8)","decl":{"start":{"line":40,"column":27},"end":{"line":40,"column":28}},"loc":{"start":{"line":40,"column":55},"end":{"line":56,"column":null}},"line":40},"9":{"name":"(anonymous_9)","decl":{"start":{"line":41,"column":21},"end":{"line":41,"column":34}},"loc":{"start":{"line":41,"column":34},"end":{"line":55,"column":9}},"line":41},"10":{"name":"(anonymous_10)","decl":{"start":{"line":43,"column":40},"end":{"line":43,"column":48}},"loc":{"start":{"line":43,"column":48},"end":{"line":43,"column":78}},"line":43},"11":{"name":"(anonymous_11)","decl":{"start":{"line":45,"column":48},"end":{"line":45,"column":56}},"loc":{"start":{"line":45,"column":56},"end":{"line":45,"column":86}},"line":45},"12":{"name":"(anonymous_12)","decl":{"start":{"line":50,"column":33},"end":{"line":50,"column":null}},"loc":{"start":{"line":51,"column":16},"end":{"line":53,"column":null}},"line":51},"13":{"name":"(anonymous_13)","decl":{"start":{"line":58,"column":27},"end":{"line":58,"column":28}},"loc":{"start":{"line":58,"column":42},"end":{"line":60,"column":null}},"line":58},"14":{"name":"(anonymous_14)","decl":{"start":{"line":59,"column":21},"end":{"line":59,"column":34}},"loc":{"start":{"line":59,"column":34},"end":{"line":59,"column":90}},"line":59},"15":{"name":"(anonymous_15)","decl":{"start":{"line":59,"column":51},"end":{"line":59,"column":59}},"loc":{"start":{"line":59,"column":59},"end":{"line":59,"column":89}},"line":59},"16":{"name":"(anonymous_16)","decl":{"start":{"line":62,"column":22},"end":{"line":62,"column":28}},"loc":{"start":{"line":62,"column":28},"end":{"line":65,"column":null}},"line":62},"17":{"name":"(anonymous_17)","decl":{"start":{"line":68,"column":39},"end":{"line":68,"column":40}},"loc":{"start":{"line":68,"column":56},"end":{"line":68,"column":79}},"line":68},"18":{"name":"(anonymous_18)","decl":{"start":{"line":69,"column":40},"end":{"line":69,"column":41}},"loc":{"start":{"line":69,"column":57},"end":{"line":72,"column":7}},"line":69},"19":{"name":"(anonymous_19)","decl":{"start":{"line":74,"column":37},"end":{"line":74,"column":43}},"loc":{"start":{"line":74,"column":43},"end":{"line":77,"column":null}},"line":74},"20":{"name":"(anonymous_20)","decl":{"start":{"line":76,"column":31},"end":{"line":76,"column":39}},"loc":{"start":{"line":76,"column":39},"end":{"line":76,"column":82}},"line":76}},"branchMap":{"0":{"loc":{"start":{"line":11,"column":19},"end":{"line":11,"column":null}},"type":"cond-expr","locations":[{"start":{"line":11,"column":31},"end":{"line":11,"column":55}},{"start":{"line":11,"column":55},"end":{"line":11,"column":null}}],"line":11},"1":{"loc":{"start":{"line":22,"column":42},"end":{"line":22,"column":63}},"type":"default-arg","locations":[{"start":{"line":22,"column":54},"end":{"line":22,"column":63}}],"line":22},"2":{"loc":{"start":{"line":26,"column":12},"end":{"line":36,"column":null}},"type":"if","locations":[{"start":{"line":26,"column":12},"end":{"line":36,"column":null}},{"start":{"line":34,"column":19},"end":{"line":36,"column":null}}],"line":26},"3":{"loc":{"start":{"line":30,"column":20},"end":{"line":32,"column":null}},"type":"cond-expr","locations":[{"start":{"line":31,"column":26},"end":{"line":31,"column":null}},{"start":{"line":32,"column":26},"end":{"line":32,"column":null}}],"line":30},"4":{"loc":{"start":{"line":31,"column":73},"end":{"line":31,"column":101}},"type":"binary-expr","locations":[{"start":{"line":31,"column":73},"end":{"line":31,"column":86}},{"start":{"line":31,"column":86},"end":{"line":31,"column":101}}],"line":31},"5":{"loc":{"start":{"line":42,"column":12},"end":{"line":44,"column":null}},"type":"if","locations":[{"start":{"line":42,"column":12},"end":{"line":44,"column":null}},{"start":{},"end":{}}],"line":42},"6":{"loc":{"start":{"line":46,"column":12},"end":{"line":46,"column":null}},"type":"if","locations":[{"start":{"line":46,"column":12},"end":{"line":46,"column":null}},{"start":{},"end":{}}],"line":46},"7":{"loc":{"start":{"line":51,"column":16},"end":{"line":53,"column":null}},"type":"cond-expr","locations":[{"start":{"line":52,"column":22},"end":{"line":52,"column":null}},{"start":{"line":53,"column":22},"end":{"line":53,"column":null}}],"line":51},"8":{"loc":{"start":{"line":70,"column":22},"end":{"line":70,"column":null}},"type":"binary-expr","locations":[{"start":{"line":70,"column":22},"end":{"line":70,"column":40}},{"start":{"line":70,"column":40},"end":{"line":70,"column":null}}],"line":70}},"s":{"0":1,"1":12,"2":1,"3":12,"4":5,"5":5,"6":5,"7":0,"8":0,"9":12,"10":12,"11":12,"12":4,"13":4,"14":0,"15":4,"16":0,"17":0,"18":0,"19":0,"20":4,"21":12,"22":1,"23":1,"24":0,"25":0,"26":1,"27":1,"28":1,"29":0,"30":1,"31":1,"32":1,"33":12,"34":1,"35":1,"36":1,"37":12,"38":1,"39":1,"40":12,"41":5,"42":12,"43":5,"44":5,"45":12,"46":0,"47":0,"48":12,"49":12},"f":{"0":12,"1":12,"2":5,"3":12,"4":4,"5":4,"6":0,"7":0,"8":1,"9":1,"10":0,"11":1,"12":1,"13":1,"14":1,"15":1,"16":1,"17":5,"18":5,"19":0,"20":0},"b":{"0":[0,5],"1":[4],"2":[0,4],"3":[0,0],"4":[0,0],"5":[0,1],"6":[0,1],"7":[1,0],"8":[5,5]},"meta":{"lastBranch":9,"lastFunction":21,"lastStatement":50,"seen":{"s:3:6:3:Infinity":0,"s:5:23:5:Infinity":1,"f:5:23:5:29":0,"s:7:28:91:Infinity":2,"f:7:28:7:29":1,"s:8:34:16:Infinity":3,"f:8:47:8:53":2,"s:9:8:15:Infinity":4,"s:10:30:10:Infinity":5,"s:11:12:11:Infinity":6,"b:11:31:11:55:11:55:11:Infinity":0,"s:13:12:13:Infinity":7,"s:14:12:14:Infinity":8,"s:18:4:20:Infinity":9,"f:18:14:18:20":3,"s:19:8:19:Infinity":10,"s:22:22:38:Infinity":11,"f:22:22:22:23":4,"b:22:54:22:63":1,"s:23:8:37:Infinity":12,"f:23:21:23:34":5,"s:24:33:24:Infinity":13,"f:24:48:24:56":6,"s:24:56:24:88":14,"b:26:12:36:Infinity:34:19:36:Infinity":2,"s:26:12:36:Infinity":15,"s:27:36:27:Infinity":16,"s:28:38:28:Infinity":17,"s:29:16:33:Infinity":18,"f:29:37:29:Infinity":7,"s:30:20:32:Infinity":19,"b:31:26:31:Infinity:32:26:32:Infinity":3,"b:31:73:31:86:31:86:31:101":4,"s:35:16:35:Infinity":20,"s:40:27:56:Infinity":21,"f:40:27:40:28":8,"s:41:8:55:Infinity":22,"f:41:21:41:34":9,"b:42:12:44:Infinity:undefined:undefined:undefined:undefined":5,"s:42:12:44:Infinity":23,"s:43:16:43:Infinity":24,"f:43:40:43:48":10,"s:43:48:43:78":25,"s:45:33:45:Infinity":26,"f:45:48:45:56":11,"s:45:56:45:86":27,"b:46:12:46:Infinity:undefined:undefined:undefined:undefined":6,"s:46:12:46:Infinity":28,"s:46:31:46:Infinity":29,"s:48:34:48:Infinity":30,"s:50:12:54:Infinity":31,"f:50:33:50:Infinity":12,"s:51:16:53:Infinity":32,"b:52:22:52:Infinity:53:22:53:Infinity":7,"s:58:27:60:Infinity":33,"f:58:27:58:28":13,"s:59:8:59:Infinity":34,"f:59:21:59:34":14,"s:59:34:59:90":35,"f:59:51:59:59":15,"s:59:59:59:89":36,"s:62:22:65:Infinity":37,"f:62:22:62:28":16,"s:63:8:63:Infinity":38,"s:64:8:64:Infinity":39,"s:68:22:68:Infinity":40,"f:68:39:68:40":17,"s:68:56:68:79":41,"s:69:23:72:Infinity":42,"f:69:40:69:41":18,"s:70:22:70:Infinity":43,"b:70:22:70:40:70:40:70:Infinity":8,"s:71:8:71:Infinity":44,"s:74:37:77:Infinity":45,"f:74:37:74:43":19,"s:76:8:76:Infinity":46,"f:76:31:76:39":20,"s:76:39:76:82":47,"s:79:18:88:Infinity":48,"s:90:4:90:Infinity":49}}}
,"C:\\Users\\ASUS\\Desktop\\New folder (2)\\toystore\\frontend\\src\\utils\\imageUtils.js": {"path":"C:\\Users\\ASUS\\Desktop\\New folder (2)\\toystore\\frontend\\src\\utils\\imageUtils.js","statementMap":{"0":{"start":{"line":8,"column":27},"end":{"line":14,"column":1}},"1":{"start":{"line":9,"column":4},"end":{"line":9,"column":25}},"2":{"start":{"line":9,"column":15},"end":{"line":9,"column":25}},"3":{"start":{"line":10,"column":4},"end":{"line":12,"column":5}},"4":{"start":{"line":11,"column":8},"end":{"line":11,"column":20}},"5":{"start":{"line":13,"column":4},"end":{"line":13,"column":31}}},"fnMap":{"0":{"name":"(anonymous_0)","decl":{"start":{"line":8,"column":27},"end":{"line":8,"column":28}},"loc":{"start":{"line":8,"column":37},"end":{"line":14,"column":1}},"line":8}},"branchMap":{"0":{"loc":{"start":{"line":9,"column":4},"end":{"line":9,"column":25}},"type":"if","locations":[{"start":{"line":9,"column":4},"end":{"line":9,"column":25}},{"start":{},"end":{}}],"line":9},"1":{"loc":{"start":{"line":10,"column":4},"end":{"line":12,"column":5}},"type":"if","locations":[{"start":{"line":10,"column":4},"end":{"line":12,"column":5}},{"start":{},"end":{}}],"line":10}},"s":{"0":2,"1":5,"2":3,"3":2,"4":1,"5":1},"f":{"0":5},"b":{"0":[3,2],"1":[1,1]},"meta":{"lastBranch":2,"lastFunction":1,"lastStatement":6,"seen":{"s:8:27:14:1":0,"f:8:27:8:28":0,"b:9:4:9:25:undefined:undefined:undefined:undefined":0,"s:9:4:9:25":1,"s:9:15:9:25":2,"b:10:4:12:5:undefined:undefined:undefined:undefined":1,"s:10:4:12:5":3,"s:11:8:11:20":4,"s:13:4:13:31":5}}}
}
