{"C:\\Users\\ASUS\\Desktop\\New folder (2)\\toystore\\backend\\app.js": {"path":"C:\\Users\\ASUS\\Desktop\\New folder (2)\\toystore\\backend\\app.js","statementMap":{"0":{"start":{"line":1,"column":16},"end":{"line":1,"column":34}},"1":{"start":{"line":2,"column":13},"end":{"line":2,"column":28}},"2":{"start":{"line":3,"column":13},"end":{"line":3,"column":28}},"3":{"start":{"line":5,"column":19},"end":{"line":5,"column":49}},"4":{"start":{"line":6,"column":19},"end":{"line":6,"column":49}},"5":{"start":{"line":7,"column":23},"end":{"line":7,"column":57}},"6":{"start":{"line":8,"column":22},"end":{"line":8,"column":55}},"7":{"start":{"line":9,"column":20},"end":{"line":9,"column":51}},"8":{"start":{"line":10,"column":22},"end":{"line":10,"column":55}},"9":{"start":{"line":11,"column":24},"end":{"line":11,"column":59}},"10":{"start":{"line":12,"column":24},"end":{"line":12,"column":59}},"11":{"start":{"line":13,"column":20},"end":{"line":13,"column":51}},"12":{"start":{"line":14,"column":25},"end":{"line":14,"column":61}},"13":{"start":{"line":15,"column":21},"end":{"line":15,"column":53}},"14":{"start":{"line":16,"column":22},"end":{"line":16,"column":55}},"15":{"start":{"line":17,"column":21},"end":{"line":17,"column":53}},"16":{"start":{"line":19,"column":12},"end":{"line":19,"column":21}},"17":{"start":{"line":22,"column":0},"end":{"line":22,"column":67}},"18":{"start":{"line":23,"column":0},"end":{"line":23,"column":74}},"19":{"start":{"line":24,"column":0},"end":{"line":24,"column":16}},"20":{"start":{"line":25,"column":0},"end":{"line":25,"column":24}},"21":{"start":{"line":29,"column":0},"end":{"line":29,"column":37}},"22":{"start":{"line":30,"column":0},"end":{"line":30,"column":36}},"23":{"start":{"line":31,"column":0},"end":{"line":31,"column":46}},"24":{"start":{"line":32,"column":0},"end":{"line":32,"column":43}},"25":{"start":{"line":33,"column":0},"end":{"line":33,"column":39}},"26":{"start":{"line":34,"column":0},"end":{"line":34,"column":43}},"27":{"start":{"line":35,"column":0},"end":{"line":35,"column":46}},"28":{"start":{"line":36,"column":0},"end":{"line":36,"column":48}},"29":{"start":{"line":37,"column":0},"end":{"line":37,"column":39}},"30":{"start":{"line":38,"column":0},"end":{"line":38,"column":49}},"31":{"start":{"line":39,"column":0},"end":{"line":39,"column":41}},"32":{"start":{"line":40,"column":0},"end":{"line":40,"column":43}},"33":{"start":{"line":43,"column":0},"end":{"line":103,"column":3}},"34":{"start":{"line":44,"column":16},"end":{"line":44,"column":26}},"35":{"start":{"line":45,"column":4},"end":{"line":45,"column":32}},"36":{"start":{"line":46,"column":4},"end":{"line":46,"column":45}},"37":{"start":{"line":47,"column":4},"end":{"line":47,"column":41}},"38":{"start":{"line":51,"column":29},"end":{"line":53,"column":68}},"39":{"start":{"line":55,"column":4},"end":{"line":76,"column":5}},"40":{"start":{"line":56,"column":8},"end":{"line":56,"column":31}},"41":{"start":{"line":57,"column":20},"end":{"line":57,"column":36}},"42":{"start":{"line":60,"column":8},"end":{"line":72,"column":9}},"43":{"start":{"line":61,"column":12},"end":{"line":61,"column":49}},"44":{"start":{"line":64,"column":13},"end":{"line":72,"column":9}},"45":{"start":{"line":65,"column":31},"end":{"line":65,"column":65}},"46":{"start":{"line":66,"column":12},"end":{"line":71,"column":13}},"47":{"start":{"line":67,"column":16},"end":{"line":67,"column":38}},"48":{"start":{"line":69,"column":33},"end":{"line":69,"column":71}},"49":{"start":{"line":70,"column":16},"end":{"line":70,"column":65}},"50":{"start":{"line":70,"column":45},"end":{"line":70,"column":65}},"51":{"start":{"line":74,"column":8},"end":{"line":74,"column":146}},"52":{"start":{"line":75,"column":8},"end":{"line":75,"column":30}},"53":{"start":{"line":79,"column":4},"end":{"line":84,"column":5}},"54":{"start":{"line":80,"column":8},"end":{"line":80,"column":31}},"55":{"start":{"line":81,"column":25},"end":{"line":81,"column":72}},"56":{"start":{"line":81,"column":61},"end":{"line":81,"column":71}},"57":{"start":{"line":82,"column":8},"end":{"line":82,"column":71}},"58":{"start":{"line":83,"column":8},"end":{"line":83,"column":30}},"59":{"start":{"line":87,"column":4},"end":{"line":91,"column":5}},"60":{"start":{"line":88,"column":8},"end":{"line":88,"column":31}},"61":{"start":{"line":89,"column":8},"end":{"line":89,"column":70}},"62":{"start":{"line":90,"column":8},"end":{"line":90,"column":30}},"63":{"start":{"line":92,"column":4},"end":{"line":96,"column":5}},"64":{"start":{"line":93,"column":8},"end":{"line":93,"column":31}},"65":{"start":{"line":94,"column":8},"end":{"line":94,"column":68}},"66":{"start":{"line":95,"column":8},"end":{"line":95,"column":30}},"67":{"start":{"line":98,"column":4},"end":{"line":102,"column":7}},"68":{"start":{"line":105,"column":0},"end":{"line":105,"column":21}}},"fnMap":{"0":{"name":"(anonymous_0)","decl":{"start":{"line":43,"column":8},"end":{"line":43,"column":9}},"loc":{"start":{"line":43,"column":33},"end":{"line":103,"column":1}},"line":43},"1":{"name":"(anonymous_1)","decl":{"start":{"line":81,"column":55},"end":{"line":81,"column":56}},"loc":{"start":{"line":81,"column":61},"end":{"line":81,"column":71}},"line":81}},"branchMap":{"0":{"loc":{"start":{"line":46,"column":23},"end":{"line":46,"column":44}},"type":"binary-expr","locations":[{"start":{"line":46,"column":23},"end":{"line":46,"column":37}},{"start":{"line":46,"column":41},"end":{"line":46,"column":44}}],"line":46},"1":{"loc":{"start":{"line":47,"column":19},"end":{"line":47,"column":40}},"type":"binary-expr","locations":[{"start":{"line":47,"column":19},"end":{"line":47,"column":29}},{"start":{"line":47,"column":33},"end":{"line":47,"column":40}}],"line":47},"2":{"loc":{"start":{"line":51,"column":29},"end":{"line":53,"column":68}},"type":"binary-expr","locations":[{"start":{"line":51,"column":30},"end":{"line":51,"column":61}},{"start":{"line":51,"column":65},"end":{"line":51,"column":83}},{"start":{"line":52,"column":8},"end":{"line":52,"column":26}},{"start":{"line":53,"column":9},"end":{"line":53,"column":20}},{"start":{"line":53,"column":24},"end":{"line":53,"column":67}}],"line":51},"3":{"loc":{"start":{"line":55,"column":4},"end":{"line":76,"column":5}},"type":"if","locations":[{"start":{"line":55,"column":4},"end":{"line":76,"column":5}},{"start":{},"end":{}}],"line":55},"4":{"loc":{"start":{"line":60,"column":8},"end":{"line":72,"column":9}},"type":"if","locations":[{"start":{"line":60,"column":8},"end":{"line":72,"column":9}},{"start":{"line":64,"column":13},"end":{"line":72,"column":9}}],"line":60},"5":{"loc":{"start":{"line":64,"column":13},"end":{"line":72,"column":9}},"type":"if","locations":[{"start":{"line":64,"column":13},"end":{"line":72,"column":9}},{"start":{},"end":{}}],"line":64},"6":{"loc":{"start":{"line":66,"column":12},"end":{"line":71,"column":13}},"type":"if","locations":[{"start":{"line":66,"column":12},"end":{"line":71,"column":13}},{"start":{"line":68,"column":19},"end":{"line":71,"column":13}}],"line":66},"7":{"loc":{"start":{"line":66,"column":16},"end":{"line":66,"column":43}},"type":"binary-expr","locations":[{"start":{"line":66,"column":16},"end":{"line":66,"column":26}},{"start":{"line":66,"column":30},"end":{"line":66,"column":43}}],"line":66},"8":{"loc":{"start":{"line":70,"column":16},"end":{"line":70,"column":65}},"type":"if","locations":[{"start":{"line":70,"column":16},"end":{"line":70,"column":65}},{"start":{},"end":{}}],"line":70},"9":{"loc":{"start":{"line":70,"column":20},"end":{"line":70,"column":43}},"type":"binary-expr","locations":[{"start":{"line":70,"column":20},"end":{"line":70,"column":28}},{"start":{"line":70,"column":32},"end":{"line":70,"column":43}}],"line":70},"10":{"loc":{"start":{"line":74,"column":27},"end":{"line":74,"column":100}},"type":"cond-expr","locations":[{"start":{"line":74,"column":47},"end":{"line":74,"column":54}},{"start":{"line":74,"column":57},"end":{"line":74,"column":100}}],"line":74},"11":{"loc":{"start":{"line":74,"column":57},"end":{"line":74,"column":100}},"type":"cond-expr","locations":[{"start":{"line":74,"column":77},"end":{"line":74,"column":92}},{"start":{"line":74,"column":95},"end":{"line":74,"column":100}}],"line":74},"12":{"loc":{"start":{"line":79,"column":4},"end":{"line":84,"column":5}},"type":"if","locations":[{"start":{"line":79,"column":4},"end":{"line":84,"column":5}},{"start":{},"end":{}}],"line":79},"13":{"loc":{"start":{"line":87,"column":4},"end":{"line":91,"column":5}},"type":"if","locations":[{"start":{"line":87,"column":4},"end":{"line":91,"column":5}},{"start":{},"end":{}}],"line":87},"14":{"loc":{"start":{"line":92,"column":4},"end":{"line":96,"column":5}},"type":"if","locations":[{"start":{"line":92,"column":4},"end":{"line":96,"column":5}},{"start":{},"end":{}}],"line":92},"15":{"loc":{"start":{"line":101,"column":15},"end":{"line":101,"column":77}},"type":"cond-expr","locations":[{"start":{"line":101,"column":56},"end":{"line":101,"column":65}},{"start":{"line":101,"column":68},"end":{"line":101,"column":77}}],"line":101}},"s":{"0":3,"1":3,"2":3,"3":3,"4":3,"5":3,"6":3,"7":3,"8":3,"9":3,"10":3,"11":3,"12":3,"13":3,"14":3,"15":3,"16":3,"17":3,"18":3,"19":3,"20":3,"21":3,"22":3,"23":3,"24":3,"25":3,"26":3,"27":3,"28":3,"29":3,"30":3,"31":3,"32":3,"33":3,"34":0,"35":0,"36":0,"37":0,"38":0,"39":0,"40":0,"41":0,"42":0,"43":0,"44":0,"45":0,"46":0,"47":0,"48":0,"49":0,"50":0,"51":0,"52":0,"53":0,"54":0,"55":0,"56":0,"57":0,"58":0,"59":0,"60":0,"61":0,"62":0,"63":0,"64":0,"65":0,"66":0,"67":0,"68":3},"f":{"0":0,"1":0},"b":{"0":[0,0],"1":[0,0],"2":[0,0,0,0,0],"3":[0,0],"4":[0,0],"5":[0,0],"6":[0,0],"7":[0,0],"8":[0,0],"9":[0,0],"10":[0,0],"11":[0,0],"12":[0,0],"13":[0,0],"14":[0,0],"15":[0,0]},"_coverageSchema":"1a1c01bbd47fc00a2c39e90264f33305004495a9","hash":"207a2d61bca879e52a316804395673f41b05ff01"}
,"C:\\Users\\ASUS\\Desktop\\New folder (2)\\toystore\\backend\\socket.js": {"path":"C:\\Users\\ASUS\\Desktop\\New folder (2)\\toystore\\backend\\socket.js","statementMap":{"0":{"start":{"line":1,"column":17},"end":{"line":1,"column":37}},"1":{"start":{"line":5,"column":0},"end":{"line":45,"column":2}},"2":{"start":{"line":8,"column":8},"end":{"line":18,"column":11}},"3":{"start":{"line":20,"column":8},"end":{"line":26,"column":11}},"4":{"start":{"line":21,"column":12},"end":{"line":21,"column":56}},"5":{"start":{"line":23,"column":12},"end":{"line":25,"column":15}},"6":{"start":{"line":24,"column":16},"end":{"line":24,"column":63}},"7":{"start":{"line":28,"column":8},"end":{"line":28,"column":18}},"8":{"start":{"line":33,"column":8},"end":{"line":42,"column":9}},"9":{"start":{"line":34,"column":12},"end":{"line":40,"column":13}},"10":{"start":{"line":35,"column":16},"end":{"line":39,"column":18}},"11":{"start":{"line":38,"column":31},"end":{"line":38,"column":50}},"12":{"start":{"line":41,"column":12},"end":{"line":41,"column":58}},"13":{"start":{"line":43,"column":8},"end":{"line":43,"column":18}}},"fnMap":{"0":{"name":"(anonymous_0)","decl":{"start":{"line":7,"column":10},"end":{"line":7,"column":11}},"loc":{"start":{"line":7,"column":26},"end":{"line":29,"column":5}},"line":7},"1":{"name":"(anonymous_1)","decl":{"start":{"line":20,"column":28},"end":{"line":20,"column":29}},"loc":{"start":{"line":20,"column":40},"end":{"line":26,"column":9}},"line":20},"2":{"name":"(anonymous_2)","decl":{"start":{"line":23,"column":36},"end":{"line":23,"column":37}},"loc":{"start":{"line":23,"column":42},"end":{"line":25,"column":13}},"line":23},"3":{"name":"(anonymous_3)","decl":{"start":{"line":32,"column":11},"end":{"line":32,"column":12}},"loc":{"start":{"line":32,"column":17},"end":{"line":44,"column":5}},"line":32},"4":{"name":"(anonymous_4)","decl":{"start":{"line":36,"column":26},"end":{"line":36,"column":27}},"loc":{"start":{"line":36,"column":32},"end":{"line":36,"column":35}},"line":36},"5":{"name":"(anonymous_5)","decl":{"start":{"line":37,"column":24},"end":{"line":37,"column":25}},"loc":{"start":{"line":37,"column":30},"end":{"line":37,"column":33}},"line":37},"6":{"name":"(anonymous_6)","decl":{"start":{"line":38,"column":24},"end":{"line":38,"column":25}},"loc":{"start":{"line":38,"column":31},"end":{"line":38,"column":50}},"line":38},"7":{"name":"(anonymous_7)","decl":{"start":{"line":38,"column":39},"end":{"line":38,"column":40}},"loc":{"start":{"line":38,"column":45},"end":{"line":38,"column":48}},"line":38}},"branchMap":{"0":{"loc":{"start":{"line":33,"column":8},"end":{"line":42,"column":9}},"type":"if","locations":[{"start":{"line":33,"column":8},"end":{"line":42,"column":9}},{"start":{},"end":{}}],"line":33},"1":{"loc":{"start":{"line":34,"column":12},"end":{"line":40,"column":13}},"type":"if","locations":[{"start":{"line":34,"column":12},"end":{"line":40,"column":13}},{"start":{},"end":{}}],"line":34}},"s":{"0":1,"1":1,"2":0,"3":0,"4":0,"5":0,"6":0,"7":0,"8":1,"9":1,"10":1,"11":0,"12":0,"13":0},"f":{"0":0,"1":0,"2":0,"3":1,"4":1,"5":0,"6":0,"7":0},"b":{"0":[1,0],"1":[1,0]},"_coverageSchema":"1a1c01bbd47fc00a2c39e90264f33305004495a9","hash":"cf5991e80b905aaf7b32ce81aa351cd429aa5381"}
,"C:\\Users\\ASUS\\Desktop\\New folder (2)\\toystore\\backend\\controllers\\authController.js": {"path":"C:\\Users\\ASUS\\Desktop\\New folder (2)\\toystore\\backend\\controllers\\authController.js","statementMap":{"0":{"start":{"line":1,"column":12},"end":{"line":1,"column":35}},"1":{"start":{"line":2,"column":13},"end":{"line":2,"column":43}},"2":{"start":{"line":3,"column":18},"end":{"line":3,"column":43}},"3":{"start":{"line":4,"column":15},"end":{"line":4,"column":32}},"4":{"start":{"line":5,"column":19},"end":{"line":5,"column":49}},"5":{"start":{"line":7,"column":18},"end":{"line":11,"column":1}},"6":{"start":{"line":8,"column":4},"end":{"line":10,"column":7}},"7":{"start":{"line":13,"column":24},"end":{"line":24,"column":1}},"8":{"start":{"line":14,"column":18},"end":{"line":14,"column":37}},"9":{"start":{"line":15,"column":4},"end":{"line":15,"column":30}},"10":{"start":{"line":17,"column":4},"end":{"line":23,"column":7}},"11":{"start":{"line":26,"column":0},"end":{"line":79,"column":3}},"12":{"start":{"line":28,"column":4},"end":{"line":48,"column":5}},"13":{"start":{"line":29,"column":8},"end":{"line":34,"column":11}},"14":{"start":{"line":37,"column":28},"end":{"line":39,"column":67}},"15":{"start":{"line":41,"column":8},"end":{"line":46,"column":9}},"16":{"start":{"line":42,"column":12},"end":{"line":45,"column":15}},"17":{"start":{"line":47,"column":8},"end":{"line":47,"column":18}},"18":{"start":{"line":50,"column":24},"end":{"line":50,"column":56}},"19":{"start":{"line":51,"column":4},"end":{"line":51,"column":54}},"20":{"start":{"line":54,"column":22},"end":{"line":54,"column":100}},"21":{"start":{"line":55,"column":20},"end":{"line":55,"column":150}},"22":{"start":{"line":57,"column":4},"end":{"line":78,"column":5}},"23":{"start":{"line":58,"column":8},"end":{"line":62,"column":11}},"24":{"start":{"line":64,"column":8},"end":{"line":67,"column":11}},"25":{"start":{"line":69,"column":8},"end":{"line":69,"column":51}},"26":{"start":{"line":70,"column":8},"end":{"line":70,"column":51}},"27":{"start":{"line":71,"column":8},"end":{"line":71,"column":53}},"28":{"start":{"line":72,"column":8},"end":{"line":72,"column":58}},"29":{"start":{"line":74,"column":8},"end":{"line":77,"column":11}},"30":{"start":{"line":81,"column":0},"end":{"line":98,"column":3}},"31":{"start":{"line":82,"column":24},"end":{"line":82,"column":90}},"32":{"start":{"line":83,"column":17},"end":{"line":86,"column":6}},"33":{"start":{"line":88,"column":4},"end":{"line":90,"column":5}},"34":{"start":{"line":89,"column":8},"end":{"line":89,"column":84}},"35":{"start":{"line":92,"column":4},"end":{"line":92,"column":30}},"36":{"start":{"line":93,"column":4},"end":{"line":93,"column":44}},"37":{"start":{"line":94,"column":4},"end":{"line":94,"column":46}},"38":{"start":{"line":95,"column":4},"end":{"line":95,"column":51}},"39":{"start":{"line":97,"column":4},"end":{"line":97,"column":62}},"40":{"start":{"line":100,"column":0},"end":{"line":114,"column":3}},"41":{"start":{"line":101,"column":32},"end":{"line":101,"column":40}},"42":{"start":{"line":103,"column":4},"end":{"line":105,"column":5}},"43":{"start":{"line":104,"column":8},"end":{"line":104,"column":105}},"44":{"start":{"line":107,"column":17},"end":{"line":107,"column":66}},"45":{"start":{"line":109,"column":4},"end":{"line":111,"column":5}},"46":{"start":{"line":110,"column":8},"end":{"line":110,"column":100}},"47":{"start":{"line":113,"column":4},"end":{"line":113,"column":36}}},"fnMap":{"0":{"name":"(anonymous_0)","decl":{"start":{"line":7,"column":18},"end":{"line":7,"column":19}},"loc":{"start":{"line":7,"column":24},"end":{"line":11,"column":1}},"line":7},"1":{"name":"(anonymous_1)","decl":{"start":{"line":13,"column":24},"end":{"line":13,"column":25}},"loc":{"start":{"line":13,"column":51},"end":{"line":24,"column":1}},"line":13},"2":{"name":"(anonymous_2)","decl":{"start":{"line":26,"column":28},"end":{"line":26,"column":29}},"loc":{"start":{"line":26,"column":54},"end":{"line":79,"column":1}},"line":26},"3":{"name":"(anonymous_3)","decl":{"start":{"line":81,"column":33},"end":{"line":81,"column":34}},"loc":{"start":{"line":81,"column":59},"end":{"line":98,"column":1}},"line":81},"4":{"name":"(anonymous_4)","decl":{"start":{"line":100,"column":27},"end":{"line":100,"column":28}},"loc":{"start":{"line":100,"column":53},"end":{"line":114,"column":1}},"line":100}},"branchMap":{"0":{"loc":{"start":{"line":37,"column":28},"end":{"line":39,"column":67}},"type":"binary-expr","locations":[{"start":{"line":37,"column":28},"end":{"line":37,"column":46}},{"start":{"line":38,"column":13},"end":{"line":38,"column":24}},{"start":{"line":38,"column":28},"end":{"line":38,"column":71}},{"start":{"line":39,"column":13},"end":{"line":39,"column":44}},{"start":{"line":39,"column":48},"end":{"line":39,"column":66}}],"line":37},"1":{"loc":{"start":{"line":41,"column":8},"end":{"line":46,"column":9}},"type":"if","locations":[{"start":{"line":41,"column":8},"end":{"line":46,"column":9}},{"start":{},"end":{}}],"line":41},"2":{"loc":{"start":{"line":88,"column":4},"end":{"line":90,"column":5}},"type":"if","locations":[{"start":{"line":88,"column":4},"end":{"line":90,"column":5}},{"start":{},"end":{}}],"line":88},"3":{"loc":{"start":{"line":103,"column":4},"end":{"line":105,"column":5}},"type":"if","locations":[{"start":{"line":103,"column":4},"end":{"line":105,"column":5}},{"start":{},"end":{}}],"line":103},"4":{"loc":{"start":{"line":103,"column":8},"end":{"line":103,"column":27}},"type":"binary-expr","locations":[{"start":{"line":103,"column":8},"end":{"line":103,"column":14}},{"start":{"line":103,"column":18},"end":{"line":103,"column":27}}],"line":103},"5":{"loc":{"start":{"line":109,"column":4},"end":{"line":111,"column":5}},"type":"if","locations":[{"start":{"line":109,"column":4},"end":{"line":111,"column":5}},{"start":{},"end":{}}],"line":109},"6":{"loc":{"start":{"line":109,"column":8},"end":{"line":109,"column":71}},"type":"binary-expr","locations":[{"start":{"line":109,"column":8},"end":{"line":109,"column":13}},{"start":{"line":109,"column":17},"end":{"line":109,"column":71}}],"line":109}},"s":{"0":3,"1":3,"2":3,"3":3,"4":3,"5":3,"6":1,"7":3,"8":1,"9":1,"10":1,"11":3,"12":2,"13":2,"14":1,"15":1,"16":1,"17":0,"18":1,"19":1,"20":1,"21":1,"22":1,"23":1,"24":1,"25":0,"26":0,"27":0,"28":0,"29":0,"30":3,"31":0,"32":0,"33":0,"34":0,"35":0,"36":0,"37":0,"38":0,"39":0,"40":3,"41":2,"42":2,"43":0,"44":2,"45":2,"46":1,"47":1},"f":{"0":1,"1":1,"2":2,"3":0,"4":2},"b":{"0":[1,0,0,0,0],"1":[1,0],"2":[0,0],"3":[0,2],"4":[2,2],"5":[1,1],"6":[2,2]},"_coverageSchema":"1a1c01bbd47fc00a2c39e90264f33305004495a9","hash":"0bf63dbf8293b55e14d96a4d668588c6282cacbb"}
,"C:\\Users\\ASUS\\Desktop\\New folder (2)\\toystore\\backend\\controllers\\bannerController.js": {"path":"C:\\Users\\ASUS\\Desktop\\New folder (2)\\toystore\\backend\\controllers\\bannerController.js","statementMap":{"0":{"start":{"line":1,"column":11},"end":{"line":1,"column":24}},"1":{"start":{"line":2,"column":13},"end":{"line":2,"column":28}},"2":{"start":{"line":3,"column":15},"end":{"line":3,"column":47}},"3":{"start":{"line":5,"column":0},"end":{"line":18,"column":2}},"4":{"start":{"line":6,"column":4},"end":{"line":17,"column":5}},"5":{"start":{"line":7,"column":8},"end":{"line":9,"column":9}},"6":{"start":{"line":8,"column":12},"end":{"line":8,"column":85}},"7":{"start":{"line":10,"column":26},"end":{"line":13,"column":10}},"8":{"start":{"line":14,"column":8},"end":{"line":14,"column":81}},"9":{"start":{"line":16,"column":8},"end":{"line":16,"column":71}},"10":{"start":{"line":20,"column":0},"end":{"line":28,"column":2}},"11":{"start":{"line":21,"column":4},"end":{"line":27,"column":5}},"12":{"start":{"line":22,"column":22},"end":{"line":22,"column":79}},"13":{"start":{"line":23,"column":24},"end":{"line":23,"column":66}},"14":{"start":{"line":24,"column":8},"end":{"line":24,"column":71}},"15":{"start":{"line":26,"column":8},"end":{"line":26,"column":71}},"16":{"start":{"line":31,"column":0},"end":{"line":59,"column":2}},"17":{"start":{"line":32,"column":4},"end":{"line":58,"column":5}},"18":{"start":{"line":34,"column":23},"end":{"line":34,"column":59}},"19":{"start":{"line":35,"column":8},"end":{"line":37,"column":9}},"20":{"start":{"line":36,"column":12},"end":{"line":36,"column":78}},"21":{"start":{"line":40,"column":8},"end":{"line":48,"column":9}},"22":{"start":{"line":42,"column":30},"end":{"line":42,"column":70}},"23":{"start":{"line":45,"column":12},"end":{"line":47,"column":13}},"24":{"start":{"line":46,"column":16},"end":{"line":46,"column":41}},"25":{"start":{"line":51,"column":8},"end":{"line":51,"column":54}},"26":{"start":{"line":54,"column":8},"end":{"line":54,"column":64}},"27":{"start":{"line":57,"column":8},"end":{"line":57,"column":71}},"28":{"start":{"line":62,"column":0},"end":{"line":75,"column":2}},"29":{"start":{"line":63,"column":4},"end":{"line":74,"column":5}},"30":{"start":{"line":64,"column":25},"end":{"line":64,"column":40}},"31":{"start":{"line":65,"column":8},"end":{"line":68,"column":9}},"32":{"start":{"line":66,"column":12},"end":{"line":66,"column":77}},"33":{"start":{"line":69,"column":23},"end":{"line":69,"column":95}},"34":{"start":{"line":70,"column":8},"end":{"line":70,"column":87}},"35":{"start":{"line":70,"column":21},"end":{"line":70,"column":87}},"36":{"start":{"line":71,"column":8},"end":{"line":71,"column":70}},"37":{"start":{"line":73,"column":8},"end":{"line":73,"column":71}}},"fnMap":{"0":{"name":"(anonymous_0)","decl":{"start":{"line":5,"column":23},"end":{"line":5,"column":24}},"loc":{"start":{"line":5,"column":43},"end":{"line":18,"column":1}},"line":5},"1":{"name":"(anonymous_1)","decl":{"start":{"line":20,"column":24},"end":{"line":20,"column":25}},"loc":{"start":{"line":20,"column":44},"end":{"line":28,"column":1}},"line":20},"2":{"name":"(anonymous_2)","decl":{"start":{"line":31,"column":23},"end":{"line":31,"column":24}},"loc":{"start":{"line":31,"column":43},"end":{"line":59,"column":1}},"line":31},"3":{"name":"(anonymous_3)","decl":{"start":{"line":62,"column":23},"end":{"line":62,"column":24}},"loc":{"start":{"line":62,"column":43},"end":{"line":75,"column":1}},"line":62}},"branchMap":{"0":{"loc":{"start":{"line":7,"column":8},"end":{"line":9,"column":9}},"type":"if","locations":[{"start":{"line":7,"column":8},"end":{"line":9,"column":9}},{"start":{},"end":{}}],"line":7},"1":{"loc":{"start":{"line":22,"column":22},"end":{"line":22,"column":79}},"type":"cond-expr","locations":[{"start":{"line":22,"column":56},"end":{"line":22,"column":74}},{"start":{"line":22,"column":77},"end":{"line":22,"column":79}}],"line":22},"2":{"loc":{"start":{"line":35,"column":8},"end":{"line":37,"column":9}},"type":"if","locations":[{"start":{"line":35,"column":8},"end":{"line":37,"column":9}},{"start":{},"end":{}}],"line":35},"3":{"loc":{"start":{"line":40,"column":8},"end":{"line":48,"column":9}},"type":"if","locations":[{"start":{"line":40,"column":8},"end":{"line":48,"column":9}},{"start":{},"end":{}}],"line":40},"4":{"loc":{"start":{"line":45,"column":12},"end":{"line":47,"column":13}},"type":"if","locations":[{"start":{"line":45,"column":12},"end":{"line":47,"column":13}},{"start":{},"end":{}}],"line":45},"5":{"loc":{"start":{"line":65,"column":8},"end":{"line":68,"column":9}},"type":"if","locations":[{"start":{"line":65,"column":8},"end":{"line":68,"column":9}},{"start":{},"end":{}}],"line":65},"6":{"loc":{"start":{"line":70,"column":8},"end":{"line":70,"column":87}},"type":"if","locations":[{"start":{"line":70,"column":8},"end":{"line":70,"column":87}},{"start":{},"end":{}}],"line":70}},"s":{"0":3,"1":3,"2":3,"3":3,"4":0,"5":0,"6":0,"7":0,"8":0,"9":0,"10":3,"11":0,"12":0,"13":0,"14":0,"15":0,"16":3,"17":0,"18":0,"19":0,"20":0,"21":0,"22":0,"23":0,"24":0,"25":0,"26":0,"27":0,"28":3,"29":0,"30":0,"31":0,"32":0,"33":0,"34":0,"35":0,"36":0,"37":0},"f":{"0":0,"1":0,"2":0,"3":0},"b":{"0":[0,0],"1":[0,0],"2":[0,0],"3":[0,0],"4":[0,0],"5":[0,0],"6":[0,0]},"_coverageSchema":"1a1c01bbd47fc00a2c39e90264f33305004495a9","hash":"733773d19fda83f5dd2eb33f4bbe895237a79a05"}
,"C:\\Users\\ASUS\\Desktop\\New folder (2)\\toystore\\backend\\controllers\\brandController.js": {"path":"C:\\Users\\ASUS\\Desktop\\New folder (2)\\toystore\\backend\\controllers\\brandController.js","statementMap":{"0":{"start":{"line":1,"column":14},"end":{"line":1,"column":45}},"1":{"start":{"line":2,"column":16},"end":{"line":2,"column":50}},"2":{"start":{"line":3,"column":19},"end":{"line":3,"column":49}},"3":{"start":{"line":4,"column":16},"end":{"line":4,"column":34}},"4":{"start":{"line":5,"column":13},"end":{"line":5,"column":28}},"5":{"start":{"line":6,"column":11},"end":{"line":6,"column":24}},"6":{"start":{"line":8,"column":0},"end":{"line":20,"column":3}},"7":{"start":{"line":9,"column":34},"end":{"line":9,"column":42}},"8":{"start":{"line":10,"column":4},"end":{"line":12,"column":5}},"9":{"start":{"line":11,"column":8},"end":{"line":11,"column":91}},"10":{"start":{"line":13,"column":21},"end":{"line":18,"column":6}},"11":{"start":{"line":19,"column":4},"end":{"line":19,"column":75}},"12":{"start":{"line":22,"column":0},"end":{"line":29,"column":3}},"13":{"start":{"line":23,"column":19},"end":{"line":23,"column":37}},"14":{"start":{"line":24,"column":4},"end":{"line":28,"column":7}},"15":{"start":{"line":31,"column":0},"end":{"line":35,"column":3}},"16":{"start":{"line":32,"column":18},"end":{"line":32,"column":53}},"17":{"start":{"line":33,"column":4},"end":{"line":33,"column":103}},"18":{"start":{"line":33,"column":16},"end":{"line":33,"column":103}},"19":{"start":{"line":34,"column":4},"end":{"line":34,"column":65}},"20":{"start":{"line":37,"column":0},"end":{"line":52,"column":3}},"21":{"start":{"line":38,"column":34},"end":{"line":38,"column":42}},"22":{"start":{"line":39,"column":23},"end":{"line":39,"column":44}},"23":{"start":{"line":41,"column":4},"end":{"line":43,"column":5}},"24":{"start":{"line":42,"column":8},"end":{"line":42,"column":57}},"25":{"start":{"line":44,"column":4},"end":{"line":46,"column":5}},"26":{"start":{"line":45,"column":8},"end":{"line":45,"column":71}},"27":{"start":{"line":48,"column":18},"end":{"line":48,"column":110}},"28":{"start":{"line":49,"column":4},"end":{"line":49,"column":103}},"29":{"start":{"line":49,"column":16},"end":{"line":49,"column":103}},"30":{"start":{"line":51,"column":4},"end":{"line":51,"column":65}},"31":{"start":{"line":54,"column":0},"end":{"line":65,"column":3}},"32":{"start":{"line":55,"column":18},"end":{"line":55,"column":53}},"33":{"start":{"line":56,"column":4},"end":{"line":56,"column":103}},"34":{"start":{"line":56,"column":16},"end":{"line":56,"column":103}},"35":{"start":{"line":58,"column":4},"end":{"line":61,"column":5}},"36":{"start":{"line":59,"column":26},"end":{"line":59,"column":64}},"37":{"start":{"line":60,"column":8},"end":{"line":60,"column":63}},"38":{"start":{"line":60,"column":38},"end":{"line":60,"column":63}},"39":{"start":{"line":63,"column":4},"end":{"line":63,"column":49}},"40":{"start":{"line":64,"column":4},"end":{"line":64,"column":60}},"41":{"start":{"line":67,"column":0},"end":{"line":71,"column":3}},"42":{"start":{"line":68,"column":18},"end":{"line":68,"column":64}},"43":{"start":{"line":69,"column":4},"end":{"line":69,"column":103}},"44":{"start":{"line":69,"column":16},"end":{"line":69,"column":103}},"45":{"start":{"line":70,"column":4},"end":{"line":70,"column":65}}},"fnMap":{"0":{"name":"(anonymous_0)","decl":{"start":{"line":8,"column":33},"end":{"line":8,"column":34}},"loc":{"start":{"line":8,"column":59},"end":{"line":20,"column":1}},"line":8},"1":{"name":"(anonymous_1)","decl":{"start":{"line":22,"column":34},"end":{"line":22,"column":35}},"loc":{"start":{"line":22,"column":60},"end":{"line":29,"column":1}},"line":22},"2":{"name":"(anonymous_2)","decl":{"start":{"line":31,"column":30},"end":{"line":31,"column":31}},"loc":{"start":{"line":31,"column":56},"end":{"line":35,"column":1}},"line":31},"3":{"name":"(anonymous_3)","decl":{"start":{"line":37,"column":33},"end":{"line":37,"column":34}},"loc":{"start":{"line":37,"column":59},"end":{"line":52,"column":1}},"line":37},"4":{"name":"(anonymous_4)","decl":{"start":{"line":54,"column":33},"end":{"line":54,"column":34}},"loc":{"start":{"line":54,"column":59},"end":{"line":65,"column":1}},"line":54},"5":{"name":"(anonymous_5)","decl":{"start":{"line":67,"column":36},"end":{"line":67,"column":37}},"loc":{"start":{"line":67,"column":62},"end":{"line":71,"column":1}},"line":67}},"branchMap":{"0":{"loc":{"start":{"line":10,"column":4},"end":{"line":12,"column":5}},"type":"if","locations":[{"start":{"line":10,"column":4},"end":{"line":12,"column":5}},{"start":{},"end":{}}],"line":10},"1":{"loc":{"start":{"line":33,"column":4},"end":{"line":33,"column":103}},"type":"if","locations":[{"start":{"line":33,"column":4},"end":{"line":33,"column":103}},{"start":{},"end":{}}],"line":33},"2":{"loc":{"start":{"line":41,"column":4},"end":{"line":43,"column":5}},"type":"if","locations":[{"start":{"line":41,"column":4},"end":{"line":43,"column":5}},{"start":{},"end":{}}],"line":41},"3":{"loc":{"start":{"line":44,"column":4},"end":{"line":46,"column":5}},"type":"if","locations":[{"start":{"line":44,"column":4},"end":{"line":46,"column":5}},{"start":{},"end":{}}],"line":44},"4":{"loc":{"start":{"line":49,"column":4},"end":{"line":49,"column":103}},"type":"if","locations":[{"start":{"line":49,"column":4},"end":{"line":49,"column":103}},{"start":{},"end":{}}],"line":49},"5":{"loc":{"start":{"line":56,"column":4},"end":{"line":56,"column":103}},"type":"if","locations":[{"start":{"line":56,"column":4},"end":{"line":56,"column":103}},{"start":{},"end":{}}],"line":56},"6":{"loc":{"start":{"line":58,"column":4},"end":{"line":61,"column":5}},"type":"if","locations":[{"start":{"line":58,"column":4},"end":{"line":61,"column":5}},{"start":{},"end":{}}],"line":58},"7":{"loc":{"start":{"line":60,"column":8},"end":{"line":60,"column":63}},"type":"if","locations":[{"start":{"line":60,"column":8},"end":{"line":60,"column":63}},{"start":{},"end":{}}],"line":60},"8":{"loc":{"start":{"line":69,"column":4},"end":{"line":69,"column":103}},"type":"if","locations":[{"start":{"line":69,"column":4},"end":{"line":69,"column":103}},{"start":{},"end":{}}],"line":69}},"s":{"0":3,"1":3,"2":3,"3":3,"4":3,"5":3,"6":3,"7":0,"8":0,"9":0,"10":0,"11":0,"12":3,"13":0,"14":0,"15":3,"16":0,"17":0,"18":0,"19":0,"20":3,"21":0,"22":0,"23":0,"24":0,"25":0,"26":0,"27":0,"28":0,"29":0,"30":0,"31":3,"32":0,"33":0,"34":0,"35":0,"36":0,"37":0,"38":0,"39":0,"40":0,"41":3,"42":0,"43":0,"44":0,"45":0},"f":{"0":0,"1":0,"2":0,"3":0,"4":0,"5":0},"b":{"0":[0,0],"1":[0,0],"2":[0,0],"3":[0,0],"4":[0,0],"5":[0,0],"6":[0,0],"7":[0,0],"8":[0,0]},"_coverageSchema":"1a1c01bbd47fc00a2c39e90264f33305004495a9","hash":"0fbf0013a36211431d95f56bda3408087c0daed1"}
,"C:\\Users\\ASUS\\Desktop\\New folder (2)\\toystore\\backend\\controllers\\categoryController.js": {"path":"C:\\Users\\ASUS\\Desktop\\New folder (2)\\toystore\\backend\\controllers\\categoryController.js","statementMap":{"0":{"start":{"line":1,"column":17},"end":{"line":1,"column":51}},"1":{"start":{"line":2,"column":16},"end":{"line":2,"column":50}},"2":{"start":{"line":3,"column":19},"end":{"line":3,"column":49}},"3":{"start":{"line":4,"column":16},"end":{"line":4,"column":34}},"4":{"start":{"line":5,"column":13},"end":{"line":5,"column":28}},"5":{"start":{"line":6,"column":11},"end":{"line":6,"column":24}},"6":{"start":{"line":8,"column":0},"end":{"line":22,"column":3}},"7":{"start":{"line":9,"column":40},"end":{"line":9,"column":48}},"8":{"start":{"line":10,"column":4},"end":{"line":12,"column":5}},"9":{"start":{"line":11,"column":8},"end":{"line":11,"column":97}},"10":{"start":{"line":14,"column":24},"end":{"line":20,"column":6}},"11":{"start":{"line":21,"column":4},"end":{"line":21,"column":81}},"12":{"start":{"line":24,"column":0},"end":{"line":27,"column":3}},"13":{"start":{"line":25,"column":23},"end":{"line":25,"column":71}},"14":{"start":{"line":26,"column":4},"end":{"line":26,"column":70}},"15":{"start":{"line":29,"column":0},"end":{"line":47,"column":3}},"16":{"start":{"line":30,"column":40},"end":{"line":30,"column":48}},"17":{"start":{"line":31,"column":23},"end":{"line":31,"column":44}},"18":{"start":{"line":33,"column":4},"end":{"line":36,"column":5}},"19":{"start":{"line":34,"column":8},"end":{"line":34,"column":31}},"20":{"start":{"line":35,"column":8},"end":{"line":35,"column":57}},"21":{"start":{"line":37,"column":4},"end":{"line":39,"column":5}},"22":{"start":{"line":38,"column":8},"end":{"line":38,"column":82}},"23":{"start":{"line":41,"column":21},"end":{"line":41,"column":116}},"24":{"start":{"line":42,"column":4},"end":{"line":44,"column":5}},"25":{"start":{"line":43,"column":8},"end":{"line":43,"column":92}},"26":{"start":{"line":46,"column":4},"end":{"line":46,"column":68}},"27":{"start":{"line":49,"column":0},"end":{"line":62,"column":3}},"28":{"start":{"line":50,"column":21},"end":{"line":50,"column":59}},"29":{"start":{"line":51,"column":4},"end":{"line":53,"column":5}},"30":{"start":{"line":52,"column":8},"end":{"line":52,"column":92}},"31":{"start":{"line":55,"column":4},"end":{"line":58,"column":5}},"32":{"start":{"line":56,"column":25},"end":{"line":56,"column":73}},"33":{"start":{"line":57,"column":8},"end":{"line":57,"column":61}},"34":{"start":{"line":57,"column":37},"end":{"line":57,"column":61}},"35":{"start":{"line":60,"column":4},"end":{"line":60,"column":52}},"36":{"start":{"line":61,"column":4},"end":{"line":61,"column":60}},"37":{"start":{"line":64,"column":0},"end":{"line":70,"column":3}},"38":{"start":{"line":65,"column":21},"end":{"line":65,"column":70}},"39":{"start":{"line":66,"column":4},"end":{"line":68,"column":5}},"40":{"start":{"line":67,"column":8},"end":{"line":67,"column":92}},"41":{"start":{"line":69,"column":4},"end":{"line":69,"column":68}},"42":{"start":{"line":72,"column":0},"end":{"line":72,"column":47}}},"fnMap":{"0":{"name":"(anonymous_0)","decl":{"start":{"line":8,"column":36},"end":{"line":8,"column":37}},"loc":{"start":{"line":8,"column":62},"end":{"line":22,"column":1}},"line":8},"1":{"name":"(anonymous_1)","decl":{"start":{"line":24,"column":38},"end":{"line":24,"column":39}},"loc":{"start":{"line":24,"column":64},"end":{"line":27,"column":1}},"line":24},"2":{"name":"(anonymous_2)","decl":{"start":{"line":29,"column":36},"end":{"line":29,"column":37}},"loc":{"start":{"line":29,"column":62},"end":{"line":47,"column":1}},"line":29},"3":{"name":"(anonymous_3)","decl":{"start":{"line":49,"column":36},"end":{"line":49,"column":37}},"loc":{"start":{"line":49,"column":62},"end":{"line":62,"column":1}},"line":49},"4":{"name":"(anonymous_4)","decl":{"start":{"line":64,"column":39},"end":{"line":64,"column":40}},"loc":{"start":{"line":64,"column":65},"end":{"line":70,"column":1}},"line":64}},"branchMap":{"0":{"loc":{"start":{"line":10,"column":4},"end":{"line":12,"column":5}},"type":"if","locations":[{"start":{"line":10,"column":4},"end":{"line":12,"column":5}},{"start":{},"end":{}}],"line":10},"1":{"loc":{"start":{"line":33,"column":4},"end":{"line":36,"column":5}},"type":"if","locations":[{"start":{"line":33,"column":4},"end":{"line":36,"column":5}},{"start":{},"end":{}}],"line":33},"2":{"loc":{"start":{"line":37,"column":4},"end":{"line":39,"column":5}},"type":"if","locations":[{"start":{"line":37,"column":4},"end":{"line":39,"column":5}},{"start":{},"end":{}}],"line":37},"3":{"loc":{"start":{"line":42,"column":4},"end":{"line":44,"column":5}},"type":"if","locations":[{"start":{"line":42,"column":4},"end":{"line":44,"column":5}},{"start":{},"end":{}}],"line":42},"4":{"loc":{"start":{"line":51,"column":4},"end":{"line":53,"column":5}},"type":"if","locations":[{"start":{"line":51,"column":4},"end":{"line":53,"column":5}},{"start":{},"end":{}}],"line":51},"5":{"loc":{"start":{"line":55,"column":4},"end":{"line":58,"column":5}},"type":"if","locations":[{"start":{"line":55,"column":4},"end":{"line":58,"column":5}},{"start":{},"end":{}}],"line":55},"6":{"loc":{"start":{"line":57,"column":8},"end":{"line":57,"column":61}},"type":"if","locations":[{"start":{"line":57,"column":8},"end":{"line":57,"column":61}},{"start":{},"end":{}}],"line":57},"7":{"loc":{"start":{"line":66,"column":4},"end":{"line":68,"column":5}},"type":"if","locations":[{"start":{"line":66,"column":4},"end":{"line":68,"column":5}},{"start":{},"end":{}}],"line":66}},"s":{"0":3,"1":3,"2":3,"3":3,"4":3,"5":3,"6":3,"7":0,"8":0,"9":0,"10":0,"11":0,"12":3,"13":0,"14":0,"15":3,"16":0,"17":0,"18":0,"19":0,"20":0,"21":0,"22":0,"23":0,"24":0,"25":0,"26":0,"27":3,"28":0,"29":0,"30":0,"31":0,"32":0,"33":0,"34":0,"35":0,"36":0,"37":3,"38":0,"39":0,"40":0,"41":0,"42":3},"f":{"0":0,"1":0,"2":0,"3":0,"4":0},"b":{"0":[0,0],"1":[0,0],"2":[0,0],"3":[0,0],"4":[0,0],"5":[0,0],"6":[0,0],"7":[0,0]},"_coverageSchema":"1a1c01bbd47fc00a2c39e90264f33305004495a9","hash":"04a0eda36b28c055d1600202110f6553d03d8179"}
,"C:\\Users\\ASUS\\Desktop\\New folder (2)\\toystore\\backend\\controllers\\collectionController.js": {"path":"C:\\Users\\ASUS\\Desktop\\New folder (2)\\toystore\\backend\\controllers\\collectionController.js","statementMap":{"0":{"start":{"line":1,"column":19},"end":{"line":1,"column":55}},"1":{"start":{"line":2,"column":16},"end":{"line":2,"column":34}},"2":{"start":{"line":4,"column":0},"end":{"line":11,"column":2}},"3":{"start":{"line":5,"column":4},"end":{"line":10,"column":5}},"4":{"start":{"line":6,"column":28},"end":{"line":6,"column":51}},"5":{"start":{"line":7,"column":8},"end":{"line":7,"column":75}},"6":{"start":{"line":9,"column":8},"end":{"line":9,"column":73}},"7":{"start":{"line":13,"column":0},"end":{"line":25,"column":2}},"8":{"start":{"line":14,"column":4},"end":{"line":24,"column":5}},"9":{"start":{"line":15,"column":38},"end":{"line":15,"column":46}},"10":{"start":{"line":16,"column":30},"end":{"line":20,"column":10}},"11":{"start":{"line":21,"column":8},"end":{"line":21,"column":89}},"12":{"start":{"line":23,"column":8},"end":{"line":23,"column":73}},"13":{"start":{"line":27,"column":0},"end":{"line":41,"column":2}},"14":{"start":{"line":28,"column":4},"end":{"line":40,"column":5}},"15":{"start":{"line":29,"column":38},"end":{"line":29,"column":46}},"16":{"start":{"line":30,"column":27},"end":{"line":30,"column":48}},"17":{"start":{"line":31,"column":8},"end":{"line":34,"column":9}},"18":{"start":{"line":33,"column":12},"end":{"line":33,"column":61}},"19":{"start":{"line":35,"column":27},"end":{"line":35,"column":124}},"20":{"start":{"line":36,"column":8},"end":{"line":36,"column":95}},"21":{"start":{"line":36,"column":25},"end":{"line":36,"column":95}},"22":{"start":{"line":37,"column":8},"end":{"line":37,"column":74}},"23":{"start":{"line":39,"column":8},"end":{"line":39,"column":73}},"24":{"start":{"line":43,"column":0},"end":{"line":51,"column":2}},"25":{"start":{"line":44,"column":4},"end":{"line":50,"column":5}},"26":{"start":{"line":45,"column":27},"end":{"line":45,"column":76}},"27":{"start":{"line":46,"column":8},"end":{"line":46,"column":95}},"28":{"start":{"line":46,"column":25},"end":{"line":46,"column":95}},"29":{"start":{"line":47,"column":8},"end":{"line":47,"column":64}},"30":{"start":{"line":49,"column":8},"end":{"line":49,"column":73}},"31":{"start":{"line":53,"column":0},"end":{"line":63,"column":2}},"32":{"start":{"line":54,"column":4},"end":{"line":62,"column":5}},"33":{"start":{"line":55,"column":27},"end":{"line":55,"column":78}},"34":{"start":{"line":56,"column":8},"end":{"line":58,"column":9}},"35":{"start":{"line":57,"column":12},"end":{"line":57,"column":82}},"36":{"start":{"line":59,"column":8},"end":{"line":59,"column":74}},"37":{"start":{"line":61,"column":8},"end":{"line":61,"column":71}}},"fnMap":{"0":{"name":"(anonymous_0)","decl":{"start":{"line":4,"column":28},"end":{"line":4,"column":29}},"loc":{"start":{"line":4,"column":48},"end":{"line":11,"column":1}},"line":4},"1":{"name":"(anonymous_1)","decl":{"start":{"line":13,"column":27},"end":{"line":13,"column":28}},"loc":{"start":{"line":13,"column":47},"end":{"line":25,"column":1}},"line":13},"2":{"name":"(anonymous_2)","decl":{"start":{"line":27,"column":27},"end":{"line":27,"column":28}},"loc":{"start":{"line":27,"column":47},"end":{"line":41,"column":1}},"line":27},"3":{"name":"(anonymous_3)","decl":{"start":{"line":43,"column":27},"end":{"line":43,"column":28}},"loc":{"start":{"line":43,"column":47},"end":{"line":51,"column":1}},"line":43},"4":{"name":"(anonymous_4)","decl":{"start":{"line":53,"column":30},"end":{"line":53,"column":31}},"loc":{"start":{"line":53,"column":50},"end":{"line":63,"column":1}},"line":53}},"branchMap":{"0":{"loc":{"start":{"line":31,"column":8},"end":{"line":34,"column":9}},"type":"if","locations":[{"start":{"line":31,"column":8},"end":{"line":34,"column":9}},{"start":{},"end":{}}],"line":31},"1":{"loc":{"start":{"line":36,"column":8},"end":{"line":36,"column":95}},"type":"if","locations":[{"start":{"line":36,"column":8},"end":{"line":36,"column":95}},{"start":{},"end":{}}],"line":36},"2":{"loc":{"start":{"line":46,"column":8},"end":{"line":46,"column":95}},"type":"if","locations":[{"start":{"line":46,"column":8},"end":{"line":46,"column":95}},{"start":{},"end":{}}],"line":46},"3":{"loc":{"start":{"line":56,"column":8},"end":{"line":58,"column":9}},"type":"if","locations":[{"start":{"line":56,"column":8},"end":{"line":58,"column":9}},{"start":{},"end":{}}],"line":56}},"s":{"0":3,"1":3,"2":3,"3":0,"4":0,"5":0,"6":0,"7":3,"8":0,"9":0,"10":0,"11":0,"12":0,"13":3,"14":0,"15":0,"16":0,"17":0,"18":0,"19":0,"20":0,"21":0,"22":0,"23":0,"24":3,"25":0,"26":0,"27":0,"28":0,"29":0,"30":0,"31":3,"32":0,"33":0,"34":0,"35":0,"36":0,"37":0},"f":{"0":0,"1":0,"2":0,"3":0,"4":0},"b":{"0":[0,0],"1":[0,0],"2":[0,0],"3":[0,0]},"_coverageSchema":"1a1c01bbd47fc00a2c39e90264f33305004495a9","hash":"d7cf33e8fa635b799c20f97db30cd138b317dc49"}
,"C:\\Users\\ASUS\\Desktop\\New folder (2)\\toystore\\backend\\controllers\\dashboardController.js": {"path":"C:\\Users\\ASUS\\Desktop\\New folder (2)\\toystore\\backend\\controllers\\dashboardController.js","statementMap":{"0":{"start":{"line":1,"column":14},"end":{"line":1,"column":45}},"1":{"start":{"line":2,"column":16},"end":{"line":2,"column":49}},"2":{"start":{"line":4,"column":0},"end":{"line":47,"column":2}},"3":{"start":{"line":5,"column":4},"end":{"line":46,"column":5}},"4":{"start":{"line":7,"column":28},"end":{"line":7,"column":88}},"5":{"start":{"line":10,"column":30},"end":{"line":13,"column":10}},"6":{"start":{"line":14,"column":29},"end":{"line":14,"column":89}},"7":{"start":{"line":17,"column":35},"end":{"line":21,"column":10}},"8":{"start":{"line":22,"column":34},"end":{"line":22,"column":109}},"9":{"start":{"line":25,"column":30},"end":{"line":25,"column":98}},"10":{"start":{"line":28,"column":32},"end":{"line":28,"column":82}},"11":{"start":{"line":31,"column":30},"end":{"line":31,"column":60}},"12":{"start":{"line":33,"column":8},"end":{"line":43,"column":11}},"13":{"start":{"line":45,"column":8},"end":{"line":45,"column":73}},"14":{"start":{"line":50,"column":0},"end":{"line":72,"column":2}},"15":{"start":{"line":51,"column":4},"end":{"line":71,"column":5}},"16":{"start":{"line":52,"column":30},"end":{"line":52,"column":40}},"17":{"start":{"line":53,"column":8},"end":{"line":53,"column":60}},"18":{"start":{"line":55,"column":26},"end":{"line":66,"column":10}},"19":{"start":{"line":68,"column":8},"end":{"line":68,"column":73}},"20":{"start":{"line":70,"column":8},"end":{"line":70,"column":73}}},"fnMap":{"0":{"name":"(anonymous_0)","decl":{"start":{"line":4,"column":27},"end":{"line":4,"column":28}},"loc":{"start":{"line":4,"column":47},"end":{"line":47,"column":1}},"line":4},"1":{"name":"(anonymous_1)","decl":{"start":{"line":50,"column":23},"end":{"line":50,"column":24}},"loc":{"start":{"line":50,"column":43},"end":{"line":72,"column":1}},"line":50}},"branchMap":{"0":{"loc":{"start":{"line":14,"column":29},"end":{"line":14,"column":89}},"type":"cond-expr","locations":[{"start":{"line":14,"column":56},"end":{"line":14,"column":85}},{"start":{"line":14,"column":88},"end":{"line":14,"column":89}}],"line":14},"1":{"loc":{"start":{"line":22,"column":34},"end":{"line":22,"column":109}},"type":"cond-expr","locations":[{"start":{"line":22,"column":66},"end":{"line":22,"column":105}},{"start":{"line":22,"column":108},"end":{"line":22,"column":109}}],"line":22}},"s":{"0":3,"1":3,"2":3,"3":0,"4":0,"5":0,"6":0,"7":0,"8":0,"9":0,"10":0,"11":0,"12":0,"13":0,"14":3,"15":0,"16":0,"17":0,"18":0,"19":0,"20":0},"f":{"0":0,"1":0},"b":{"0":[0,0],"1":[0,0]},"_coverageSchema":"1a1c01bbd47fc00a2c39e90264f33305004495a9","hash":"3851ba8e5a89afa28fd15ab7bc69b1b087a4a862"}
,"C:\\Users\\ASUS\\Desktop\\New folder (2)\\toystore\\backend\\controllers\\flashSaleController.js": {"path":"C:\\Users\\ASUS\\Desktop\\New folder (2)\\toystore\\backend\\controllers\\flashSaleController.js","statementMap":{"0":{"start":{"line":1,"column":16},"end":{"line":1,"column":49}},"1":{"start":{"line":2,"column":13},"end":{"line":2,"column":43}},"2":{"start":{"line":3,"column":31},"end":{"line":3,"column":66}},"3":{"start":{"line":4,"column":19},"end":{"line":4,"column":49}},"4":{"start":{"line":5,"column":18},"end":{"line":5,"column":53}},"5":{"start":{"line":8,"column":0},"end":{"line":17,"column":2}},"6":{"start":{"line":9,"column":4},"end":{"line":16,"column":5}},"7":{"start":{"line":10,"column":27},"end":{"line":12,"column":59}},"8":{"start":{"line":13,"column":8},"end":{"line":13,"column":74}},"9":{"start":{"line":15,"column":8},"end":{"line":15,"column":73}},"10":{"start":{"line":20,"column":0},"end":{"line":28,"column":2}},"11":{"start":{"line":21,"column":4},"end":{"line":27,"column":5}},"12":{"start":{"line":22,"column":26},"end":{"line":22,"column":136}},"13":{"start":{"line":23,"column":8},"end":{"line":23,"column":101}},"14":{"start":{"line":23,"column":24},"end":{"line":23,"column":101}},"15":{"start":{"line":24,"column":8},"end":{"line":24,"column":73}},"16":{"start":{"line":26,"column":8},"end":{"line":26,"column":73}},"17":{"start":{"line":31,"column":0},"end":{"line":71,"column":2}},"18":{"start":{"line":32,"column":4},"end":{"line":70,"column":5}},"19":{"start":{"line":33,"column":20},"end":{"line":33,"column":30}},"20":{"start":{"line":34,"column":8},"end":{"line":52,"column":9}},"21":{"start":{"line":36,"column":28},"end":{"line":36,"column":64}},"22":{"start":{"line":37,"column":12},"end":{"line":41,"column":13}},"23":{"start":{"line":38,"column":16},"end":{"line":40,"column":19}},"24":{"start":{"line":44,"column":36},"end":{"line":48,"column":14}},"25":{"start":{"line":49,"column":12},"end":{"line":51,"column":13}},"26":{"start":{"line":50,"column":16},"end":{"line":50,"column":142}},"27":{"start":{"line":54,"column":29},"end":{"line":54,"column":61}},"28":{"start":{"line":56,"column":8},"end":{"line":65,"column":9}},"29":{"start":{"line":57,"column":32},"end":{"line":57,"column":88}},"30":{"start":{"line":58,"column":12},"end":{"line":64,"column":15}},"31":{"start":{"line":59,"column":16},"end":{"line":63,"column":19}},"32":{"start":{"line":67,"column":8},"end":{"line":67,"column":87}},"33":{"start":{"line":69,"column":8},"end":{"line":69,"column":73}},"34":{"start":{"line":74,"column":0},"end":{"line":118,"column":2}},"35":{"start":{"line":75,"column":4},"end":{"line":117,"column":5}},"36":{"start":{"line":76,"column":20},"end":{"line":76,"column":30}},"37":{"start":{"line":77,"column":8},"end":{"line":98,"column":9}},"38":{"start":{"line":78,"column":12},"end":{"line":97,"column":13}},"39":{"start":{"line":80,"column":32},"end":{"line":80,"column":68}},"40":{"start":{"line":81,"column":16},"end":{"line":85,"column":17}},"41":{"start":{"line":82,"column":20},"end":{"line":84,"column":23}},"42":{"start":{"line":88,"column":40},"end":{"line":93,"column":18}},"43":{"start":{"line":94,"column":16},"end":{"line":96,"column":17}},"44":{"start":{"line":95,"column":20},"end":{"line":95,"column":146}},"45":{"start":{"line":100,"column":26},"end":{"line":100,"column":120}},"46":{"start":{"line":101,"column":8},"end":{"line":101,"column":101}},"47":{"start":{"line":101,"column":24},"end":{"line":101,"column":101}},"48":{"start":{"line":103,"column":8},"end":{"line":112,"column":9}},"49":{"start":{"line":104,"column":32},"end":{"line":104,"column":88}},"50":{"start":{"line":105,"column":12},"end":{"line":111,"column":15}},"51":{"start":{"line":106,"column":16},"end":{"line":110,"column":19}},"52":{"start":{"line":114,"column":8},"end":{"line":114,"column":73}},"53":{"start":{"line":116,"column":8},"end":{"line":116,"column":73}},"54":{"start":{"line":121,"column":0},"end":{"line":129,"column":2}},"55":{"start":{"line":122,"column":4},"end":{"line":128,"column":5}},"56":{"start":{"line":123,"column":26},"end":{"line":123,"column":74}},"57":{"start":{"line":124,"column":8},"end":{"line":124,"column":101}},"58":{"start":{"line":124,"column":24},"end":{"line":124,"column":101}},"59":{"start":{"line":125,"column":8},"end":{"line":125,"column":64}},"60":{"start":{"line":127,"column":8},"end":{"line":127,"column":73}},"61":{"start":{"line":131,"column":0},"end":{"line":143,"column":2}},"62":{"start":{"line":132,"column":4},"end":{"line":142,"column":5}},"63":{"start":{"line":133,"column":20},"end":{"line":133,"column":30}},"64":{"start":{"line":134,"column":28},"end":{"line":137,"column":99}},"65":{"start":{"line":139,"column":8},"end":{"line":139,"column":87}},"66":{"start":{"line":141,"column":8},"end":{"line":141,"column":73}}},"fnMap":{"0":{"name":"(anonymous_0)","decl":{"start":{"line":8,"column":27},"end":{"line":8,"column":28}},"loc":{"start":{"line":8,"column":47},"end":{"line":17,"column":1}},"line":8},"1":{"name":"(anonymous_1)","decl":{"start":{"line":20,"column":23},"end":{"line":20,"column":24}},"loc":{"start":{"line":20,"column":43},"end":{"line":28,"column":1}},"line":20},"2":{"name":"(anonymous_2)","decl":{"start":{"line":31,"column":26},"end":{"line":31,"column":27}},"loc":{"start":{"line":31,"column":46},"end":{"line":71,"column":1}},"line":31},"3":{"name":"(anonymous_3)","decl":{"start":{"line":58,"column":32},"end":{"line":58,"column":33}},"loc":{"start":{"line":58,"column":40},"end":{"line":64,"column":13}},"line":58},"4":{"name":"(anonymous_4)","decl":{"start":{"line":74,"column":26},"end":{"line":74,"column":27}},"loc":{"start":{"line":74,"column":46},"end":{"line":118,"column":1}},"line":74},"5":{"name":"(anonymous_5)","decl":{"start":{"line":105,"column":32},"end":{"line":105,"column":33}},"loc":{"start":{"line":105,"column":40},"end":{"line":111,"column":13}},"line":105},"6":{"name":"(anonymous_6)","decl":{"start":{"line":121,"column":26},"end":{"line":121,"column":27}},"loc":{"start":{"line":121,"column":46},"end":{"line":129,"column":1}},"line":121},"7":{"name":"(anonymous_7)","decl":{"start":{"line":131,"column":30},"end":{"line":131,"column":31}},"loc":{"start":{"line":131,"column":50},"end":{"line":143,"column":1}},"line":131}},"branchMap":{"0":{"loc":{"start":{"line":23,"column":8},"end":{"line":23,"column":101}},"type":"if","locations":[{"start":{"line":23,"column":8},"end":{"line":23,"column":101}},{"start":{},"end":{}}],"line":23},"1":{"loc":{"start":{"line":37,"column":12},"end":{"line":41,"column":13}},"type":"if","locations":[{"start":{"line":37,"column":12},"end":{"line":41,"column":13}},{"start":{},"end":{}}],"line":37},"2":{"loc":{"start":{"line":37,"column":16},"end":{"line":37,"column":67}},"type":"binary-expr","locations":[{"start":{"line":37,"column":16},"end":{"line":37,"column":24}},{"start":{"line":37,"column":28},"end":{"line":37,"column":67}}],"line":37},"3":{"loc":{"start":{"line":49,"column":12},"end":{"line":51,"column":13}},"type":"if","locations":[{"start":{"line":49,"column":12},"end":{"line":51,"column":13}},{"start":{},"end":{}}],"line":49},"4":{"loc":{"start":{"line":56,"column":8},"end":{"line":65,"column":9}},"type":"if","locations":[{"start":{"line":56,"column":8},"end":{"line":65,"column":9}},{"start":{},"end":{}}],"line":56},"5":{"loc":{"start":{"line":77,"column":8},"end":{"line":98,"column":9}},"type":"if","locations":[{"start":{"line":77,"column":8},"end":{"line":98,"column":9}},{"start":{},"end":{}}],"line":77},"6":{"loc":{"start":{"line":81,"column":16},"end":{"line":85,"column":17}},"type":"if","locations":[{"start":{"line":81,"column":16},"end":{"line":85,"column":17}},{"start":{},"end":{}}],"line":81},"7":{"loc":{"start":{"line":81,"column":20},"end":{"line":81,"column":71}},"type":"binary-expr","locations":[{"start":{"line":81,"column":20},"end":{"line":81,"column":28}},{"start":{"line":81,"column":32},"end":{"line":81,"column":71}}],"line":81},"8":{"loc":{"start":{"line":94,"column":16},"end":{"line":96,"column":17}},"type":"if","locations":[{"start":{"line":94,"column":16},"end":{"line":96,"column":17}},{"start":{},"end":{}}],"line":94},"9":{"loc":{"start":{"line":101,"column":8},"end":{"line":101,"column":101}},"type":"if","locations":[{"start":{"line":101,"column":8},"end":{"line":101,"column":101}},{"start":{},"end":{}}],"line":101},"10":{"loc":{"start":{"line":103,"column":8},"end":{"line":112,"column":9}},"type":"if","locations":[{"start":{"line":103,"column":8},"end":{"line":112,"column":9}},{"start":{},"end":{}}],"line":103},"11":{"loc":{"start":{"line":124,"column":8},"end":{"line":124,"column":101}},"type":"if","locations":[{"start":{"line":124,"column":8},"end":{"line":124,"column":101}},{"start":{},"end":{}}],"line":124}},"s":{"0":3,"1":3,"2":3,"3":3,"4":3,"5":3,"6":0,"7":0,"8":0,"9":0,"10":3,"11":0,"12":0,"13":0,"14":0,"15":0,"16":0,"17":3,"18":0,"19":0,"20":0,"21":0,"22":0,"23":0,"24":0,"25":0,"26":0,"27":0,"28":0,"29":0,"30":0,"31":0,"32":0,"33":0,"34":3,"35":0,"36":0,"37":0,"38":0,"39":0,"40":0,"41":0,"42":0,"43":0,"44":0,"45":0,"46":0,"47":0,"48":0,"49":0,"50":0,"51":0,"52":0,"53":0,"54":3,"55":0,"56":0,"57":0,"58":0,"59":0,"60":0,"61":3,"62":0,"63":0,"64":0,"65":0,"66":0},"f":{"0":0,"1":0,"2":0,"3":0,"4":0,"5":0,"6":0,"7":0},"b":{"0":[0,0],"1":[0,0],"2":[0,0],"3":[0,0],"4":[0,0],"5":[0,0],"6":[0,0],"7":[0,0],"8":[0,0],"9":[0,0],"10":[0,0],"11":[0,0]},"_coverageSchema":"1a1c01bbd47fc00a2c39e90264f33305004495a9","hash":"3c4a84f14211b7694addb90d36d986f9a1a977f5"}
,"C:\\Users\\ASUS\\Desktop\\New folder (2)\\toystore\\backend\\controllers\\orderController.js": {"path":"C:\\Users\\ASUS\\Desktop\\New folder (2)\\toystore\\backend\\controllers\\orderController.js","statementMap":{"0":{"start":{"line":1,"column":14},"end":{"line":1,"column":45}},"1":{"start":{"line":2,"column":16},"end":{"line":2,"column":49}},"2":{"start":{"line":3,"column":16},"end":{"line":3,"column":49}},"3":{"start":{"line":4,"column":16},"end":{"line":4,"column":50}},"4":{"start":{"line":5,"column":19},"end":{"line":5,"column":49}},"5":{"start":{"line":6,"column":18},"end":{"line":6,"column":43}},"6":{"start":{"line":7,"column":41},"end":{"line":7,"column":75}},"7":{"start":{"line":9,"column":0},"end":{"line":105,"column":3}},"8":{"start":{"line":10,"column":42},"end":{"line":10,"column":50}},"9":{"start":{"line":11,"column":4},"end":{"line":11,"column":44}},"10":{"start":{"line":12,"column":4},"end":{"line":12,"column":49}},"11":{"start":{"line":13,"column":4},"end":{"line":13,"column":58}},"12":{"start":{"line":15,"column":4},"end":{"line":17,"column":5}},"13":{"start":{"line":16,"column":8},"end":{"line":16,"column":97}},"14":{"start":{"line":19,"column":22},"end":{"line":19,"column":23}},"15":{"start":{"line":20,"column":27},"end":{"line":20,"column":29}},"16":{"start":{"line":22,"column":4},"end":{"line":40,"column":5}},"17":{"start":{"line":23,"column":24},"end":{"line":23,"column":60}},"18":{"start":{"line":24,"column":8},"end":{"line":26,"column":9}},"19":{"start":{"line":25,"column":12},"end":{"line":25,"column":120}},"20":{"start":{"line":29,"column":8},"end":{"line":31,"column":9}},"21":{"start":{"line":30,"column":12},"end":{"line":30,"column":126}},"22":{"start":{"line":33,"column":26},"end":{"line":33,"column":57}},"23":{"start":{"line":34,"column":8},"end":{"line":34,"column":49}},"24":{"start":{"line":35,"column":8},"end":{"line":39,"column":11}},"25":{"start":{"line":42,"column":21},"end":{"line":42,"column":43}},"26":{"start":{"line":43,"column":23},"end":{"line":43,"column":45}},"27":{"start":{"line":44,"column":22},"end":{"line":44,"column":38}},"28":{"start":{"line":47,"column":4},"end":{"line":61,"column":5}},"29":{"start":{"line":48,"column":24},"end":{"line":48,"column":57}},"30":{"start":{"line":49,"column":8},"end":{"line":51,"column":9}},"31":{"start":{"line":50,"column":12},"end":{"line":50,"column":99}},"32":{"start":{"line":52,"column":8},"end":{"line":54,"column":9}},"33":{"start":{"line":53,"column":12},"end":{"line":53,"column":121}},"34":{"start":{"line":55,"column":8},"end":{"line":57,"column":9}},"35":{"start":{"line":56,"column":12},"end":{"line":56,"column":105}},"36":{"start":{"line":60,"column":8},"end":{"line":60,"column":79}},"37":{"start":{"line":63,"column":21},"end":{"line":71,"column":6}},"38":{"start":{"line":74,"column":4},"end":{"line":82,"column":5}},"39":{"start":{"line":75,"column":19},"end":{"line":75,"column":47}},"40":{"start":{"line":76,"column":8},"end":{"line":79,"column":11}},"41":{"start":{"line":81,"column":8},"end":{"line":81,"column":57}},"42":{"start":{"line":85,"column":4},"end":{"line":97,"column":5}},"43":{"start":{"line":86,"column":29},"end":{"line":86,"column":92}},"44":{"start":{"line":87,"column":26},"end":{"line":87,"column":78}},"45":{"start":{"line":89,"column":8},"end":{"line":93,"column":11}},"46":{"start":{"line":94,"column":8},"end":{"line":94,"column":73}},"47":{"start":{"line":96,"column":8},"end":{"line":96,"column":59}},"48":{"start":{"line":99,"column":4},"end":{"line":104,"column":7}},"49":{"start":{"line":108,"column":0},"end":{"line":161,"column":3}},"50":{"start":{"line":109,"column":18},"end":{"line":109,"column":53}},"51":{"start":{"line":111,"column":4},"end":{"line":160,"column":5}},"52":{"start":{"line":112,"column":8},"end":{"line":112,"column":28}},"53":{"start":{"line":113,"column":8},"end":{"line":113,"column":34}},"54":{"start":{"line":114,"column":8},"end":{"line":119,"column":10}},"55":{"start":{"line":121,"column":8},"end":{"line":139,"column":9}},"56":{"start":{"line":122,"column":12},"end":{"line":122,"column":40}},"57":{"start":{"line":124,"column":12},"end":{"line":138,"column":13}},"58":{"start":{"line":125,"column":32},"end":{"line":125,"column":137}},"59":{"start":{"line":127,"column":16},"end":{"line":137,"column":17}},"60":{"start":{"line":128,"column":20},"end":{"line":136,"column":37}},"61":{"start":{"line":129,"column":35},"end":{"line":129,"column":63}},"62":{"start":{"line":130,"column":24},"end":{"line":135,"column":27}},"63":{"start":{"line":141,"column":29},"end":{"line":141,"column":47}},"64":{"start":{"line":144,"column":8},"end":{"line":155,"column":9}},"65":{"start":{"line":145,"column":25},"end":{"line":145,"column":55}},"66":{"start":{"line":146,"column":34},"end":{"line":146,"column":79}},"67":{"start":{"line":147,"column":12},"end":{"line":152,"column":13}},"68":{"start":{"line":148,"column":16},"end":{"line":150,"column":19}},"69":{"start":{"line":151,"column":16},"end":{"line":151,"column":97}},"70":{"start":{"line":154,"column":12},"end":{"line":154,"column":70}},"71":{"start":{"line":157,"column":8},"end":{"line":157,"column":83}},"72":{"start":{"line":159,"column":8},"end":{"line":159,"column":85}},"73":{"start":{"line":164,"column":0},"end":{"line":177,"column":3}},"74":{"start":{"line":165,"column":18},"end":{"line":165,"column":53}},"75":{"start":{"line":167,"column":4},"end":{"line":176,"column":5}},"76":{"start":{"line":168,"column":8},"end":{"line":168,"column":33}},"77":{"start":{"line":169,"column":8},"end":{"line":169,"column":39}},"78":{"start":{"line":170,"column":8},"end":{"line":170,"column":35}},"79":{"start":{"line":172,"column":29},"end":{"line":172,"column":47}},"80":{"start":{"line":173,"column":8},"end":{"line":173,"column":83}},"81":{"start":{"line":175,"column":8},"end":{"line":175,"column":85}},"82":{"start":{"line":179,"column":0},"end":{"line":189,"column":3}},"83":{"start":{"line":180,"column":19},"end":{"line":180,"column":73}},"84":{"start":{"line":182,"column":4},"end":{"line":188,"column":7}},"85":{"start":{"line":191,"column":0},"end":{"line":214,"column":3}},"86":{"start":{"line":192,"column":16},"end":{"line":192,"column":91}},"87":{"start":{"line":193,"column":16},"end":{"line":193,"column":27}},"88":{"start":{"line":195,"column":4},"end":{"line":197,"column":5}},"89":{"start":{"line":196,"column":8},"end":{"line":196,"column":103}},"90":{"start":{"line":201,"column":24},"end":{"line":201,"column":96}},"91":{"start":{"line":203,"column":4},"end":{"line":206,"column":5}},"92":{"start":{"line":204,"column":8},"end":{"line":204,"column":117}},"93":{"start":{"line":205,"column":8},"end":{"line":205,"column":104}},"94":{"start":{"line":208,"column":4},"end":{"line":213,"column":7}},"95":{"start":{"line":216,"column":0},"end":{"line":281,"column":3}},"96":{"start":{"line":217,"column":34},"end":{"line":217,"column":42}},"97":{"start":{"line":218,"column":18},"end":{"line":218,"column":53}},"98":{"start":{"line":219,"column":4},"end":{"line":219,"column":100}},"99":{"start":{"line":219,"column":16},"end":{"line":219,"column":100}},"100":{"start":{"line":221,"column":22},"end":{"line":221,"column":34}},"101":{"start":{"line":222,"column":31},"end":{"line":228,"column":5}},"102":{"start":{"line":230,"column":4},"end":{"line":235,"column":5}},"103":{"start":{"line":231,"column":8},"end":{"line":234,"column":11}},"104":{"start":{"line":239,"column":4},"end":{"line":262,"column":5}},"105":{"start":{"line":240,"column":8},"end":{"line":261,"column":9}},"106":{"start":{"line":241,"column":28},"end":{"line":241,"column":64}},"107":{"start":{"line":242,"column":12},"end":{"line":247,"column":13}},"108":{"start":{"line":243,"column":16},"end":{"line":246,"column":19}},"109":{"start":{"line":248,"column":35},"end":{"line":248,"column":140}},"110":{"start":{"line":250,"column":12},"end":{"line":260,"column":13}},"111":{"start":{"line":251,"column":16},"end":{"line":259,"column":33}},"112":{"start":{"line":252,"column":31},"end":{"line":252,"column":59}},"113":{"start":{"line":253,"column":20},"end":{"line":258,"column":23}},"114":{"start":{"line":265,"column":4},"end":{"line":274,"column":5}},"115":{"start":{"line":266,"column":8},"end":{"line":268,"column":9}},"116":{"start":{"line":267,"column":12},"end":{"line":267,"column":103}},"117":{"start":{"line":271,"column":8},"end":{"line":273,"column":9}},"118":{"start":{"line":272,"column":12},"end":{"line":272,"column":88}},"119":{"start":{"line":276,"column":4},"end":{"line":276,"column":29}},"120":{"start":{"line":277,"column":4},"end":{"line":277,"column":23}},"121":{"start":{"line":278,"column":4},"end":{"line":278,"column":45}},"122":{"start":{"line":280,"column":4},"end":{"line":280,"column":65}},"123":{"start":{"line":283,"column":0},"end":{"line":286,"column":3}},"124":{"start":{"line":284,"column":19},"end":{"line":284,"column":77}},"125":{"start":{"line":285,"column":4},"end":{"line":285,"column":66}},"126":{"start":{"line":289,"column":0},"end":{"line":316,"column":3}},"127":{"start":{"line":290,"column":18},"end":{"line":290,"column":53}},"128":{"start":{"line":291,"column":4},"end":{"line":291,"column":100}},"129":{"start":{"line":291,"column":16},"end":{"line":291,"column":100}},"130":{"start":{"line":293,"column":4},"end":{"line":295,"column":5}},"131":{"start":{"line":294,"column":8},"end":{"line":294,"column":122}},"132":{"start":{"line":297,"column":43},"end":{"line":297,"column":51}},"133":{"start":{"line":298,"column":28},"end":{"line":298,"column":88}},"134":{"start":{"line":298,"column":53},"end":{"line":298,"column":87}},"135":{"start":{"line":300,"column":4},"end":{"line":304,"column":5}},"136":{"start":{"line":301,"column":8},"end":{"line":301,"column":45}},"137":{"start":{"line":303,"column":8},"end":{"line":303,"column":69}},"138":{"start":{"line":307,"column":4},"end":{"line":307,"column":87}},"139":{"start":{"line":309,"column":21},"end":{"line":309,"column":94}},"140":{"start":{"line":309,"column":58},"end":{"line":309,"column":90}},"141":{"start":{"line":310,"column":23},"end":{"line":310,"column":55}},"142":{"start":{"line":311,"column":4},"end":{"line":311,"column":56}},"143":{"start":{"line":313,"column":4},"end":{"line":313,"column":23}},"144":{"start":{"line":314,"column":4},"end":{"line":314,"column":45}},"145":{"start":{"line":315,"column":4},"end":{"line":315,"column":65}},"146":{"start":{"line":318,"column":0},"end":{"line":352,"column":3}},"147":{"start":{"line":319,"column":18},"end":{"line":319,"column":53}},"148":{"start":{"line":320,"column":4},"end":{"line":320,"column":100}},"149":{"start":{"line":320,"column":16},"end":{"line":320,"column":100}},"150":{"start":{"line":322,"column":4},"end":{"line":324,"column":5}},"151":{"start":{"line":323,"column":8},"end":{"line":323,"column":122}},"152":{"start":{"line":326,"column":26},"end":{"line":326,"column":36}},"153":{"start":{"line":327,"column":25},"end":{"line":327,"column":33}},"154":{"start":{"line":328,"column":22},"end":{"line":328,"column":87}},"155":{"start":{"line":328,"column":52},"end":{"line":328,"column":86}},"156":{"start":{"line":329,"column":4},"end":{"line":329,"column":119}},"157":{"start":{"line":329,"column":26},"end":{"line":329,"column":119}},"158":{"start":{"line":331,"column":24},"end":{"line":331,"column":58}},"159":{"start":{"line":332,"column":31},"end":{"line":332,"column":53}},"160":{"start":{"line":335,"column":4},"end":{"line":337,"column":5}},"161":{"start":{"line":336,"column":8},"end":{"line":336,"column":100}},"162":{"start":{"line":339,"column":4},"end":{"line":343,"column":5}},"163":{"start":{"line":340,"column":8},"end":{"line":340,"column":54}},"164":{"start":{"line":342,"column":8},"end":{"line":342,"column":44}},"165":{"start":{"line":345,"column":21},"end":{"line":345,"column":94}},"166":{"start":{"line":345,"column":58},"end":{"line":345,"column":90}},"167":{"start":{"line":346,"column":23},"end":{"line":346,"column":55}},"168":{"start":{"line":347,"column":4},"end":{"line":347,"column":56}},"169":{"start":{"line":349,"column":4},"end":{"line":349,"column":52}},"170":{"start":{"line":350,"column":4},"end":{"line":350,"column":45}},"171":{"start":{"line":351,"column":4},"end":{"line":351,"column":65}},"172":{"start":{"line":354,"column":0},"end":{"line":378,"column":3}},"173":{"start":{"line":355,"column":18},"end":{"line":355,"column":53}},"174":{"start":{"line":356,"column":4},"end":{"line":356,"column":100}},"175":{"start":{"line":356,"column":16},"end":{"line":356,"column":100}},"176":{"start":{"line":358,"column":4},"end":{"line":360,"column":5}},"177":{"start":{"line":359,"column":8},"end":{"line":359,"column":122}},"178":{"start":{"line":362,"column":26},"end":{"line":362,"column":36}},"179":{"start":{"line":363,"column":24},"end":{"line":363,"column":84}},"180":{"start":{"line":363,"column":49},"end":{"line":363,"column":83}},"181":{"start":{"line":365,"column":4},"end":{"line":369,"column":5}},"182":{"start":{"line":367,"column":8},"end":{"line":367,"column":102}},"183":{"start":{"line":368,"column":8},"end":{"line":368,"column":88}},"184":{"start":{"line":368,"column":52},"end":{"line":368,"column":86}},"185":{"start":{"line":371,"column":21},"end":{"line":371,"column":94}},"186":{"start":{"line":371,"column":58},"end":{"line":371,"column":90}},"187":{"start":{"line":372,"column":23},"end":{"line":372,"column":55}},"188":{"start":{"line":373,"column":4},"end":{"line":373,"column":56}},"189":{"start":{"line":375,"column":4},"end":{"line":375,"column":23}},"190":{"start":{"line":376,"column":4},"end":{"line":376,"column":45}},"191":{"start":{"line":377,"column":4},"end":{"line":377,"column":65}},"192":{"start":{"line":380,"column":0},"end":{"line":396,"column":3}},"193":{"start":{"line":381,"column":18},"end":{"line":381,"column":82}},"194":{"start":{"line":382,"column":4},"end":{"line":382,"column":100}},"195":{"start":{"line":382,"column":16},"end":{"line":382,"column":100}},"196":{"start":{"line":385,"column":24},"end":{"line":385,"column":104}},"197":{"start":{"line":386,"column":4},"end":{"line":388,"column":5}},"198":{"start":{"line":387,"column":8},"end":{"line":387,"column":103}},"199":{"start":{"line":390,"column":32},"end":{"line":390,"column":64}},"200":{"start":{"line":392,"column":4},"end":{"line":392,"column":53}},"201":{"start":{"line":393,"column":4},"end":{"line":393,"column":90}},"202":{"start":{"line":395,"column":4},"end":{"line":395,"column":42}}},"fnMap":{"0":{"name":"(anonymous_0)","decl":{"start":{"line":9,"column":33},"end":{"line":9,"column":34}},"loc":{"start":{"line":9,"column":59},"end":{"line":105,"column":1}},"line":9},"1":{"name":"(anonymous_1)","decl":{"start":{"line":108,"column":39},"end":{"line":108,"column":40}},"loc":{"start":{"line":108,"column":65},"end":{"line":161,"column":1}},"line":108},"2":{"name":"(anonymous_2)","decl":{"start":{"line":164,"column":44},"end":{"line":164,"column":45}},"loc":{"start":{"line":164,"column":70},"end":{"line":177,"column":1}},"line":164},"3":{"name":"(anonymous_3)","decl":{"start":{"line":179,"column":34},"end":{"line":179,"column":35}},"loc":{"start":{"line":179,"column":60},"end":{"line":189,"column":1}},"line":179},"4":{"name":"(anonymous_4)","decl":{"start":{"line":191,"column":30},"end":{"line":191,"column":31}},"loc":{"start":{"line":191,"column":56},"end":{"line":214,"column":1}},"line":191},"5":{"name":"(anonymous_5)","decl":{"start":{"line":216,"column":39},"end":{"line":216,"column":40}},"loc":{"start":{"line":216,"column":65},"end":{"line":281,"column":1}},"line":216},"6":{"name":"(anonymous_6)","decl":{"start":{"line":283,"column":33},"end":{"line":283,"column":34}},"loc":{"start":{"line":283,"column":59},"end":{"line":286,"column":1}},"line":283},"7":{"name":"(anonymous_7)","decl":{"start":{"line":289,"column":39},"end":{"line":289,"column":40}},"loc":{"start":{"line":289,"column":65},"end":{"line":316,"column":1}},"line":289},"8":{"name":"(anonymous_8)","decl":{"start":{"line":298,"column":48},"end":{"line":298,"column":49}},"loc":{"start":{"line":298,"column":53},"end":{"line":298,"column":87}},"line":298},"9":{"name":"(anonymous_9)","decl":{"start":{"line":309,"column":43},"end":{"line":309,"column":44}},"loc":{"start":{"line":309,"column":58},"end":{"line":309,"column":90}},"line":309},"10":{"name":"(anonymous_10)","decl":{"start":{"line":318,"column":42},"end":{"line":318,"column":43}},"loc":{"start":{"line":318,"column":68},"end":{"line":352,"column":1}},"line":318},"11":{"name":"(anonymous_11)","decl":{"start":{"line":328,"column":47},"end":{"line":328,"column":48}},"loc":{"start":{"line":328,"column":52},"end":{"line":328,"column":86}},"line":328},"12":{"name":"(anonymous_12)","decl":{"start":{"line":345,"column":43},"end":{"line":345,"column":44}},"loc":{"start":{"line":345,"column":58},"end":{"line":345,"column":90}},"line":345},"13":{"name":"(anonymous_13)","decl":{"start":{"line":354,"column":44},"end":{"line":354,"column":45}},"loc":{"start":{"line":354,"column":70},"end":{"line":378,"column":1}},"line":354},"14":{"name":"(anonymous_14)","decl":{"start":{"line":363,"column":44},"end":{"line":363,"column":45}},"loc":{"start":{"line":363,"column":49},"end":{"line":363,"column":83}},"line":363},"15":{"name":"(anonymous_15)","decl":{"start":{"line":368,"column":47},"end":{"line":368,"column":48}},"loc":{"start":{"line":368,"column":52},"end":{"line":368,"column":86}},"line":368},"16":{"name":"(anonymous_16)","decl":{"start":{"line":371,"column":43},"end":{"line":371,"column":44}},"loc":{"start":{"line":371,"column":58},"end":{"line":371,"column":90}},"line":371},"17":{"name":"(anonymous_17)","decl":{"start":{"line":380,"column":32},"end":{"line":380,"column":33}},"loc":{"start":{"line":380,"column":58},"end":{"line":396,"column":1}},"line":380}},"branchMap":{"0":{"loc":{"start":{"line":15,"column":4},"end":{"line":17,"column":5}},"type":"if","locations":[{"start":{"line":15,"column":4},"end":{"line":17,"column":5}},{"start":{},"end":{}}],"line":15},"1":{"loc":{"start":{"line":15,"column":8},"end":{"line":15,"column":42}},"type":"binary-expr","locations":[{"start":{"line":15,"column":8},"end":{"line":15,"column":17}},{"start":{"line":15,"column":21},"end":{"line":15,"column":42}}],"line":15},"2":{"loc":{"start":{"line":24,"column":8},"end":{"line":26,"column":9}},"type":"if","locations":[{"start":{"line":24,"column":8},"end":{"line":26,"column":9}},{"start":{},"end":{}}],"line":24},"3":{"loc":{"start":{"line":29,"column":8},"end":{"line":31,"column":9}},"type":"if","locations":[{"start":{"line":29,"column":8},"end":{"line":31,"column":9}},{"start":{},"end":{}}],"line":29},"4":{"loc":{"start":{"line":33,"column":26},"end":{"line":33,"column":57}},"type":"binary-expr","locations":[{"start":{"line":33,"column":26},"end":{"line":33,"column":36}},{"start":{"line":33,"column":40},"end":{"line":33,"column":57}}],"line":33},"5":{"loc":{"start":{"line":42,"column":21},"end":{"line":42,"column":43}},"type":"binary-expr","locations":[{"start":{"line":42,"column":21},"end":{"line":42,"column":38}},{"start":{"line":42,"column":42},"end":{"line":42,"column":43}}],"line":42},"6":{"loc":{"start":{"line":47,"column":4},"end":{"line":61,"column":5}},"type":"if","locations":[{"start":{"line":47,"column":4},"end":{"line":61,"column":5}},{"start":{},"end":{}}],"line":47},"7":{"loc":{"start":{"line":49,"column":8},"end":{"line":51,"column":9}},"type":"if","locations":[{"start":{"line":49,"column":8},"end":{"line":51,"column":9}},{"start":{},"end":{}}],"line":49},"8":{"loc":{"start":{"line":52,"column":8},"end":{"line":54,"column":9}},"type":"if","locations":[{"start":{"line":52,"column":8},"end":{"line":54,"column":9}},{"start":{},"end":{}}],"line":52},"9":{"loc":{"start":{"line":52,"column":12},"end":{"line":52,"column":63}},"type":"binary-expr","locations":[{"start":{"line":52,"column":12},"end":{"line":52,"column":29}},{"start":{"line":52,"column":33},"end":{"line":52,"column":63}}],"line":52},"10":{"loc":{"start":{"line":55,"column":8},"end":{"line":57,"column":9}},"type":"if","locations":[{"start":{"line":55,"column":8},"end":{"line":57,"column":9}},{"start":{},"end":{}}],"line":55},"11":{"loc":{"start":{"line":67,"column":21},"end":{"line":67,"column":52}},"type":"cond-expr","locations":[{"start":{"line":67,"column":38},"end":{"line":67,"column":48}},{"start":{"line":67,"column":51},"end":{"line":67,"column":52}}],"line":67},"12":{"loc":{"start":{"line":70,"column":23},"end":{"line":70,"column":54}},"type":"binary-expr","locations":[{"start":{"line":70,"column":23},"end":{"line":70,"column":45}},{"start":{"line":70,"column":49},"end":{"line":70,"column":54}}],"line":70},"13":{"loc":{"start":{"line":111,"column":4},"end":{"line":160,"column":5}},"type":"if","locations":[{"start":{"line":111,"column":4},"end":{"line":160,"column":5}},{"start":{"line":158,"column":11},"end":{"line":160,"column":5}}],"line":111},"14":{"loc":{"start":{"line":121,"column":8},"end":{"line":139,"column":9}},"type":"if","locations":[{"start":{"line":121,"column":8},"end":{"line":139,"column":9}},{"start":{},"end":{}}],"line":121},"15":{"loc":{"start":{"line":127,"column":16},"end":{"line":137,"column":17}},"type":"if","locations":[{"start":{"line":127,"column":16},"end":{"line":137,"column":17}},{"start":{},"end":{}}],"line":127},"16":{"loc":{"start":{"line":127,"column":20},"end":{"line":127,"column":81}},"type":"binary-expr","locations":[{"start":{"line":127,"column":20},"end":{"line":127,"column":27}},{"start":{"line":127,"column":31},"end":{"line":127,"column":81}}],"line":127},"17":{"loc":{"start":{"line":147,"column":12},"end":{"line":152,"column":13}},"type":"if","locations":[{"start":{"line":147,"column":12},"end":{"line":152,"column":13}},{"start":{},"end":{}}],"line":147},"18":{"loc":{"start":{"line":167,"column":4},"end":{"line":176,"column":5}},"type":"if","locations":[{"start":{"line":167,"column":4},"end":{"line":176,"column":5}},{"start":{"line":174,"column":11},"end":{"line":176,"column":5}}],"line":167},"19":{"loc":{"start":{"line":195,"column":4},"end":{"line":197,"column":5}},"type":"if","locations":[{"start":{"line":195,"column":4},"end":{"line":197,"column":5}},{"start":{},"end":{}}],"line":195},"20":{"loc":{"start":{"line":201,"column":24},"end":{"line":201,"column":96}},"type":"cond-expr","locations":[{"start":{"line":201,"column":51},"end":{"line":201,"column":74}},{"start":{"line":201,"column":77},"end":{"line":201,"column":96}}],"line":201},"21":{"loc":{"start":{"line":201,"column":24},"end":{"line":201,"column":48}},"type":"binary-expr","locations":[{"start":{"line":201,"column":24},"end":{"line":201,"column":32}},{"start":{"line":201,"column":36},"end":{"line":201,"column":48}}],"line":201},"22":{"loc":{"start":{"line":203,"column":4},"end":{"line":206,"column":5}},"type":"if","locations":[{"start":{"line":203,"column":4},"end":{"line":206,"column":5}},{"start":{},"end":{}}],"line":203},"23":{"loc":{"start":{"line":203,"column":8},"end":{"line":203,"column":64}},"type":"binary-expr","locations":[{"start":{"line":203,"column":8},"end":{"line":203,"column":33}},{"start":{"line":203,"column":37},"end":{"line":203,"column":64}}],"line":203},"24":{"loc":{"start":{"line":219,"column":4},"end":{"line":219,"column":100}},"type":"if","locations":[{"start":{"line":219,"column":4},"end":{"line":219,"column":100}},{"start":{},"end":{}}],"line":219},"25":{"loc":{"start":{"line":230,"column":4},"end":{"line":235,"column":5}},"type":"if","locations":[{"start":{"line":230,"column":4},"end":{"line":235,"column":5}},{"start":{},"end":{}}],"line":230},"26":{"loc":{"start":{"line":230,"column":8},"end":{"line":230,"column":92}},"type":"binary-expr","locations":[{"start":{"line":230,"column":8},"end":{"line":230,"column":38}},{"start":{"line":230,"column":42},"end":{"line":230,"column":92}}],"line":230},"27":{"loc":{"start":{"line":239,"column":4},"end":{"line":262,"column":5}},"type":"if","locations":[{"start":{"line":239,"column":4},"end":{"line":262,"column":5}},{"start":{},"end":{}}],"line":239},"28":{"loc":{"start":{"line":239,"column":8},"end":{"line":239,"column":61}},"type":"binary-expr","locations":[{"start":{"line":239,"column":8},"end":{"line":239,"column":31}},{"start":{"line":239,"column":35},"end":{"line":239,"column":61}}],"line":239},"29":{"loc":{"start":{"line":242,"column":12},"end":{"line":247,"column":13}},"type":"if","locations":[{"start":{"line":242,"column":12},"end":{"line":247,"column":13}},{"start":{},"end":{}}],"line":242},"30":{"loc":{"start":{"line":250,"column":12},"e
[...]
,"C:\\Users\\ASUS\\Desktop\\New folder (2)\\toystore\\backend\\routes\\flashSaleRoutes.js": {"path":"C:\\Users\\ASUS\\Desktop\\New folder (2)\\toystore\\backend\\routes\\flashSaleRoutes.js","statementMap":{"0":{"start":{"line":1,"column":16},"end":{"line":1,"column":34}},"1":{"start":{"line":2,"column":28},"end":{"line":2,"column":73}},"2":{"start":{"line":3,"column":23},"end":{"line":3,"column":62}},"3":{"start":{"line":5,"column":15},"end":{"line":5,"column":31}},"4":{"start":{"line":8,"column":0},"end":{"line":8,"column":63}},"5":{"start":{"line":10,"column":0},"end":{"line":12,"column":107}},"6":{"start":{"line":14,"column":0},"end":{"line":17,"column":109}},"7":{"start":{"line":19,"column":0},"end":{"line":19,"column":24}}},"fnMap":{},"branchMap":{},"s":{"0":3,"1":3,"2":3,"3":3,"4":3,"5":3,"6":3,"7":3},"f":{},"b":{},"_coverageSchema":"1a1c01bbd47fc00a2c39e90264f33305004495a9","hash":"fc9ee232ace95bcbac028c24e371546a40ee0b9c"}
,"C:\\Users\\ASUS\\Desktop\\New folder (2)\\toystore\\backend\\routes\\orderRoutes.js": {"path":"C:\\Users\\ASUS\\Desktop\\New folder (2)\\toystore\\backend\\routes\\orderRoutes.js","statementMap":{"0":{"start":{"line":1,"column":16},"end":{"line":1,"column":34}},"1":{"start":{"line":2,"column":24},"end":{"line":2,"column":65}},"2":{"start":{"line":3,"column":23},"end":{"line":3,"column":62}},"3":{"start":{"line":5,"column":15},"end":{"line":5,"column":31}},"4":{"start":{"line":8,"column":0},"end":{"line":8,"column":79}},"5":{"start":{"line":11,"column":0},"end":{"line":11,"column":78}},"6":{"start":{"line":14,"column":0},"end":{"line":16,"column":63}},"7":{"start":{"line":19,"column":0},"end":{"line":21,"column":106}},"8":{"start":{"line":23,"column":0},"end":{"line":23,"column":82}},"9":{"start":{"line":24,"column":0},"end":{"line":24,"column":127}},"10":{"start":{"line":27,"column":0},"end":{"line":28,"column":105}},"11":{"start":{"line":30,"column":0},"end":{"line":32,"column":112}},"12":{"start":{"line":34,"column":0},"end":{"line":34,"column":24}}},"fnMap":{},"branchMap":{},"s":{"0":3,"1":3,"2":3,"3":3,"4":3,"5":3,"6":3,"7":3,"8":3,"9":3,"10":3,"11":3,"12":3},"f":{},"b":{},"_coverageSchema":"1a1c01bbd47fc00a2c39e90264f33305004495a9","hash":"e5f2ae38be7aec0f230d83061b14ccae37692e0e"}
,"C:\\Users\\ASUS\\Desktop\\New folder (2)\\toystore\\backend\\routes\\productRoutes.js": {"path":"C:\\Users\\ASUS\\Desktop\\New folder (2)\\toystore\\backend\\routes\\productRoutes.js","statementMap":{"0":{"start":{"line":1,"column":16},"end":{"line":1,"column":34}},"1":{"start":{"line":2,"column":26},"end":{"line":2,"column":69}},"2":{"start":{"line":3,"column":26},"end":{"line":3,"column":67}},"3":{"start":{"line":4,"column":23},"end":{"line":4,"column":62}},"4":{"start":{"line":5,"column":21},"end":{"line":5,"column":46}},"5":{"start":{"line":6,"column":25},"end":{"line":6,"column":67}},"6":{"start":{"line":8,"column":15},"end":{"line":8,"column":31}},"7":{"start":{"line":10,"column":0},"end":{"line":10,"column":183}},"8":{"start":{"line":10,"column":56},"end":{"line":10,"column":139}},"9":{"start":{"line":10,"column":140},"end":{"line":10,"column":147}},"10":{"start":{"line":11,"column":0},"end":{"line":11,"column":48}},"11":{"start":{"line":13,"column":0},"end":{"line":20,"column":6}},"12":{"start":{"line":22,"column":0},"end":{"line":22,"column":65}},"13":{"start":{"line":24,"column":0},"end":{"line":36,"column":6}},"14":{"start":{"line":38,"column":0},"end":{"line":38,"column":24}}},"fnMap":{"0":{"name":"(anonymous_0)","decl":{"start":{"line":10,"column":34},"end":{"line":10,"column":35}},"loc":{"start":{"line":10,"column":54},"end":{"line":10,"column":149}},"line":10}},"branchMap":{},"s":{"0":3,"1":3,"2":3,"3":3,"4":3,"5":3,"6":3,"7":3,"8":0,"9":0,"10":3,"11":3,"12":3,"13":3,"14":3},"f":{"0":0},"b":{},"_coverageSchema":"1a1c01bbd47fc00a2c39e90264f33305004495a9","hash":"6989aee5b813d28a546f9364ee08717b16fcdb60"}
,"C:\\Users\\ASUS\\Desktop\\New folder (2)\\toystore\\backend\\routes\\reviewRoutes.js": {"path":"C:\\Users\\ASUS\\Desktop\\New folder (2)\\toystore\\backend\\routes\\reviewRoutes.js","statementMap":{"0":{"start":{"line":1,"column":16},"end":{"line":1,"column":34}},"1":{"start":{"line":2,"column":25},"end":{"line":2,"column":67}},"2":{"start":{"line":3,"column":23},"end":{"line":3,"column":62}},"3":{"start":{"line":5,"column":15},"end":{"line":5,"column":52}},"4":{"start":{"line":7,"column":0},"end":{"line":9,"column":100}},"5":{"start":{"line":11,"column":0},"end":{"line":12,"column":111}},"6":{"start":{"line":14,"column":0},"end":{"line":14,"column":24}}},"fnMap":{},"branchMap":{},"s":{"0":3,"1":3,"2":3,"3":3,"4":3,"5":3,"6":3},"f":{},"b":{},"_coverageSchema":"1a1c01bbd47fc00a2c39e90264f33305004495a9","hash":"037b581e39b7c8e84b05984bdc74758cb5326250"}
,"C:\\Users\\ASUS\\Desktop\\New folder (2)\\toystore\\backend\\routes\\sectionRoutes.js": {"path":"C:\\Users\\ASUS\\Desktop\\New folder (2)\\toystore\\backend\\routes\\sectionRoutes.js","statementMap":{"0":{"start":{"line":1,"column":16},"end":{"line":1,"column":34}},"1":{"start":{"line":2,"column":26},"end":{"line":2,"column":69}},"2":{"start":{"line":3,"column":26},"end":{"line":3,"column":67}},"3":{"start":{"line":4,"column":15},"end":{"line":4,"column":31}},"4":{"start":{"line":6,"column":0},"end":{"line":8,"column":58}},"5":{"start":{"line":10,"column":0},"end":{"line":12,"column":45}},"6":{"start":{"line":14,"column":0},"end":{"line":14,"column":24}}},"fnMap":{},"branchMap":{},"s":{"0":3,"1":3,"2":3,"3":3,"4":3,"5":3,"6":3},"f":{},"b":{},"_coverageSchema":"1a1c01bbd47fc00a2c39e90264f33305004495a9","hash":"03fb5e558f0fa19ccd94cd18656b1ee799f4eb7a"}
,"C:\\Users\\ASUS\\Desktop\\New folder (2)\\toystore\\backend\\routes\\userRoutes.js": {"path":"C:\\Users\\ASUS\\Desktop\\New folder (2)\\toystore\\backend\\routes\\userRoutes.js","statementMap":{"0":{"start":{"line":1,"column":16},"end":{"line":1,"column":34}},"1":{"start":{"line":2,"column":23},"end":{"line":2,"column":63}},"2":{"start":{"line":3,"column":23},"end":{"line":3,"column":62}},"3":{"start":{"line":5,"column":15},"end":{"line":5,"column":31}},"4":{"start":{"line":8,"column":0},"end":{"line":8,"column":35}},"5":{"start":{"line":11,"column":0},"end":{"line":11,"column":137}},"6":{"start":{"line":11,"column":46},"end":{"line":11,"column":97}},"7":{"start":{"line":11,"column":98},"end":{"line":11,"column":105}},"8":{"start":{"line":12,"column":0},"end":{"line":12,"column":141}},"9":{"start":{"line":12,"column":47},"end":{"line":12,"column":99}},"10":{"start":{"line":12,"column":100},"end":{"line":12,"column":107}},"11":{"start":{"line":13,"column":0},"end":{"line":13,"column":150}},"12":{"start":{"line":13,"column":49},"end":{"line":13,"column":103}},"13":{"start":{"line":13,"column":104},"end":{"line":13,"column":111}},"14":{"start":{"line":15,"column":0},"end":{"line":15,"column":64}},"15":{"start":{"line":16,"column":0},"end":{"line":16,"column":51}},"16":{"start":{"line":19,"column":0},"end":{"line":19,"column":47}},"17":{"start":{"line":21,"column":0},"end":{"line":23,"column":37}},"18":{"start":{"line":25,"column":0},"end":{"line":28,"column":39}},"19":{"start":{"line":30,"column":0},"end":{"line":30,"column":24}}},"fnMap":{"0":{"name":"(anonymous_0)","decl":{"start":{"line":11,"column":24},"end":{"line":11,"column":25}},"loc":{"start":{"line":11,"column":44},"end":{"line":11,"column":107}},"line":11},"1":{"name":"(anonymous_1)","decl":{"start":{"line":12,"column":25},"end":{"line":12,"column":26}},"loc":{"start":{"line":12,"column":45},"end":{"line":12,"column":109}},"line":12},"2":{"name":"(anonymous_2)","decl":{"start":{"line":13,"column":27},"end":{"line":13,"column":28}},"loc":{"start":{"line":13,"column":47},"end":{"line":13,"column":113}},"line":13}},"branchMap":{},"s":{"0":3,"1":3,"2":3,"3":3,"4":3,"5":3,"6":0,"7":0,"8":3,"9":0,"10":0,"11":3,"12":0,"13":0,"14":3,"15":3,"16":3,"17":3,"18":3,"19":3},"f":{"0":0,"1":0,"2":0},"b":{},"_coverageSchema":"1a1c01bbd47fc00a2c39e90264f33305004495a9","hash":"bcc6f74acc6444701e46342a04818ac33e6ca5a2"}
,"C:\\Users\\ASUS\\Desktop\\New folder (2)\\toystore\\backend\\routes\\voucherRoutes.js": {"path":"C:\\Users\\ASUS\\Desktop\\New folder (2)\\toystore\\backend\\routes\\voucherRoutes.js","statementMap":{"0":{"start":{"line":1,"column":16},"end":{"line":1,"column":34}},"1":{"start":{"line":2,"column":26},"end":{"line":2,"column":69}},"2":{"start":{"line":4,"column":15},"end":{"line":4,"column":31}},"3":{"start":{"line":6,"column":0},"end":{"line":8,"column":43}},"4":{"start":{"line":10,"column":0},"end":{"line":13,"column":45}},"5":{"start":{"line":15,"column":0},"end":{"line":15,"column":62}},"6":{"start":{"line":17,"column":0},"end":{"line":17,"column":24}}},"fnMap":{},"branchMap":{},"s":{"0":3,"1":3,"2":3,"3":3,"4":3,"5":3,"6":3},"f":{},"b":{},"_coverageSchema":"1a1c01bbd47fc00a2c39e90264f33305004495a9","hash":"5ac92e47e5b8d8f0cbff7b0be1a7ce463cdcffc0"}
,"C:\\Users\\ASUS\\Desktop\\New folder (2)\\toystore\\backend\\utils\\appError.js": {"path":"C:\\Users\\ASUS\\Desktop\\New folder (2)\\toystore\\backend\\utils\\appError.js","statementMap":{"0":{"start":{"line":3,"column":8},"end":{"line":3,"column":23}},"1":{"start":{"line":5,"column":8},"end":{"line":5,"column":37}},"2":{"start":{"line":6,"column":8},"end":{"line":6,"column":73}},"3":{"start":{"line":7,"column":8},"end":{"line":7,"column":34}},"4":{"start":{"line":9,"column":8},"end":{"line":9,"column":56}},"5":{"start":{"line":13,"column":0},"end":{"line":13,"column":26}}},"fnMap":{"0":{"name":"(anonymous_0)","decl":{"start":{"line":2,"column":4},"end":{"line":2,"column":5}},"loc":{"start":{"line":2,"column":37},"end":{"line":10,"column":5}},"line":2}},"branchMap":{"0":{"loc":{"start":{"line":6,"column":22},"end":{"line":6,"column":72}},"type":"cond-expr","locations":[{"start":{"line":6,"column":56},"end":{"line":6,"column":62}},{"start":{"line":6,"column":65},"end":{"line":6,"column":72}}],"line":6}},"s":{"0":3,"1":3,"2":3,"3":3,"4":3,"5":1},"f":{"0":3},"b":{"0":[2,1]},"_coverageSchema":"1a1c01bbd47fc00a2c39e90264f33305004495a9","hash":"3fc68532fa7bc46ba68042cfd76bc07c29c101b7"}
,"C:\\Users\\ASUS\\Desktop\\New folder (2)\\toystore\\backend\\utils\\catchAsync.js": {"path":"C:\\Users\\ASUS\\Desktop\\New folder (2)\\toystore\\backend\\utils\\catchAsync.js","statementMap":{"0":{"start":{"line":1,"column":0},"end":{"line":5,"column":2}},"1":{"start":{"line":2,"column":4},"end":{"line":4,"column":6}},"2":{"start":{"line":3,"column":8},"end":{"line":3,"column":39}}},"fnMap":{"0":{"name":"(anonymous_0)","decl":{"start":{"line":1,"column":17},"end":{"line":1,"column":18}},"loc":{"start":{"line":1,"column":23},"end":{"line":5,"column":1}},"line":1},"1":{"name":"(anonymous_1)","decl":{"start":{"line":2,"column":11},"end":{"line":2,"column":12}},"loc":{"start":{"line":2,"column":31},"end":{"line":4,"column":5}},"line":2}},"branchMap":{},"s":{"0":4,"1":101,"2":15},"f":{"0":101,"1":15},"b":{},"_coverageSchema":"1a1c01bbd47fc00a2c39e90264f33305004495a9","hash":"5307835fac18c26e82cb2c473ac7d08fb79f1e6c"}
,"C:\\Users\\ASUS\\Desktop\\New folder (2)\\toystore\\backend\\utils\\email.js": {"path":"C:\\Users\\ASUS\\Desktop\\New folder (2)\\toystore\\backend\\utils\\email.js","statementMap":{"0":{"start":{"line":1,"column":19},"end":{"line":1,"column":40}},"1":{"start":{"line":3,"column":18},"end":{"line":22,"column":1}},"2":{"start":{"line":4,"column":24},"end":{"line":11,"column":6}},"3":{"start":{"line":13,"column":24},"end":{"line":19,"column":5}},"4":{"start":{"line":21,"column":4},"end":{"line":21,"column":44}},"5":{"start":{"line":24,"column":0},"end":{"line":24,"column":27}}},"fnMap":{"0":{"name":"(anonymous_0)","decl":{"start":{"line":3,"column":18},"end":{"line":3,"column":19}},"loc":{"start":{"line":3,"column":35},"end":{"line":22,"column":1}},"line":3}},"branchMap":{"0":{"loc":{"start":{"line":14,"column":14},"end":{"line":14,"column":83}},"type":"binary-expr","locations":[{"start":{"line":14,"column":14},"end":{"line":14,"column":36}},{"start":{"line":14,"column":40},"end":{"line":14,"column":83}}],"line":14}},"s":{"0":3,"1":3,"2":1,"3":1,"4":1,"5":3},"f":{"0":1},"b":{"0":[1,1]},"_coverageSchema":"1a1c01bbd47fc00a2c39e90264f33305004495a9","hash":"19816d441ce98c7716c1e93473efcfbbe5f11f54"}
,"C:\\Users\\ASUS\\Desktop\\New folder (2)\\toystore\\backend\\utils\\emailTemplates.js": {"path":"C:\\Users\\ASUS\\Desktop\\New folder (2)\\toystore\\backend\\utils\\emailTemplates.js","statementMap":{"0":{"start":{"line":1,"column":37},"end":{"line":55,"column":1}},"1":{"start":{"line":2,"column":25},"end":{"line":12,"column":15}},"2":{"start":{"line":2,"column":52},"end":{"line":12,"column":5}},"3":{"start":{"line":14,"column":4},"end":{"line":54,"column":6}},"4":{"start":{"line":57,"column":0},"end":{"line":59,"column":2}}},"fnMap":{"0":{"name":"(anonymous_0)","decl":{"start":{"line":1,"column":37},"end":{"line":1,"column":38}},"loc":{"start":{"line":1,"column":54},"end":{"line":55,"column":1}},"line":1},"1":{"name":"(anonymous_1)","decl":{"start":{"line":2,"column":44},"end":{"line":2,"column":45}},"loc":{"start":{"line":2,"column":52},"end":{"line":12,"column":5}},"line":2}},"branchMap":{"0":{"loc":{"start":{"line":17,"column":30},"end":{"line":17,"column":58}},"type":"binary-expr","locations":[{"start":{"line":17,"column":30},"end":{"line":17,"column":43}},{"start":{"line":17,"column":47},"end":{"line":17,"column":58}}],"line":17},"1":{"loc":{"start":{"line":26,"column":100},"end":{"line":26,"column":119}},"type":"binary-expr","locations":[{"start":{"line":26,"column":100},"end":{"line":26,"column":114}},{"start":{"line":26,"column":118},"end":{"line":26,"column":119}}],"line":26},"2":{"loc":{"start":{"line":28,"column":18},"end":{"line":33,"column":22}},"type":"cond-expr","locations":[{"start":{"line":28,"column":39},"end":{"line":33,"column":17}},{"start":{"line":33,"column":20},"end":{"line":33,"column":22}}],"line":28}},"s":{"0":3,"1":1,"2":1,"3":1,"4":3},"f":{"0":1,"1":1},"b":{"0":[1,0],"1":[1,1],"2":[0,1]},"_coverageSchema":"1a1c01bbd47fc00a2c39e90264f33305004495a9","hash":"35919cb0314dd702261f84ba6342415aec3b3abb"}
,"C:\\Users\\ASUS\\Desktop\\New folder (2)\\toystore\\backend\\utils\\handlerFactory.js": {"path":"C:\\Users\\ASUS\\Desktop\\New folder (2)\\toystore\\backend\\utils\\handlerFactory.js","statementMap":{"0":{"start":{"line":1,"column":19},"end":{"line":1,"column":42}},"1":{"start":{"line":3,"column":0},"end":{"line":18,"column":7}},"2":{"start":{"line":4,"column":4},"end":{"line":18,"column":6}},"3":{"start":{"line":5,"column":20},"end":{"line":5,"column":64}},"4":{"start":{"line":7,"column":8},"end":{"line":12,"column":9}},"5":{"start":{"line":8,"column":12},"end":{"line":11,"column":15}},"6":{"start":{"line":14,"column":8},"end":{"line":17,"column":11}},"7":{"start":{"line":20,"column":0},"end":{"line":40,"column":7}},"8":{"start":{"line":21,"column":4},"end":{"line":40,"column":6}},"9":{"start":{"line":22,"column":20},"end":{"line":25,"column":10}},"10":{"start":{"line":27,"column":8},"end":{"line":32,"column":9}},"11":{"start":{"line":28,"column":12},"end":{"line":31,"column":15}},"12":{"start":{"line":34,"column":8},"end":{"line":39,"column":11}},"13":{"start":{"line":42,"column":0},"end":{"line":52,"column":7}},"14":{"start":{"line":43,"column":4},"end":{"line":52,"column":6}},"15":{"start":{"line":44,"column":20},"end":{"line":44,"column":48}},"16":{"start":{"line":46,"column":8},"end":{"line":51,"column":11}},"17":{"start":{"line":54,"column":0},"end":{"line":73,"column":7}},"18":{"start":{"line":55,"column":4},"end":{"line":73,"column":6}},"19":{"start":{"line":56,"column":20},"end":{"line":56,"column":49}},"20":{"start":{"line":57,"column":8},"end":{"line":57,"column":59}},"21":{"start":{"line":57,"column":24},"end":{"line":57,"column":59}},"22":{"start":{"line":58,"column":20},"end":{"line":58,"column":31}},"23":{"start":{"line":60,"column":8},"end":{"line":65,"column":9}},"24":{"start":{"line":61,"column":12},"end":{"line":64,"column":15}},"25":{"start":{"line":67,"column":8},"end":{"line":72,"column":11}},"26":{"start":{"line":75,"column":0},"end":{"line":86,"column":7}},"27":{"start":{"line":76,"column":4},"end":{"line":86,"column":6}},"28":{"start":{"line":77,"column":21},"end":{"line":77,"column":39}},"29":{"start":{"line":79,"column":8},"end":{"line":85,"column":11}}},"fnMap":{"0":{"name":"(anonymous_0)","decl":{"start":{"line":3,"column":20},"end":{"line":3,"column":21}},"loc":{"start":{"line":4,"column":4},"end":{"line":18,"column":6}},"line":4},"1":{"name":"(anonymous_1)","decl":{"start":{"line":4,"column":15},"end":{"line":4,"column":16}},"loc":{"start":{"line":4,"column":41},"end":{"line":18,"column":5}},"line":4},"2":{"name":"(anonymous_2)","decl":{"start":{"line":20,"column":20},"end":{"line":20,"column":21}},"loc":{"start":{"line":21,"column":4},"end":{"line":40,"column":6}},"line":21},"3":{"name":"(anonymous_3)","decl":{"start":{"line":21,"column":15},"end":{"line":21,"column":16}},"loc":{"start":{"line":21,"column":41},"end":{"line":40,"column":5}},"line":21},"4":{"name":"(anonymous_4)","decl":{"start":{"line":42,"column":20},"end":{"line":42,"column":21}},"loc":{"start":{"line":43,"column":4},"end":{"line":52,"column":6}},"line":43},"5":{"name":"(anonymous_5)","decl":{"start":{"line":43,"column":15},"end":{"line":43,"column":16}},"loc":{"start":{"line":43,"column":41},"end":{"line":52,"column":5}},"line":43},"6":{"name":"(anonymous_6)","decl":{"start":{"line":54,"column":17},"end":{"line":54,"column":18}},"loc":{"start":{"line":55,"column":4},"end":{"line":73,"column":6}},"line":55},"7":{"name":"(anonymous_7)","decl":{"start":{"line":55,"column":15},"end":{"line":55,"column":16}},"loc":{"start":{"line":55,"column":41},"end":{"line":73,"column":5}},"line":55},"8":{"name":"(anonymous_8)","decl":{"start":{"line":75,"column":17},"end":{"line":75,"column":18}},"loc":{"start":{"line":76,"column":4},"end":{"line":86,"column":6}},"line":76},"9":{"name":"(anonymous_9)","decl":{"start":{"line":76,"column":15},"end":{"line":76,"column":16}},"loc":{"start":{"line":76,"column":41},"end":{"line":86,"column":5}},"line":76}},"branchMap":{"0":{"loc":{"start":{"line":7,"column":8},"end":{"line":12,"column":9}},"type":"if","locations":[{"start":{"line":7,"column":8},"end":{"line":12,"column":9}},{"start":{},"end":{}}],"line":7},"1":{"loc":{"start":{"line":27,"column":8},"end":{"line":32,"column":9}},"type":"if","locations":[{"start":{"line":27,"column":8},"end":{"line":32,"column":9}},{"start":{},"end":{}}],"line":27},"2":{"loc":{"start":{"line":57,"column":8},"end":{"line":57,"column":59}},"type":"if","locations":[{"start":{"line":57,"column":8},"end":{"line":57,"column":59}},{"start":{},"end":{}}],"line":57},"3":{"loc":{"start":{"line":60,"column":8},"end":{"line":65,"column":9}},"type":"if","locations":[{"start":{"line":60,"column":8},"end":{"line":65,"column":9}},{"start":{},"end":{}}],"line":60}},"s":{"0":3,"1":3,"2":0,"3":0,"4":0,"5":0,"6":0,"7":3,"8":0,"9":0,"10":0,"11":0,"12":0,"13":3,"14":0,"15":0,"16":0,"17":3,"18":6,"19":1,"20":1,"21":1,"22":1,"23":1,"24":1,"25":0,"26":3,"27":0,"28":0,"29":0},"f":{"0":0,"1":0,"2":0,"3":0,"4":0,"5":0,"6":6,"7":1,"8":0,"9":0},"b":{"0":[0,0],"1":[0,0],"2":[1,0],"3":[1,0]},"_coverageSchema":"1a1c01bbd47fc00a2c39e90264f33305004495a9","hash":"3101ae1e50023e7a251b2b5ca74decd15c3f8f73"}
}
