TN:
SF:app.js
FN:43,(anonymous_0)
FN:81,(anonymous_1)
FNF:2
FNH:0
FNDA:0,(anonymous_0)
FNDA:0,(anonymous_1)
DA:1,3
DA:2,3
DA:3,3
DA:5,3
DA:6,3
DA:7,3
DA:8,3
DA:9,3
DA:10,3
DA:11,3
DA:12,3
DA:13,3
DA:14,3
DA:15,3
DA:16,3
DA:17,3
DA:19,3
DA:22,3
DA:23,3
DA:24,3
DA:25,3
DA:29,3
DA:30,3
DA:31,3
DA:32,3
DA:33,3
DA:34,3
DA:35,3
DA:36,3
DA:37,3
DA:38,3
DA:39,3
DA:40,3
DA:43,3
DA:44,0
DA:45,0
DA:46,0
DA:47,0
DA:51,0
DA:55,0
DA:56,0
DA:57,0
DA:60,0
DA:61,0
DA:64,0
DA:65,0
DA:66,0
DA:67,0
DA:69,0
DA:70,0
DA:74,0
DA:75,0
DA:79,0
DA:80,0
DA:81,0
DA:82,0
DA:83,0
DA:87,0
DA:88,0
DA:89,0
DA:90,0
DA:92,0
DA:93,0
DA:94,0
DA:95,0
DA:98,0
DA:105,3
LF:67
LH:35
BRDA:46,0,0,0
BRDA:46,0,1,0
BRDA:47,1,0,0
BRDA:47,1,1,0
BRDA:51,2,0,0
BRDA:51,2,1,0
BRDA:51,2,2,0
BRDA:51,2,3,0
BRDA:51,2,4,0
BRDA:55,3,0,0
BRDA:55,3,1,0
BRDA:60,4,0,0
BRDA:60,4,1,0
BRDA:64,5,0,0
BRDA:64,5,1,0
BRDA:66,6,0,0
BRDA:66,6,1,0
BRDA:66,7,0,0
BRDA:66,7,1,0
BRDA:70,8,0,0
BRDA:70,8,1,0
BRDA:70,9,0,0
BRDA:70,9,1,0
BRDA:74,10,0,0
BRDA:74,10,1,0
BRDA:74,11,0,0
BRDA:74,11,1,0
BRDA:79,12,0,0
BRDA:79,12,1,0
BRDA:87,13,0,0
BRDA:87,13,1,0
BRDA:92,14,0,0
BRDA:92,14,1,0
BRDA:101,15,0,0
BRDA:101,15,1,0
BRF:35
BRH:0
end_of_record
TN:
SF:socket.js
FN:7,(anonymous_0)
FN:20,(anonymous_1)
FN:23,(anonymous_2)
FN:32,(anonymous_3)
FN:36,(anonymous_4)
FN:37,(anonymous_5)
FN:38,(anonymous_6)
FN:38,(anonymous_7)
FNF:8
FNH:2
FNDA:0,(anonymous_0)
FNDA:0,(anonymous_1)
FNDA:0,(anonymous_2)
FNDA:1,(anonymous_3)
FNDA:1,(anonymous_4)
FNDA:0,(anonymous_5)
FNDA:0,(anonymous_6)
FNDA:0,(anonymous_7)
DA:1,1
DA:5,1
DA:8,0
DA:20,0
DA:21,0
DA:23,0
DA:24,0
DA:28,0
DA:33,1
DA:34,1
DA:35,1
DA:38,0
DA:41,0
DA:43,0
LF:14
LH:5
BRDA:33,0,0,1
BRDA:33,0,1,0
BRDA:34,1,0,1
BRDA:34,1,1,0
BRF:4
BRH:2
end_of_record
TN:
SF:controllers\authController.js
FN:7,(anonymous_0)
FN:13,(anonymous_1)
FN:26,(anonymous_2)
FN:81,(anonymous_3)
FN:100,(anonymous_4)
FNF:5
FNH:4
FNDA:1,(anonymous_0)
FNDA:1,(anonymous_1)
FNDA:2,(anonymous_2)
FNDA:0,(anonymous_3)
FNDA:2,(anonymous_4)
DA:1,3
DA:2,3
DA:3,3
DA:4,3
DA:5,3
DA:7,3
DA:8,1
DA:13,3
DA:14,1
DA:15,1
DA:17,1
DA:26,3
DA:28,2
DA:29,2
DA:37,1
DA:41,1
DA:42,1
DA:47,0
DA:50,1
DA:51,1
DA:54,1
DA:55,1
DA:57,1
DA:58,1
DA:64,1
DA:69,0
DA:70,0
DA:71,0
DA:72,0
DA:74,0
DA:81,3
DA:82,0
DA:83,0
DA:88,0
DA:89,0
DA:92,0
DA:93,0
DA:94,0
DA:95,0
DA:97,0
DA:100,3
DA:101,2
DA:103,2
DA:104,0
DA:107,2
DA:109,2
DA:110,1
DA:113,1
LF:48
LH:32
BRDA:37,0,0,1
BRDA:37,0,1,0
BRDA:37,0,2,0
BRDA:37,0,3,0
BRDA:37,0,4,0
BRDA:41,1,0,1
BRDA:41,1,1,0
BRDA:88,2,0,0
BRDA:88,2,1,0
BRDA:103,3,0,0
BRDA:103,3,1,2
BRDA:103,4,0,2
BRDA:103,4,1,2
BRDA:109,5,0,1
BRDA:109,5,1,1
BRDA:109,6,0,2
BRDA:109,6,1,2
BRF:17
BRH:9
end_of_record
TN:
SF:controllers\bannerController.js
FN:5,(anonymous_0)
FN:20,(anonymous_1)
FN:31,(anonymous_2)
FN:62,(anonymous_3)
FNF:4
FNH:0
FNDA:0,(anonymous_0)
FNDA:0,(anonymous_1)
FNDA:0,(anonymous_2)
FNDA:0,(anonymous_3)
DA:1,3
DA:2,3
DA:3,3
DA:5,3
DA:6,0
DA:7,0
DA:8,0
DA:10,0
DA:14,0
DA:16,0
DA:20,3
DA:21,0
DA:22,0
DA:23,0
DA:24,0
DA:26,0
DA:31,3
DA:32,0
DA:34,0
DA:35,0
DA:36,0
DA:40,0
DA:42,0
DA:45,0
DA:46,0
DA:51,0
DA:54,0
DA:57,0
DA:62,3
DA:63,0
DA:64,0
DA:65,0
DA:66,0
DA:69,0
DA:70,0
DA:71,0
DA:73,0
LF:37
LH:7
BRDA:7,0,0,0
BRDA:7,0,1,0
BRDA:22,1,0,0
BRDA:22,1,1,0
BRDA:35,2,0,0
BRDA:35,2,1,0
BRDA:40,3,0,0
BRDA:40,3,1,0
BRDA:45,4,0,0
BRDA:45,4,1,0
BRDA:65,5,0,0
BRDA:65,5,1,0
BRDA:70,6,0,0
BRDA:70,6,1,0
BRF:14
BRH:0
end_of_record
TN:
SF:controllers\brandController.js
FN:8,(anonymous_0)
FN:22,(anonymous_1)
FN:31,(anonymous_2)
FN:37,(anonymous_3)
FN:54,(anonymous_4)
FN:67,(anonymous_5)
FNF:6
FNH:0
FNDA:0,(anonymous_0)
FNDA:0,(anonymous_1)
FNDA:0,(anonymous_2)
FNDA:0,(anonymous_3)
FNDA:0,(anonymous_4)
FNDA:0,(anonymous_5)
DA:1,3
DA:2,3
DA:3,3
DA:4,3
DA:5,3
DA:6,3
DA:8,3
DA:9,0
DA:10,0
DA:11,0
DA:13,0
DA:19,0
DA:22,3
DA:23,0
DA:24,0
DA:31,3
DA:32,0
DA:33,0
DA:34,0
DA:37,3
DA:38,0
DA:39,0
DA:41,0
DA:42,0
DA:44,0
DA:45,0
DA:48,0
DA:49,0
DA:51,0
DA:54,3
DA:55,0
DA:56,0
DA:58,0
DA:59,0
DA:60,0
DA:63,0
DA:64,0
DA:67,3
DA:68,0
DA:69,0
DA:70,0
LF:41
LH:12
BRDA:10,0,0,0
BRDA:10,0,1,0
BRDA:33,1,0,0
BRDA:33,1,1,0
BRDA:41,2,0,0
BRDA:41,2,1,0
BRDA:44,3,0,0
BRDA:44,3,1,0
BRDA:49,4,0,0
BRDA:49,4,1,0
BRDA:56,5,0,0
BRDA:56,5,1,0
BRDA:58,6,0,0
BRDA:58,6,1,0
BRDA:60,7,0,0
BRDA:60,7,1,0
BRDA:69,8,0,0
BRDA:69,8,1,0
BRF:18
BRH:0
end_of_record
TN:
SF:controllers\categoryController.js
FN:8,(anonymous_0)
FN:24,(anonymous_1)
FN:29,(anonymous_2)
FN:49,(anonymous_3)
FN:64,(anonymous_4)
FNF:5
FNH:0
FNDA:0,(anonymous_0)
FNDA:0,(anonymous_1)
FNDA:0,(anonymous_2)
FNDA:0,(anonymous_3)
FNDA:0,(anonymous_4)
DA:1,3
DA:2,3
DA:3,3
DA:4,3
DA:5,3
DA:6,3
DA:8,3
DA:9,0
DA:10,0
DA:11,0
DA:14,0
DA:21,0
DA:24,3
DA:25,0
DA:26,0
DA:29,3
DA:30,0
DA:31,0
DA:33,0
DA:34,0
DA:35,0
DA:37,0
DA:38,0
DA:41,0
DA:42,0
DA:43,0
DA:46,0
DA:49,3
DA:50,0
DA:51,0
DA:52,0
DA:55,0
DA:56,0
DA:57,0
DA:60,0
DA:61,0
DA:64,3
DA:65,0
DA:66,0
DA:67,0
DA:69,0
DA:72,3
LF:42
LH:12
BRDA:10,0,0,0
BRDA:10,0,1,0
BRDA:33,1,0,0
BRDA:33,1,1,0
BRDA:37,2,0,0
BRDA:37,2,1,0
BRDA:42,3,0,0
BRDA:42,3,1,0
BRDA:51,4,0,0
BRDA:51,4,1,0
BRDA:55,5,0,0
BRDA:55,5,1,0
BRDA:57,6,0,0
BRDA:57,6,1,0
BRDA:66,7,0,0
BRDA:66,7,1,0
BRF:16
BRH:0
end_of_record
TN:
SF:controllers\collectionController.js
FN:4,(anonymous_0)
FN:13,(anonymous_1)
FN:27,(anonymous_2)
FN:43,(anonymous_3)
FN:53,(anonymous_4)
FNF:5
FNH:0
FNDA:0,(anonymous_0)
FNDA:0,(anonymous_1)
FNDA:0,(anonymous_2)
FNDA:0,(anonymous_3)
FNDA:0,(anonymous_4)
DA:1,3
DA:2,3
DA:4,3
DA:5,0
DA:6,0
DA:7,0
DA:9,0
DA:13,3
DA:14,0
DA:15,0
DA:16,0
DA:21,0
DA:23,0
DA:27,3
DA:28,0
DA:29,0
DA:30,0
DA:31,0
DA:33,0
DA:35,0
DA:36,0
DA:37,0
DA:39,0
DA:43,3
DA:44,0
DA:45,0
DA:46,0
DA:47,0
DA:49,0
DA:53,3
DA:54,0
DA:55,0
DA:56,0
DA:57,0
DA:59,0
DA:61,0
LF:36
LH:7
BRDA:31,0,0,0
BRDA:31,0,1,0
BRDA:36,1,0,0
BRDA:36,1,1,0
BRDA:46,2,0,0
BRDA:46,2,1,0
BRDA:56,3,0,0
BRDA:56,3,1,0
BRF:8
BRH:0
end_of_record
TN:
SF:controllers\dashboardController.js
FN:4,(anonymous_0)
FN:50,(anonymous_1)
FNF:2
FNH:0
FNDA:0,(anonymous_0)
FNDA:0,(anonymous_1)
DA:1,3
DA:2,3
DA:4,3
DA:5,0
DA:7,0
DA:10,0
DA:14,0
DA:17,0
DA:22,0
DA:25,0
DA:28,0
DA:31,0
DA:33,0
DA:45,0
DA:50,3
DA:51,0
DA:52,0
DA:53,0
DA:55,0
DA:68,0
DA:70,0
LF:21
LH:4
BRDA:14,0,0,0
BRDA:14,0,1,0
BRDA:22,1,0,0
BRDA:22,1,1,0
BRF:4
BRH:0
end_of_record
TN:
SF:controllers\flashSaleController.js
FN:8,(anonymous_0)
FN:20,(anonymous_1)
FN:31,(anonymous_2)
FN:58,(anonymous_3)
FN:74,(anonymous_4)
FN:105,(anonymous_5)
FN:121,(anonymous_6)
FN:131,(anonymous_7)
FNF:8
FNH:0
FNDA:0,(anonymous_0)
FNDA:0,(anonymous_1)
FNDA:0,(anonymous_2)
FNDA:0,(anonymous_3)
FNDA:0,(anonymous_4)
FNDA:0,(anonymous_5)
FNDA:0,(anonymous_6)
FNDA:0,(anonymous_7)
DA:1,3
DA:2,3
DA:3,3
DA:4,3
DA:5,3
DA:8,3
DA:9,0
DA:10,0
DA:13,0
DA:15,0
DA:20,3
DA:21,0
DA:22,0
DA:23,0
DA:24,0
DA:26,0
DA:31,3
DA:32,0
DA:33,0
DA:34,0
DA:36,0
DA:37,0
DA:38,0
DA:44,0
DA:49,0
DA:50,0
DA:54,0
DA:56,0
DA:57,0
DA:58,0
DA:59,0
DA:67,0
DA:69,0
DA:74,3
DA:75,0
DA:76,0
DA:77,0
DA:78,0
DA:80,0
DA:81,0
DA:82,0
DA:88,0
DA:94,0
DA:95,0
DA:100,0
DA:101,0
DA:103,0
DA:104,0
DA:105,0
DA:106,0
DA:114,0
DA:116,0
DA:121,3
DA:122,0
DA:123,0
DA:124,0
DA:125,0
DA:127,0
DA:131,3
DA:132,0
DA:133,0
DA:134,0
DA:139,0
DA:141,0
LF:64
LH:11
BRDA:23,0,0,0
BRDA:23,0,1,0
BRDA:37,1,0,0
BRDA:37,1,1,0
BRDA:37,2,0,0
BRDA:37,2,1,0
BRDA:49,3,0,0
BRDA:49,3,1,0
BRDA:56,4,0,0
BRDA:56,4,1,0
BRDA:77,5,0,0
BRDA:77,5,1,0
BRDA:81,6,0,0
BRDA:81,6,1,0
BRDA:81,7,0,0
BRDA:81,7,1,0
BRDA:94,8,0,0
BRDA:94,8,1,0
BRDA:101,9,0,0
BRDA:101,9,1,0
BRDA:103,10,0,0
BRDA:103,10,1,0
BRDA:124,11,0,0
BRDA:124,11,1,0
BRF:24
BRH:0
end_of_record
TN:
SF:controllers\orderController.js
FN:9,(anonymous_0)
FN:108,(anonymous_1)
FN:164,(anonymous_2)
FN:179,(anonymous_3)
FN:191,(anonymous_4)
FN:216,(anonymous_5)
FN:283,(anonymous_6)
FN:289,(anonymous_7)
FN:298,(anonymous_8)
FN:309,(anonymous_9)
FN:318,(anonymous_10)
FN:328,(anonymous_11)
FN:345,(anonymous_12)
FN:354,(anonymous_13)
FN:363,(anonymous_14)
FN:368,(anonymous_15)
FN:371,(anonymous_16)
FN:380,(anonymous_17)
FNF:18
FNH:2
FNDA:2,(anonymous_0)
FNDA:0,(anonymous_1)
FNDA:0,(anonymous_2)
FNDA:0,(anonymous_3)
FNDA:0,(anonymous_4)
FNDA:0,(anonymous_5)
FNDA:1,(anonymous_6)
FNDA:0,(anonymous_7)
FNDA:0,(anonymous_8)
FNDA:0,(anonymous_9)
FNDA:0,(anonymous_10)
FNDA:0,(anonymous_11)
FNDA:0,(anonymous_12)
FNDA:0,(anonymous_13)
FNDA:0,(anonymous_14)
FNDA:0,(anonymous_15)
FNDA:0,(anonymous_16)
FNDA:0,(anonymous_17)
DA:1,3
DA:2,3
DA:3,3
DA:4,3
DA:5,3
DA:6,3
DA:7,3
DA:9,3
DA:10,2
DA:11,2
DA:12,2
DA:13,2
DA:15,2
DA:16,0
DA:19,2
DA:20,2
DA:22,2
DA:23,2
DA:24,2
DA:25,0
DA:29,2
DA:30,1
DA:33,1
DA:34,1
DA:35,1
DA:42,1
DA:43,1
DA:44,1
DA:47,1
DA:48,0
DA:49,0
DA:50,0
DA:52,0
DA:53,0
DA:55,0
DA:56,0
DA:60,0
DA:63,1
DA:74,1
DA:75,1
DA:76,1
DA:81,0
DA:85,1
DA:86,1
DA:87,1
DA:89,1
DA:94,0
DA:96,1
DA:99,1
DA:108,3
DA:109,0
DA:111,0
DA:112,0
DA:113,0
DA:114,0
DA:121,0
DA:122,0
DA:124,0
DA:125,0
DA:127,0
DA:128,0
DA:129,0
DA:130,0
DA:141,0
DA:144,0
DA:145,0
DA:146,0
DA:147,0
DA:148,0
DA:151,0
DA:154,0
DA:157,0
DA:159,0
DA:164,3
DA:165,0
DA:167,0
DA:168,0
DA:169,0
DA:170,0
DA:172,0
DA:173,0
DA:175,0
DA:179,3
DA:180,0
DA:182,0
DA:191,3
DA:192,0
DA:193,0
DA:195,0
DA:196,0
DA:201,0
DA:203,0
DA:204,0
DA:205,0
DA:208,0
DA:216,3
DA:217,0
DA:218,0
DA:219,0
DA:221,0
DA:222,0
DA:230,0
DA:231,0
DA:239,0
DA:240,0
DA:241,0
DA:242,0
DA:243,0
DA:248,0
DA:250,0
DA:251,0
DA:252,0
DA:253,0
DA:265,0
DA:266,0
DA:267,0
DA:271,0
DA:272,0
DA:276,0
DA:277,0
DA:278,0
DA:280,0
DA:283,3
DA:284,1
DA:285,1
DA:289,3
DA:290,0
DA:291,0
DA:293,0
DA:294,0
DA:297,0
DA:298,0
DA:300,0
DA:301,0
DA:303,0
DA:307,0
DA:309,0
DA:310,0
DA:311,0
DA:313,0
DA:314,0
DA:315,0
DA:318,3
DA:319,0
DA:320,0
DA:322,0
DA:323,0
DA:326,0
DA:327,0
DA:328,0
DA:329,0
DA:331,0
DA:332,0
DA:335,0
DA:336,0
DA:339,0
DA:340,0
DA:342,0
DA:345,0
DA:346,0
DA:347,0
DA:349,0
DA:350,0
DA:351,0
DA:354,3
DA:355,0
DA:356,0
DA:358,0
DA:359,0
DA:362,0
DA:363,0
DA:365,0
DA:367,0
DA:368,0
DA:371,0
DA:372,0
DA:373,0
DA:375,0
DA:376,0
DA:377,0
DA:380,3
DA:381,0
DA:382,0
DA:385,0
DA:386,0
DA:387,0
DA:390,0
DA:392,0
DA:393,0
DA:395,0
LF:190
LH:49
BRDA:15,0,0,0
BRDA:15,0,1,2
BRDA:15,1,0,2
BRDA:15,1,1,2
BRDA:24,2,0,0
BRDA:24,2,1,2
BRDA:29,3,0,1
BRDA:29,3,1,1
BRDA:33,4,0,1
BRDA:33,4,1,0
BRDA:42,5,0,1
BRDA:42,5,1,1
BRDA:47,6,0,0
BRDA:47,6,1,1
BRDA:49,7,0,0
BRDA:49,7,1,0
BRDA:52,8,0,0
BRDA:52,8,1,0
BRDA:52,9,0,0
BRDA:52,9,1,0
BRDA:55,10,0,0
BRDA:55,10,1,0
BRDA:67,11,0,1
BRDA:67,11,1,0
BRDA:70,12,0,1
BRDA:70,12,1,0
BRDA:111,13,0,0
BRDA:111,13,1,0
BRDA:121,14,0,0
BRDA:121,14,1,0
BRDA:127,15,0,0
BRDA:127,15,1,0
BRDA:127,16,0,0
BRDA:127,16,1,0
BRDA:147,17,0,0
BRDA:147,17,1,0
BRDA:167,18,0,0
BRDA:167,18,1,0
BRDA:195,19,0,0
BRDA:195,19,1,0
BRDA:201,20,0,0
BRDA:201,20,1,0
BRDA:201,21,0,0
BRDA:201,21,1,0
BRDA:203,22,0,0
BRDA:203,22,1,0
BRDA:203,23,0,0
BRDA:203,23,1,0
BRDA:219,24,0,0
BRDA:219,24,1,0
BRDA:230,25,0,0
BRDA:230,25,1,0
BRDA:230,26,0,0
BRDA:230,26,1,0
BRDA:239,27,0,0
BRDA:239,27,1,0
BRDA:239,28,0,0
BRDA:239,28,1,0
BRDA:242,29,0,0
BRDA:242,29,1,0
BRDA:250,30,0,0
BRDA:250,30,1,0
BRDA:250,31,0,0
BRDA:250,31,1,0
BRDA:265,32,0,0
BRDA:265,32,1,0
BRDA:265,33,0,0
BRDA:265,33,1,0
BRDA:271,34,0,0
BRDA:271,34,1,0
BRDA:291,35,0,0
BRDA:291,35,1,0
BRDA:293,36,0,0
BRDA:293,36,1,0
BRDA:300,37,0,0
BRDA:300,37,1,0
BRDA:310,38,0,0
BRDA:310,38,1,0
BRDA:311,39,0,0
BRDA:311,39,1,0
BRDA:320,40,0,0
BRDA:320,40,1,0
BRDA:322,41,0,0
BRDA:322,41,1,0
BRDA:329,42,0,0
BRDA:329,42,1,0
BRDA:335,43,0,0
BRDA:335,43,1,0
BRDA:339,44,0,0
BRDA:339,44,1,0
BRDA:346,45,0,0
BRDA:346,45,1,0
BRDA:347,46,0,0
BRDA:347,46,1,0
BRDA:356,47,0,0
BRDA:356,47,1,0
BRDA:358,48,0,0
BRDA:358,48,1,0
BRDA:365,49,0,0
BRDA:365,49,1,0
BRDA:372,50,0,0
BRDA:372,50,1,0
BRDA:373,51,0,0
BRDA:373,51,1,0
BRDA:382,52,0,0
BRDA:382,52,1,0
BRDA:385,53,0,0
BRDA:385,53,1,0
BRDA:385,54,0,0
BRDA:385,54,1,0
BRDA:386,55,0,0
BRDA:386,55,1,0
BRDA:386,56,0,0
BRDA:386,56,1,0
BRF:114
BRH:12
end_of_record
TN:
SF:controllers\productController.js
FN:9,(anonymous_0)
FN:10,(anonymous_1)
FN:18,(anonymous_2)
FN:25,(anonymous_3)
FN:31,(anonymous_4)
FN:53,(anonymous_5)
FN:53,(anonymous_6)
FN:108,(anonymous_7)
FN:117,(anonymous_8)
FN:125,(anonymous_9)
FN:129,(anonymous_10)
FN:140,(anonymous_11)
FN:167,(anonymous_12)
FN:168,(anonymous_13)
FN:169,(anonymous_14)
FNF:15
FNH:1
FNDA:0,(anonymous_0)
FNDA:0,(anonymous_1)
FNDA:0,(anonymous_2)
FNDA:0,(anonymous_3)
FNDA:2,(anonymous_4)
FNDA:0,(anonymous_5)
FNDA:0,(anonymous_6)
FNDA:0,(anonymous_7)
FNDA:0,(anonymous_8)
FNDA:0,(anonymous_9)
FNDA:0,(anonymous_10)
FNDA:0,(anonymous_11)
FNDA:0,(anonymous_12)
FNDA:0,(anonymous_13)
FNDA:0,(anonymous_14)
DA:1,3
DA:2,3
DA:3,3
DA:4,3
DA:5,3
DA:6,3
DA:7,3
DA:9,3
DA:10,0
DA:11,0
DA:12,0
DA:18,3
DA:19,0
DA:21,0
DA:22,0
DA:24,0
DA:25,0
DA:26,0
DA:27,0
DA:31,3
DA:32,2
DA:34,2
DA:35,2
DA:36,2
DA:37,2
DA:38,2
DA:39,2
DA:40,2
DA:41,0
DA:42,0
DA:43,0
DA:47,2
DA:48,0
DA:49,0
DA:53,0
DA:54,0
DA:55,0
DA:59,2
DA:64,2
DA:68,0
DA:69,0
DA:71,0
DA:74,2
DA:75,2
DA:76,2
DA:79,2
DA:80,2
DA:87,2
DA:88,2
DA:89,2
DA:90,2
DA:92,2
DA:94,2
DA:102,3
DA:108,3
DA:109,0
DA:111,0
DA:112,0
DA:113,0
DA:114,0
DA:116,0
DA:117,0
DA:120,0
DA:121,0
DA:122,0
DA:125,3
DA:126,0
DA:127,0
DA:128,0
DA:129,0
DA:130,0
DA:131,0
DA:132,0
DA:135,0
DA:136,0
DA:140,3
DA:141,0
DA:142,0
DA:144,0
DA:145,0
DA:152,0
DA:153,0
DA:155,0
DA:167,0
DA:168,0
DA:169,0
DA:170,0
DA:171,0
DA:172,0
DA:175,0
LF:90
LH:36
BRDA:11,0,0,0
BRDA:11,0,1,0
BRDA:11,1,0,0
BRDA:11,1,1,0
BRDA:12,2,0,0
BRDA:12,2,1,0
BRDA:21,3,0,0
BRDA:21,3,1,0
BRDA:21,4,0,0
BRDA:21,4,1,0
BRDA:25,5,0,0
BRDA:25,5,1,0
BRDA:32,6,0,2
BRDA:32,7,0,2
BRDA:35,8,0,0
BRDA:35,8,1,2
BRDA:36,9,0,0
BRDA:36,9,1,2
BRDA:37,10,0,0
BRDA:37,10,1,2
BRDA:38,11,0,0
BRDA:38,11,1,2
BRDA:39,12,0,0
BRDA:39,12,1,2
BRDA:40,13,0,0
BRDA:40,13,1,2
BRDA:40,14,0,2
BRDA:40,14,1,2
BRDA:42,15,0,0
BRDA:42,15,1,0
BRDA:43,16,0,0
BRDA:43,16,1,0
BRDA:47,17,0,0
BRDA:47,17,1,2
BRDA:54,18,0,0
BRDA:54,18,1,0
BRDA:64,19,0,0
BRDA:64,19,1,2
BRDA:68,20,0,0
BRDA:68,20,1,0
BRDA:74,21,0,0
BRDA:74,21,1,2
BRDA:74,22,0,2
BRDA:74,22,1,0
BRDA:75,23,0,0
BRDA:75,23,1,2
BRDA:89,24,0,2
BRDA:89,24,1,1
BRDA:112,25,0,0
BRDA:112,25,1,0
BRDA:113,26,0,0
BRDA:113,26,1,0
BRDA:116,27,0,0
BRDA:116,27,1,0
BRDA:121,28,0,0
BRDA:121,28,1,0
BRDA:127,29,0,0
BRDA:127,29,1,0
BRDA:130,30,0,0
BRDA:130,30,1,0
BRDA:132,31,0,0
BRDA:132,31,1,0
BRDA:144,32,0,0
BRDA:144,32,1,0
BRDA:170,33,0,0
BRDA:170,33,1,0
BRDA:170,34,0,0
BRDA:170,34,1,0
BRDA:171,35,0,0
BRDA:171,35,1,0
BRDA:171,36,0,0
BRDA:171,36,1,0
BRF:72
BRH:17
end_of_record
TN:
SF:controllers\reviewController.js
FN:3,(anonymous_0)
FN:20,(anonymous_1)
FN:40,(anonymous_2)
FNF:3
FNH:0
FNDA:0,(anonymous_0)
FNDA:0,(anonymous_1)
FNDA:0,(anonymous_2)
DA:1,3
DA:3,3
DA:4,0
DA:5,0
DA:6,0
DA:8,0
DA:10,0
DA:16,0
DA:20,3
DA:21,0
DA:23,0
DA:24,0
DA:26,0
DA:28,0
DA:33,0
DA:34,0
DA:36,0
DA:40,3
DA:41,0
DA:42,0
DA:44,0
DA:45,0
DA:48,0
DA:53,0
LF:24
LH:4
BRDA:6,0,0,0
BRDA:6,0,1,0
BRDA:23,1,0,0
BRDA:23,1,1,0
BRDA:24,2,0,0
BRDA:24,2,1,0
BRDA:33,3,0,0
BRDA:33,3,1,0
BRDA:44,4,0,0
BRDA:44,4,1,0
BRF:10
BRH:0
end_of_record
TN:
SF:controllers\sectionController.js
FN:6,(anonymous_0)
FN:16,(anonymous_1)
FN:31,(anonymous_2)
FN:50,(anonymous_3)
FN:71,(anonymous_4)
FN:96,(anonymous_5)
FN:106,(anonymous_6)
FNF:7
FNH:0
FNDA:0,(anonymous_0)
FNDA:0,(anonymous_1)
FNDA:0,(anonymous_2)
FNDA:0,(anonymous_3)
FNDA:0,(anonymous_4)
FNDA:0,(anonymous_5)
FNDA:0,(anonymous_6)
DA:1,3
DA:2,3
DA:3,3
DA:4,3
DA:6,3
DA:7,0
DA:8,0
DA:9,0
DA:10,0
DA:12,0
DA:16,3
DA:17,0
DA:18,0
DA:19,0
DA:25,0
DA:26,0
DA:27,0
DA:28,0
DA:29,0
DA:30,0
DA:31,0
DA:32,0
DA:33,0
DA:34,0
DA:36,0
DA:41,0
DA:42,0
DA:44,0
DA:45,0
DA:50,3
DA:51,0
DA:52,0
DA:54,0
DA:55,0
DA:57,0
DA:64,0
DA:65,0
DA:66,0
DA:67,0
DA:68,0
DA:69,0
DA:71,0
DA:72,0
DA:73,0
DA:74,0
DA:75,0
DA:77,0
DA:79,0
DA:82,0
DA:85,0
DA:89,0
DA:91,0
DA:92,0
DA:96,3
DA:97,0
DA:98,0
DA:99,0
DA:101,0
DA:102,0
DA:103,0
DA:105,0
DA:106,0
DA:107,0
DA:108,0
DA:109,0
DA:113,0
DA:114,0
DA:116,0
DA:117,0
LF:69
LH:8
BRDA:8,0,0,0
BRDA:8,0,1,0
BRDA:20,1,0,0
BRDA:20,1,1,0
BRDA:21,2,0,0
BRDA:21,2,1,0
BRDA:25,3,0,0
BRDA:25,3,1,0
BRDA:26,4,0,0
BRDA:26,4,1,0
BRDA:26,5,0,0
BRDA:26,5,1,0
BRDA:28,6,0,0
BRDA:28,6,1,0
BRDA:28,7,0,0
BRDA:28,7,1,0
BRDA:29,8,0,0
BRDA:29,8,1,0
BRDA:32,9,0,0
BRDA:32,9,1,0
BRDA:32,10,0,0
BRDA:32,10,1,0
BRDA:55,11,0,0
BRDA:55,11,1,0
BRDA:58,12,0,0
BRDA:58,12,1,0
BRDA:59,13,0,0
BRDA:59,13,1,0
BRDA:61,14,0,0
BRDA:61,14,1,0
BRDA:64,15,0,0
BRDA:64,15,1,0
BRDA:64,16,0,0
BRDA:64,16,1,0
BRDA:64,16,2,0
BRDA:66,17,0,0
BRDA:66,17,1,0
BRDA:67,18,0,0
BRDA:67,18,1,0
BRDA:68,19,0,0
BRDA:68,19,1,0
BRDA:72,20,0,0
BRDA:72,20,1,0
BRDA:74,21,0,0
BRDA:74,21,1,0
BRDA:99,22,0,0
BRDA:99,22,1,0
BRDA:101,23,0,0
BRDA:101,23,1,0
BRDA:103,24,0,0
BRDA:103,24,1,0
BRDA:105,25,0,0
BRDA:105,25,1,0
BRDA:107,26,0,0
BRDA:107,26,1,0
BRDA:109,27,0,0
BRDA:109,27,1,0
BRF:57
BRH:0
end_of_record
TN:
SF:controllers\userController.js
FN:3,(anonymous_0)
FN:9,(anonymous_1)
FN:37,(anonymous_2)
FN:47,(anonymous_3)
FN:60,(anonymous_4)
FN:70,(anonymous_5)
FN:83,(anonymous_6)
FN:97,(anonymous_7)
FN:109,(anonymous_8)
FN:128,(anonymous_9)
FNF:10
FNH:0
FNDA:0,(anonymous_0)
FNDA:0,(anonymous_1)
FNDA:0,(anonymous_2)
FNDA:0,(anonymous_3)
FNDA:0,(anonymous_4)
FNDA:0,(anonymous_5)
FNDA:0,(anonymous_6)
FNDA:0,(anonymous_7)
FNDA:0,(anonymous_8)
FNDA:0,(anonymous_9)
DA:1,3
DA:3,3
DA:4,0
DA:5,0
DA:9,3
DA:10,0
DA:11,0
DA:14,0
DA:23,0
DA:28,0
DA:30,0
DA:37,3
DA:38,0
DA:39,0
DA:40,0
DA:42,0
DA:47,3
DA:48,0
DA:49,0
DA:50,0
DA:51,0
DA:53,0
DA:55,0
DA:60,3
DA:61,0
DA:62,0
DA:63,0
DA:65,0
DA:70,3
DA:71,0
DA:72,0
DA:73,0
DA:74,0
DA:76,0
DA:78,0
DA:83,3
DA:84,0
DA:85,0
DA:86,0
DA:87,0
DA:89,0
DA:91,0
DA:97,3
DA:98,0
DA:99,0
DA:100,0
DA:105,0
DA:109,3
DA:110,0
DA:111,0
DA:113,0
DA:119,0
DA:124,0
DA:128,3
DA:129,0
DA:130,0
DA:131,0
DA:137,0
DA:142,0
LF:59
LH:11
BRDA:50,0,0,0
BRDA:50,0,1,0
BRDA:73,1,0,0
BRDA:73,1,1,0
BRDA:86,2,0,0
BRDA:86,2,1,0
BRF:6
BRH:0
end_of_record
TN:
SF:controllers\voucherController.js
FN:4,(anonymous_0)
FN:14,(anonymous_1)
FN:25,(anonymous_2)
FN:35,(anonymous_3)
FN:49,(anonymous_4)
FN:59,(anonymous_5)
FNF:6
FNH:0
FNDA:0,(anonymous_0)
FNDA:0,(anonymous_1)
FNDA:0,(anonymous_2)
FNDA:0,(anonymous_3)
FNDA:0,(anonymous_4)
FNDA:0,(anonymous_5)
DA:1,3
DA:4,3
DA:5,0
DA:6,0
DA:7,0
DA:9,0
DA:14,3
DA:15,0
DA:16,0
DA:17,0
DA:18,0
DA:20,0
DA:25,3
DA:26,0
DA:27,0
DA:28,0
DA:30,0
DA:35,3
DA:36,0
DA:37,0
DA:41,0
DA:42,0
DA:44,0
DA:49,3
DA:50,0
DA:51,0
DA:52,0
DA:53,0
DA:55,0
DA:59,3
DA:60,0
DA:61,0
DA:62,0
DA:68,0
DA:69,0
DA:75,0
DA:80,0
LF:37
LH:7
BRDA:17,0,0,0
BRDA:17,0,1,0
BRDA:41,1,0,0
BRDA:41,1,1,0
BRDA:52,2,0,0
BRDA:52,2,1,0
BRDA:68,3,0,0
BRDA:68,3,1,0
BRF:8
BRH:0
end_of_record
TN:
SF:middleware\authMiddleware.js
FN:5,(anonymous_0)
FN:34,(anonymous_1)
FN:35,(anonymous_2)
FNF:3
FNH:2
FNDA:3,(anonymous_0)
FNDA:45,(anonymous_1)
FNDA:0,(anonymous_2)
DA:1,3
DA:2,3
DA:3,3
DA:5,3
DA:6,3
DA:8,3
DA:9,3
DA:10,3
DA:13,3
DA:14,0
DA:20,3
DA:21,3
DA:23,3
DA:24,0
DA:30,3
DA:31,3
DA:34,3
DA:35,45
DA:36,0
DA:37,0
DA:38,0
DA:43,0
LF:22
LH:16
BRDA:8,0,0,3
BRDA:8,0,1,0
BRDA:8,1,0,3
BRDA:8,1,1,3
BRDA:13,2,0,0
BRDA:13,2,1,3
BRDA:23,3,0,0
BRDA:23,3,1,3
BRDA:36,4,0,0
BRDA:36,4,1,0
BRF:10
BRH:5
end_of_record
TN:
SF:middleware\uploadMiddleware.js
FN:4,(anonymous_0)
FN:5,(anonymous_1)
FN:6,(anonymous_2)
FN:12,(anonymous_3)
FNF:4
FNH:2
FNDA:15,(anonymous_0)
FNDA:0,(anonymous_1)
FNDA:0,(anonymous_2)
FNDA:15,(anonymous_3)
DA:1,3
DA:2,3
DA:4,15
DA:5,0
DA:7,0
DA:8,0
DA:12,15
DA:14,3
DA:20,3
DA:25,3
LF:10
LH:7
BRF:0
BRH:0
end_of_record
TN:
SF:models\bannerModel.js
FNF:0
FNH:0
DA:1,3
DA:3,3
DA:10,3
DA:11,3
LF:4
LH:4
BRF:0
BRH:0
end_of_record
TN:
SF:models\brandModel.js
FNF:0
FNH:0
DA:1,3
DA:3,3
DA:26,3
DA:27,3
LF:4
LH:4
BRF:0
BRH:0
end_of_record
TN:
SF:models\categoryModel.js
FNF:0
FNH:0
DA:1,3
DA:3,3
DA:30,3
DA:31,3
LF:4
LH:4
BRF:0
BRH:0
end_of_record
TN:
SF:models\collectionModel.js
FNF:0
FNH:0
DA:1,3
DA:3,3
DA:22,3
DA:23,3
LF:4
LH:4
BRF:0
BRH:0
end_of_record
TN:
SF:models\flashSaleModel.js
FNF:0
FNH:0
DA:1,3
DA:3,3
DA:19,3
DA:36,3
DA:37,3
LF:5
LH:5
BRF:0
BRH:0
end_of_record
TN:
SF:models\orderModel.js
FNF:0
FNH:0
DA:1,3
DA:3,3
DA:76,3
DA:77,3
LF:4
LH:4
BRF:0
BRH:0
end_of_record
TN:
SF:models\productModel.js
FNF:0
FNH:0
DA:1,4
DA:3,4
DA:71,4
DA:72,4
LF:4
LH:4
BRF:0
BRH:0
end_of_record
TN:
SF:models\reviewModel.js
FNF:0
FNH:0
DA:1,3
DA:3,3
DA:34,3
DA:36,3
DA:38,3
LF:5
LH:5
BRF:0
BRH:0
end_of_record
TN:
SF:models\sectionModel.js
FN:17,(anonymous_0)
FNF:1
FNH:0
FNDA:0,(anonymous_0)
DA:1,3
DA:3,3
DA:17,0
DA:33,3
DA:34,3
LF:5
LH:4
BRF:0
BRH:0
end_of_record
TN:
SF:models\userModel.js
FN:71,(anonymous_0)
FN:78,(anonymous_1)
FN:83,(anonymous_2)
FNF:3
FNH:3
FNDA:10,(anonymous_0)
FNDA:2,(anonymous_1)
FNDA:1,(anonymous_2)
DA:1,4
DA:2,4
DA:3,4
DA:4,4
DA:8,4
DA:71,4
DA:72,10
DA:73,9
DA:74,9
DA:78,4
DA:79,2
DA:83,4
DA:84,1
DA:85,1
DA:89,1
DA:90,1
DA:93,4
DA:94,4
LF:18
LH:18
BRDA:72,0,0,1
BRDA:72,0,1,9
BRF:2
BRH:2
end_of_record
TN:
SF:models\voucherModel.js
FNF:0
FNH:0
DA:1,3
DA:3,3
DA:38,3
DA:39,3
LF:4
LH:4
BRF:0
BRH:0
end_of_record
TN:
SF:routes\authRoutes.js
FNF:0
FNH:0
DA:1,3
DA:2,3
DA:4,3
DA:6,3
DA:7,3
DA:8,3
DA:9,3
LF:7
LH:7
BRF:0
BRH:0
end_of_record
TN:
SF:routes\bannerRoutes.js
FNF:0
FNH:0
DA:1,3
DA:2,3
DA:3,3
DA:4,3
DA:6,3
DA:10,3
DA:14,3
LF:7
LH:7
BRF:0
BRH:0
end_of_record
TN:
SF:routes\brandRoutes.js
FNF:0
FNH:0
DA:1,3
DA:2,3
DA:3,3
DA:5,3
DA:7,3
DA:9,3
DA:14,3
DA:19,3
LF:8
LH:8
BRF:0
BRH:0
end_of_record
TN:
SF:routes\categoryRoutes.js
FNF:0
FNH:0
DA:1,3
DA:2,3
DA:3,3
DA:5,3
DA:7,3
DA:9,3
DA:13,3
DA:17,3
LF:8
LH:8
BRF:0
BRH:0
end_of_record
TN:
SF:routes\collectionRoutes.js
FNF:0
FNH:0
DA:1,3
DA:2,3
DA:3,3
DA:6,3
DA:8,3
DA:12,3
DA:16,3
LF:7
LH:7
BRF:0
BRH:0
end_of_record
TN:
SF:routes\dashboardRoutes.js
FNF:0
FNH:0
DA:1,3
DA:2,3
DA:3,3
DA:6,3
DA:9,3
DA:11,3
LF:6
LH:6
BRF:0
BRH:0
end_of_record
TN:
SF:routes\flashSaleRoutes.js
FNF:0
FNH:0
DA:1,3
DA:2,3
DA:3,3
DA:5,3
DA:8,3
DA:10,3
DA:14,3
DA:19,3
LF:8
LH:8
BRF:0
BRH:0
end_of_record
TN:
SF:routes\orderRoutes.js
FNF:0
FNH:0
DA:1,3
DA:2,3
DA:3,3
DA:5,3
DA:8,3
DA:11,3
DA:14,3
DA:19,3
DA:23,3
DA:24,3
DA:27,3
DA:30,3
DA:34,3
LF:13
LH:13
BRF:0
BRH:0
end_of_record
TN:
SF:routes\productRoutes.js
FN:10,(anonymous_0)
FNF:1
FNH:0
FNDA:0,(anonymous_0)
DA:1,3
DA:2,3
DA:3,3
DA:4,3
DA:5,3
DA:6,3
DA:8,3
DA:10,3
DA:11,3
DA:13,3
DA:22,3
DA:24,3
DA:38,3
LF:13
LH:13
BRF:0
BRH:0
end_of_record
TN:
SF:routes\reviewRoutes.js
FNF:0
FNH:0
DA:1,3
DA:2,3
DA:3,3
DA:5,3
DA:7,3
DA:11,3
DA:14,3
LF:7
LH:7
BRF:0
BRH:0
end_of_record
TN:
SF:routes\sectionRoutes.js
FNF:0
FNH:0
DA:1,3
DA:2,3
DA:3,3
DA:4,3
DA:6,3
DA:10,3
DA:14,3
LF:7
LH:7
BRF:0
BRH:0
end_of_record
TN:
SF:routes\userRoutes.js
FN:11,(anonymous_0)
FN:12,(anonymous_1)
FN:13,(anonymous_2)
FNF:3
FNH:0
FNDA:0,(anonymous_0)
FNDA:0,(anonymous_1)
FNDA:0,(anonymous_2)
DA:1,3
DA:2,3
DA:3,3
DA:5,3
DA:8,3
DA:11,3
DA:12,3
DA:13,3
DA:15,3
DA:16,3
DA:19,3
DA:21,3
DA:25,3
DA:30,3
LF:14
LH:14
BRF:0
BRH:0
end_of_record
TN:
SF:routes\voucherRoutes.js
FNF:0
FNH:0
DA:1,3
DA:2,3
DA:4,3
DA:6,3
DA:10,3
DA:15,3
DA:17,3
LF:7
LH:7
BRF:0
BRH:0
end_of_record
TN:
SF:utils\appError.js
FN:2,(anonymous_0)
FNF:1
FNH:1
FNDA:3,(anonymous_0)
DA:3,3
DA:5,3
DA:6,3
DA:7,3
DA:9,3
DA:13,1
LF:6
LH:6
BRDA:6,0,0,2
BRDA:6,0,1,1
BRF:2
BRH:2
end_of_record
TN:
SF:utils\catchAsync.js
FN:1,(anonymous_0)
FN:2,(anonymous_1)
FNF:2
FNH:2
FNDA:101,(anonymous_0)
FNDA:15,(anonymous_1)
DA:1,4
DA:2,101
DA:3,15
LF:3
LH:3
BRF:0
BRH:0
end_of_record
TN:
SF:utils\email.js
FN:3,(anonymous_0)
FNF:1
FNH:1
FNDA:1,(anonymous_0)
DA:1,3
DA:3,3
DA:4,1
DA:13,1
DA:21,1
DA:24,3
LF:6
LH:6
BRDA:14,0,0,1
BRDA:14,0,1,1
BRF:2
BRH:2
end_of_record
TN:
SF:utils\emailTemplates.js
FN:1,(anonymous_0)
FN:2,(anonymous_1)
FNF:2
FNH:2
FNDA:1,(anonymous_0)
FNDA:1,(anonymous_1)
DA:1,3
DA:2,1
DA:14,1
DA:57,3
LF:4
LH:4
BRDA:17,0,0,1
BRDA:17,0,1,0
BRDA:26,1,0,1
BRDA:26,1,1,1
BRDA:28,2,0,0
BRDA:28,2,1,1
BRF:6
BRH:4
end_of_record
TN:
SF:utils\handlerFactory.js
FN:3,(anonymous_0)
FN:4,(anonymous_1)
FN:20,(anonymous_2)
FN:21,(anonymous_3)
FN:42,(anonymous_4)
FN:43,(anonymous_5)
FN:54,(anonymous_6)
FN:55,(anonymous_7)
FN:75,(anonymous_8)
FN:76,(anonymous_9)
FNF:10
FNH:2
FNDA:0,(anonymous_0)
FNDA:0,(anonymous_1)
FNDA:0,(anonymous_2)
FNDA:0,(anonymous_3)
FNDA:0,(anonymous_4)
FNDA:0,(anonymous_5)
FNDA:6,(anonymous_6)
FNDA:1,(anonymous_7)
FNDA:0,(anonymous_8)
FNDA:0,(anonymous_9)
DA:1,3
DA:3,3
DA:4,0
DA:5,0
DA:7,0
DA:8,0
DA:14,0
DA:20,3
DA:21,0
DA:22,0
DA:27,0
DA:28,0
DA:34,0
DA:42,3
DA:43,0
DA:44,0
DA:46,0
DA:54,3
DA:55,6
DA:56,1
DA:57,1
DA:58,1
DA:60,1
DA:61,1
DA:67,0
DA:75,3
DA:76,0
DA:77,0
DA:79,0
LF:29
LH:12
BRDA:7,0,0,0
BRDA:7,0,1,0
BRDA:27,1,0,0
BRDA:27,1,1,0
BRDA:57,2,0,1
BRDA:57,2,1,0
BRDA:60,3,0,1
BRDA:60,3,1,0
BRF:8
BRH:2
end_of_record
